{"C:\\Users\\Kareem Abdurrahman\\Documents\\Professional\\Lendsqr Backend Assessment\\src\\app.ts": {"path":"C:\\Users\\Kareem Abdurrahman\\Documents\\Professional\\Lendsqr Backend Assessment\\src\\app.ts","statementMap":{"0":{"start":{"line":2,"column":0},"end":{"line":2,"column":30}},"1":{"start":{"line":4,"column":0},"end":{"line":4,"column":24}},"2":{"start":{"line":5,"column":0},"end":{"line":5,"column":42}},"3":{"start":{"line":6,"column":0},"end":{"line":6,"column":34}},"4":{"start":{"line":7,"column":0},"end":{"line":7,"column":28}},"5":{"start":{"line":9,"column":0},"end":{"line":9,"column":16}},"6":{"start":{"line":10,"column":13},"end":{"line":10,"column":29}},"7":{"start":{"line":13,"column":13},"end":{"line":13,"column":29}},"8":{"start":{"line":16,"column":0},"end":{"line":20,"column":2}},"9":{"start":{"line":23,"column":0},"end":{"line":30,"column":3}},"10":{"start":{"line":24,"column":2},"end":{"line":24,"column":49}},"11":{"start":{"line":25,"column":2},"end":{"line":28,"column":4}},"12":{"start":{"line":29,"column":2},"end":{"line":29,"column":9}},"13":{"start":{"line":33,"column":0},"end":{"line":33,"column":27}},"14":{"start":{"line":38,"column":0},"end":{"line":38,"column":21}},"15":{"start":{"line":41,"column":0},"end":{"line":43,"column":3}},"16":{"start":{"line":42,"column":2},"end":{"line":42,"column":49}}},"fnMap":{"0":{"name":"(anonymous_7)","decl":{"start":{"line":23,"column":8},"end":{"line":23,"column":18}},"loc":{"start":{"line":23,"column":32},"end":{"line":30,"column":1}}},"1":{"name":"(anonymous_8)","decl":{"start":{"line":41,"column":17},"end":{"line":41,"column":20}},"loc":{"start":{"line":41,"column":22},"end":{"line":43,"column":1}}}},"branchMap":{},"s":{"0":1,"1":1,"2":1,"3":1,"4":1,"5":1,"6":1,"7":1,"8":1,"9":1,"10":1,"11":1,"12":1,"13":1,"14":1,"15":1,"16":0},"f":{"0":1,"1":0},"b":{}}
,"C:\\Users\\Kareem Abdurrahman\\Documents\\Professional\\Lendsqr Backend Assessment\\src\\controllers\\AccountController.ts": {"path":"C:\\Users\\Kareem Abdurrahman\\Documents\\Professional\\Lendsqr Backend Assessment\\src\\controllers\\AccountController.ts","statementMap":{"0":{"start":{"line":5,"column":0},"end":{"line":5,"column":56}},"1":{"start":{"line":6,"column":0},"end":{"line":6,"column":28}},"2":{"start":{"line":7,"column":0},"end":{"line":7,"column":36}},"3":{"start":{"line":8,"column":0},"end":{"line":8,"column":28}},"4":{"start":{"line":13,"column":0},"end":{"line":13,"column":16}},"5":{"start":{"line":14,"column":18},"end":{"line":14,"column":40}},"6":{"start":{"line":15,"column":20},"end":{"line":15,"column":40}},"7":{"start":{"line":25,"column":50},"end":{"line":25,"column":58}},"8":{"start":{"line":27,"column":6},"end":{"line":67,"column":null}},"9":{"start":{"line":30,"column":28},"end":{"line":30,"column":64}},"10":{"start":{"line":32,"column":10},"end":{"line":37,"column":null}},"11":{"start":{"line":33,"column":12},"end":{"line":36,"column":15}},"12":{"start":{"line":38,"column":33},"end":{"line":38,"column":63}},"13":{"start":{"line":40,"column":39},"end":{"line":45,"column":null}},"14":{"start":{"line":47,"column":29},"end":{"line":47,"column":69}},"15":{"start":{"line":49,"column":9},"end":{"line":60,"column":null}},"16":{"start":{"line":50,"column":11},"end":{"line":53,"column":14}},"17":{"start":{"line":56,"column":10},"end":{"line":59,"column":13}},"18":{"start":{"line":63,"column":8},"end":{"line":66,"column":11}},"19":{"start":{"line":73,"column":82},"end":{"line":73,"column":90}},"20":{"start":{"line":75,"column":4},"end":{"line":124,"column":null}},"21":{"start":{"line":85,"column":24},"end":{"line":85,"column":60}},"22":{"start":{"line":87,"column":6},"end":{"line":92,"column":null}},"23":{"start":{"line":88,"column":8},"end":{"line":91,"column":11}},"24":{"start":{"line":93,"column":34},"end":{"line":102,"column":null}},"25":{"start":{"line":104,"column":28},"end":{"line":104,"column":63}},"26":{"start":{"line":106,"column":6},"end":{"line":117,"column":null}},"27":{"start":{"line":107,"column":8},"end":{"line":110,"column":11}},"28":{"start":{"line":113,"column":8},"end":{"line":116,"column":11}},"29":{"start":{"line":120,"column":6},"end":{"line":123,"column":9}},"30":{"start":{"line":131,"column":73},"end":{"line":131,"column":81}},"31":{"start":{"line":133,"column":4},"end":{"line":180,"column":null}},"32":{"start":{"line":135,"column":33},"end":{"line":135,"column":70}},"33":{"start":{"line":137,"column":6},"end":{"line":142,"column":null}},"34":{"start":{"line":138,"column":8},"end":{"line":141,"column":11}},"35":{"start":{"line":144,"column":24},"end":{"line":144,"column":60}},"36":{"start":{"line":146,"column":6},"end":{"line":151,"column":null}},"37":{"start":{"line":147,"column":8},"end":{"line":150,"column":11}},"38":{"start":{"line":152,"column":40},"end":{"line":158,"column":null}},"39":{"start":{"line":160,"column":23},"end":{"line":160,"column":72}},"40":{"start":{"line":162,"column":6},"end":{"line":173,"column":null}},"41":{"start":{"line":163,"column":8},"end":{"line":166,"column":11}},"42":{"start":{"line":169,"column":8},"end":{"line":172,"column":11}},"43":{"start":{"line":176,"column":6},"end":{"line":179,"column":9}},"44":{"start":{"line":186,"column":47},"end":{"line":186,"column":55}},"45":{"start":{"line":188,"column":4},"end":{"line":244,"column":null}},"46":{"start":{"line":191,"column":24},"end":{"line":191,"column":60}},"47":{"start":{"line":193,"column":6},"end":{"line":198,"column":null}},"48":{"start":{"line":194,"column":8},"end":{"line":197,"column":11}},"49":{"start":{"line":200,"column":30},"end":{"line":200,"column":80}},"50":{"start":{"line":202,"column":6},"end":{"line":207,"column":null}},"51":{"start":{"line":203,"column":8},"end":{"line":206,"column":11}},"52":{"start":{"line":209,"column":33},"end":{"line":209,"column":70}},"53":{"start":{"line":211,"column":6},"end":{"line":216,"column":null}},"54":{"start":{"line":212,"column":8},"end":{"line":215,"column":11}},"55":{"start":{"line":218,"column":40},"end":{"line":222,"column":null}},"56":{"start":{"line":224,"column":28},"end":{"line":224,"column":68}},"57":{"start":{"line":226,"column":6},"end":{"line":237,"column":null}},"58":{"start":{"line":227,"column":8},"end":{"line":230,"column":11}},"59":{"start":{"line":233,"column":8},"end":{"line":236,"column":11}},"60":{"start":{"line":240,"column":6},"end":{"line":243,"column":9}},"61":{"start":{"line":250,"column":30},"end":{"line":250,"column":38}},"62":{"start":{"line":251,"column":5},"end":{"line":251,"column":27}},"63":{"start":{"line":252,"column":4},"end":{"line":257,"column":null}},"64":{"start":{"line":253,"column":6},"end":{"line":256,"column":9}},"65":{"start":{"line":260,"column":22},"end":{"line":260,"column":58}},"66":{"start":{"line":261,"column":6},"end":{"line":261,"column":29}},"67":{"start":{"line":262,"column":4},"end":{"line":267,"column":null}},"68":{"start":{"line":263,"column":6},"end":{"line":266,"column":9}},"69":{"start":{"line":269,"column":26},"end":{"line":269,"column":77}},"70":{"start":{"line":271,"column":5},"end":{"line":276,"column":null}},"71":{"start":{"line":272,"column":7},"end":{"line":275,"column":9}},"72":{"start":{"line":278,"column":19},"end":{"line":281,"column":null}},"73":{"start":{"line":285,"column":4},"end":{"line":288,"column":null}},"74":{"start":{"line":18,"column":0},"end":{"line":18,"column":21}}},"fnMap":{"0":{"name":"(anonymous_14)","decl":{"start":{"line":22,"column":8},"end":{"line":22,"column":21}},"loc":{"start":{"line":22,"column":48},"end":{"line":69,"column":null}}},"1":{"name":"(anonymous_16)","decl":{"start":{"line":72,"column":8},"end":{"line":72,"column":19}},"loc":{"start":{"line":72,"column":46},"end":{"line":126,"column":null}}},"2":{"name":"(anonymous_18)","decl":{"start":{"line":129,"column":8},"end":{"line":129,"column":16}},"loc":{"start":{"line":129,"column":42},"end":{"line":181,"column":null}}},"3":{"name":"(anonymous_20)","decl":{"start":{"line":184,"column":8},"end":{"line":184,"column":20}},"loc":{"start":{"line":184,"column":46},"end":{"line":245,"column":null}}},"4":{"name":"(anonymous_22)","decl":{"start":{"line":248,"column":8},"end":{"line":248,"column":13}},"loc":{"start":{"line":248,"column":38},"end":{"line":290,"column":4}}}},"branchMap":{"0":{"loc":{"start":{"line":27,"column":6},"end":{"line":67,"column":null}},"type":"if","locations":[{"start":{"line":27,"column":6},"end":{"line":67,"column":null}},{"start":{"line":62,"column":10},"end":{"line":67,"column":null}}]},"1":{"loc":{"start":{"line":27,"column":9},"end":{"line":27,"column":51}},"type":"binary-expr","locations":[{"start":{"line":27,"column":9},"end":{"line":27,"column":14}},{"start":{"line":27,"column":18},"end":{"line":27,"column":26}},{"start":{"line":27,"column":30},"end":{"line":27,"column":39}},{"start":{"line":27,"column":43},"end":{"line":27,"column":51}}]},"2":{"loc":{"start":{"line":32,"column":10},"end":{"line":37,"column":null}},"type":"if","locations":[{"start":{"line":32,"column":10},"end":{"line":37,"column":null}}]},"3":{"loc":{"start":{"line":32,"column":13},"end":{"line":32,"column":59}},"type":"binary-expr","locations":[{"start":{"line":32,"column":13},"end":{"line":32,"column":35}},{"start":{"line":32,"column":39},"end":{"line":32,"column":59}}]},"4":{"loc":{"start":{"line":49,"column":9},"end":{"line":60,"column":null}},"type":"if","locations":[{"start":{"line":49,"column":9},"end":{"line":60,"column":null}},{"start":{"line":55,"column":13},"end":{"line":60,"column":null}}]},"5":{"loc":{"start":{"line":75,"column":4},"end":{"line":124,"column":null}},"type":"if","locations":[{"start":{"line":75,"column":4},"end":{"line":124,"column":null}},{"start":{"line":119,"column":8},"end":{"line":124,"column":null}}]},"6":{"loc":{"start":{"line":75,"column":7},"end":{"line":75,"column":95}},"type":"binary-expr","locations":[{"start":{"line":75,"column":7},"end":{"line":75,"column":12}},{"start":{"line":75,"column":16},"end":{"line":75,"column":22}},{"start":{"line":75,"column":26},"end":{"line":75,"column":34}},{"start":{"line":75,"column":38},"end":{"line":75,"column":49}},{"start":{"line":75,"column":53},"end":{"line":75,"column":56}},{"start":{"line":75,"column":61},"end":{"line":75,"column":73}},{"start":{"line":75,"column":77},"end":{"line":75,"column":88}},{"start":{"line":75,"column":92},"end":{"line":75,"column":95}}]},"7":{"loc":{"start":{"line":87,"column":6},"end":{"line":92,"column":null}},"type":"if","locations":[{"start":{"line":87,"column":6},"end":{"line":92,"column":null}}]},"8":{"loc":{"start":{"line":87,"column":9},"end":{"line":87,"column":57}},"type":"binary-expr","locations":[{"start":{"line":87,"column":9},"end":{"line":87,"column":32}},{"start":{"line":87,"column":36},"end":{"line":87,"column":57}}]},"9":{"loc":{"start":{"line":106,"column":6},"end":{"line":117,"column":null}},"type":"if","locations":[{"start":{"line":106,"column":6},"end":{"line":117,"column":null}},{"start":{"line":112,"column":10},"end":{"line":117,"column":null}}]},"10":{"loc":{"start":{"line":133,"column":4},"end":{"line":180,"column":null}},"type":"if","locations":[{"start":{"line":133,"column":4},"end":{"line":180,"column":null}},{"start":{"line":175,"column":8},"end":{"line":180,"column":null}}]},"11":{"loc":{"start":{"line":133,"column":7},"end":{"line":133,"column":86}},"type":"binary-expr","locations":[{"start":{"line":133,"column":7},"end":{"line":133,"column":12}},{"start":{"line":133,"column":16},"end":{"line":133,"column":22}},{"start":{"line":133,"column":26},"end":{"line":133,"column":38}},{"start":{"line":133,"column":42},"end":{"line":133,"column":56}},{"start":{"line":133,"column":60},"end":{"line":133,"column":66}},{"start":{"line":133,"column":70},"end":{"line":133,"column":86}}]},"12":{"loc":{"start":{"line":137,"column":6},"end":{"line":142,"column":null}},"type":"if","locations":[{"start":{"line":137,"column":6},"end":{"line":142,"column":null}}]},"13":{"loc":{"start":{"line":137,"column":9},"end":{"line":137,"column":57}},"type":"binary-expr","locations":[{"start":{"line":137,"column":9},"end":{"line":137,"column":33}},{"start":{"line":137,"column":37},"end":{"line":137,"column":57}}]},"14":{"loc":{"start":{"line":146,"column":6},"end":{"line":151,"column":null}},"type":"if","locations":[{"start":{"line":146,"column":6},"end":{"line":151,"column":null}}]},"15":{"loc":{"start":{"line":146,"column":9},"end":{"line":146,"column":57}},"type":"binary-expr","locations":[{"start":{"line":146,"column":9},"end":{"line":146,"column":32}},{"start":{"line":146,"column":36},"end":{"line":146,"column":57}}]},"16":{"loc":{"start":{"line":162,"column":6},"end":{"line":173,"column":null}},"type":"if","locations":[{"start":{"line":162,"column":6},"end":{"line":173,"column":null}},{"start":{"line":168,"column":10},"end":{"line":173,"column":null}}]},"17":{"loc":{"start":{"line":188,"column":4},"end":{"line":244,"column":null}},"type":"if","locations":[{"start":{"line":188,"column":4},"end":{"line":244,"column":null}},{"start":{"line":239,"column":8},"end":{"line":244,"column":null}}]},"18":{"loc":{"start":{"line":188,"column":7},"end":{"line":188,"column":44}},"type":"binary-expr","locations":[{"start":{"line":188,"column":7},"end":{"line":188,"column":12}},{"start":{"line":188,"column":16},"end":{"line":188,"column":22}},{"start":{"line":188,"column":26},"end":{"line":188,"column":44}}]},"19":{"loc":{"start":{"line":193,"column":6},"end":{"line":198,"column":null}},"type":"if","locations":[{"start":{"line":193,"column":6},"end":{"line":198,"column":null}}]},"20":{"loc":{"start":{"line":193,"column":9},"end":{"line":193,"column":57}},"type":"binary-expr","locations":[{"start":{"line":193,"column":9},"end":{"line":193,"column":32}},{"start":{"line":193,"column":36},"end":{"line":193,"column":57}}]},"21":{"loc":{"start":{"line":202,"column":6},"end":{"line":207,"column":null}},"type":"if","locations":[{"start":{"line":202,"column":6},"end":{"line":207,"column":null}}]},"22":{"loc":{"start":{"line":211,"column":6},"end":{"line":216,"column":null}},"type":"if","locations":[{"start":{"line":211,"column":6},"end":{"line":216,"column":null}}]},"23":{"loc":{"start":{"line":211,"column":9},"end":{"line":211,"column":57}},"type":"binary-expr","locations":[{"start":{"line":211,"column":9},"end":{"line":211,"column":33}},{"start":{"line":211,"column":37},"end":{"line":211,"column":57}}]},"24":{"loc":{"start":{"line":226,"column":6},"end":{"line":237,"column":null}},"type":"if","locations":[{"start":{"line":226,"column":6},"end":{"line":237,"column":null}},{"start":{"line":232,"column":10},"end":{"line":237,"column":null}}]},"25":{"loc":{"start":{"line":252,"column":4},"end":{"line":257,"column":null}},"type":"if","locations":[{"start":{"line":252,"column":4},"end":{"line":257,"column":null}}]},"26":{"loc":{"start":{"line":252,"column":10},"end":{"line":252,"column":27}},"type":"binary-expr","locations":[{"start":{"line":252,"column":10},"end":{"line":252,"column":15}},{"start":{"line":252,"column":19},"end":{"line":252,"column":27}}]},"27":{"loc":{"start":{"line":262,"column":4},"end":{"line":267,"column":null}},"type":"if","locations":[{"start":{"line":262,"column":4},"end":{"line":267,"column":null}}]},"28":{"loc":{"start":{"line":262,"column":7},"end":{"line":262,"column":55}},"type":"binary-expr","locations":[{"start":{"line":262,"column":7},"end":{"line":262,"column":30}},{"start":{"line":262,"column":34},"end":{"line":262,"column":55}}]},"29":{"loc":{"start":{"line":271,"column":5},"end":{"line":276,"column":null}},"type":"if","locations":[{"start":{"line":271,"column":5},"end":{"line":276,"column":null}}]}},"s":{"0":1,"1":1,"2":1,"3":1,"4":1,"5":1,"6":1,"7":0,"8":0,"9":0,"10":0,"11":0,"12":0,"13":0,"14":0,"15":0,"16":0,"17":0,"18":0,"19":0,"20":0,"21":0,"22":0,"23":0,"24":0,"25":0,"26":0,"27":0,"28":0,"29":0,"30":0,"31":0,"32":0,"33":0,"34":0,"35":0,"36":0,"37":0,"38":0,"39":0,"40":0,"41":0,"42":0,"43":0,"44":0,"45":0,"46":0,"47":0,"48":0,"49":0,"50":0,"51":0,"52":0,"53":0,"54":0,"55":0,"56":0,"57":0,"58":0,"59":0,"60":0,"61":0,"62":0,"63":0,"64":0,"65":0,"66":0,"67":0,"68":0,"69":0,"70":0,"71":0,"72":0,"73":0,"74":1},"f":{"0":0,"1":0,"2":0,"3":0,"4":0},"b":{"0":[0,0],"1":[0,0,0,0],"2":[0],"3":[0,0],"4":[0,0],"5":[0,0],"6":[0,0,0,0,0,0,0,0],"7":[0],"8":[0,0],"9":[0,0],"10":[0,0],"11":[0,0,0,0,0,0],"12":[0],"13":[0,0],"14":[0],"15":[0,0],"16":[0,0],"17":[0,0],"18":[0,0,0],"19":[0],"20":[0,0],"21":[0],"22":[0],"23":[0,0],"24":[0,0],"25":[0],"26":[0,0],"27":[0],"28":[0,0],"29":[0]}}
,"C:\\Users\\Kareem Abdurrahman\\Documents\\Professional\\Lendsqr Backend Assessment\\src\\database\\db.ts": {"path":"C:\\Users\\Kareem Abdurrahman\\Documents\\Professional\\Lendsqr Backend Assessment\\src\\database\\db.ts","statementMap":{"0":{"start":{"line":1,"column":0},"end":{"line":1,"column":28}},"1":{"start":{"line":2,"column":0},"end":{"line":2,"column":28}},"2":{"start":{"line":4,"column":0},"end":{"line":4,"column":16}},"3":{"start":{"line":6,"column":13},"end":{"line":16,"column":3}}},"fnMap":{},"branchMap":{},"s":{"0":1,"1":1,"2":1,"3":1},"f":{},"b":{}}
,"C:\\Users\\Kareem Abdurrahman\\Documents\\Professional\\Lendsqr Backend Assessment\\src\\middlewares\\Auth.ts": {"path":"C:\\Users\\Kareem Abdurrahman\\Documents\\Professional\\Lendsqr Backend Assessment\\src\\middlewares\\Auth.ts","statementMap":{"0":{"start":{"line":2,"column":0},"end":{"line":2,"column":36}},"1":{"start":{"line":3,"column":0},"end":{"line":3,"column":28}},"2":{"start":{"line":4,"column":0},"end":{"line":4,"column":16}},"3":{"start":{"line":6,"column":18},"end":{"line":6,"column":40}},"4":{"start":{"line":9,"column":20},"end":{"line":38,"column":1}},"5":{"start":{"line":11,"column":24},"end":{"line":11,"column":44}},"6":{"start":{"line":16,"column":2},"end":{"line":26,"column":null}},"7":{"start":{"line":17,"column":4},"end":{"line":17,"column":51}},"8":{"start":{"line":18,"column":4},"end":{"line":18,"column":39}},"9":{"start":{"line":21,"column":4},"end":{"line":24,"column":7}},"10":{"start":{"line":25,"column":4},"end":{"line":25,"column":11}},"11":{"start":{"line":30,"column":28},"end":{"line":30,"column":38}},"12":{"start":{"line":31,"column":19},"end":{"line":33,"column":4}},"13":{"start":{"line":34,"column":2},"end":{"line":34,"column":35}},"14":{"start":{"line":37,"column":2},"end":{"line":37,"column":9}},"15":{"start":{"line":9,"column":13},"end":{"line":9,"column":20}}},"fnMap":{"0":{"name":"(anonymous_7)","decl":{"start":{"line":9,"column":20},"end":{"line":9,"column":21}},"loc":{"start":{"line":9,"column":72},"end":{"line":38,"column":1}}}},"branchMap":{},"s":{"0":1,"1":1,"2":1,"3":1,"4":1,"5":0,"6":0,"7":0,"8":0,"9":0,"10":0,"11":0,"12":0,"13":0,"14":0,"15":1},"f":{"0":0},"b":{}}
,"C:\\Users\\Kareem Abdurrahman\\Documents\\Professional\\Lendsqr Backend Assessment\\src\\repositories\\TransactionRepository.ts": {"path":"C:\\Users\\Kareem Abdurrahman\\Documents\\Professional\\Lendsqr Backend Assessment\\src\\repositories\\TransactionRepository.ts","statementMap":{"0":{"start":{"line":2,"column":0},"end":{"line":2,"column":33}},"1":{"start":{"line":3,"column":0},"end":{"line":3,"column":36}},"2":{"start":{"line":8,"column":0},"end":{"line":28,"column":null}},"3":{"start":{"line":13,"column":6},"end":{"line":19,"column":23}},"4":{"start":{"line":24,"column":6},"end":{"line":24,"column":85}},"5":{"start":{"line":8,"column":6},"end":{"line":28,"column":null}},"6":{"start":{"line":30,"column":0},"end":{"line":30,"column":37}}},"fnMap":{"0":{"name":"(anonymous_8)","decl":{"start":{"line":11,"column":10},"end":{"line":11,"column":27}},"loc":{"start":{"line":11,"column":61},"end":{"line":20,"column":null}}},"1":{"name":"(anonymous_10)","decl":{"start":{"line":22,"column":10},"end":{"line":22,"column":30}},"loc":{"start":{"line":22,"column":52},"end":{"line":25,"column":null}}}},"branchMap":{},"s":{"0":1,"1":1,"2":1,"3":0,"4":0,"5":1,"6":1},"f":{"0":0,"1":0},"b":{}}
,"C:\\Users\\Kareem Abdurrahman\\Documents\\Professional\\Lendsqr Backend Assessment\\src\\repositories\\UserRepository.ts": {"path":"C:\\Users\\Kareem Abdurrahman\\Documents\\Professional\\Lendsqr Backend Assessment\\src\\repositories\\UserRepository.ts","statementMap":{"0":{"start":{"line":2,"column":0},"end":{"line":2,"column":33}},"1":{"start":{"line":4,"column":0},"end":{"line":4,"column":36}},"2":{"start":{"line":9,"column":0},"end":{"line":35,"column":null}},"3":{"start":{"line":12,"column":5},"end":{"line":12,"column":38}},"4":{"start":{"line":17,"column":4},"end":{"line":22,"column":19}},"5":{"start":{"line":27,"column":4},"end":{"line":27,"column":58}},"6":{"start":{"line":32,"column":4},"end":{"line":32,"column":52}},"7":{"start":{"line":9,"column":6},"end":{"line":35,"column":null}},"8":{"start":{"line":37,"column":0},"end":{"line":37,"column":30}}},"fnMap":{"0":{"name":"(anonymous_8)","decl":{"start":{"line":11,"column":8},"end":{"line":11,"column":19}},"loc":{"start":{"line":11,"column":19},"end":{"line":13,"column":null}}},"1":{"name":"(anonymous_10)","decl":{"start":{"line":15,"column":8},"end":{"line":15,"column":20}},"loc":{"start":{"line":15,"column":39},"end":{"line":24,"column":null}}},"2":{"name":"(anonymous_12)","decl":{"start":{"line":26,"column":8},"end":{"line":26,"column":23}},"loc":{"start":{"line":26,"column":29},"end":{"line":28,"column":null}}},"3":{"name":"(anonymous_14)","decl":{"start":{"line":31,"column":8},"end":{"line":31,"column":16}},"loc":{"start":{"line":31,"column":26},"end":{"line":33,"column":null}}}},"branchMap":{},"s":{"0":1,"1":1,"2":1,"3":0,"4":0,"5":0,"6":0,"7":1,"8":1},"f":{"0":0,"1":0,"2":0,"3":0},"b":{}}
,"C:\\Users\\Kareem Abdurrahman\\Documents\\Professional\\Lendsqr Backend Assessment\\src\\repositories\\WalletRepository.ts": {"path":"C:\\Users\\Kareem Abdurrahman\\Documents\\Professional\\Lendsqr Backend Assessment\\src\\repositories\\WalletRepository.ts","statementMap":{"0":{"start":{"line":2,"column":0},"end":{"line":2,"column":33}},"1":{"start":{"line":4,"column":0},"end":{"line":4,"column":36}},"2":{"start":{"line":8,"column":0},"end":{"line":31,"column":null}},"3":{"start":{"line":12,"column":6},"end":{"line":16,"column":27}},"4":{"start":{"line":20,"column":4},"end":{"line":20,"column":66}},"5":{"start":{"line":24,"column":4},"end":{"line":24,"column":62}},"6":{"start":{"line":28,"column":4},"end":{"line":28,"column":73}},"7":{"start":{"line":8,"column":6},"end":{"line":31,"column":null}},"8":{"start":{"line":33,"column":0},"end":{"line":33,"column":32}}},"fnMap":{"0":{"name":"(anonymous_8)","decl":{"start":{"line":11,"column":8},"end":{"line":11,"column":20}},"loc":{"start":{"line":11,"column":34},"end":{"line":17,"column":null}}},"1":{"name":"(anonymous_10)","decl":{"start":{"line":19,"column":8},"end":{"line":19,"column":18}},"loc":{"start":{"line":19,"column":34},"end":{"line":21,"column":null}}},"2":{"name":"(anonymous_12)","decl":{"start":{"line":23,"column":8},"end":{"line":23,"column":26}},"loc":{"start":{"line":23,"column":40},"end":{"line":25,"column":null}}},"3":{"name":"(anonymous_14)","decl":{"start":{"line":27,"column":8},"end":{"line":27,"column":21}},"loc":{"start":{"line":27,"column":51},"end":{"line":29,"column":null}}}},"branchMap":{},"s":{"0":1,"1":1,"2":1,"3":0,"4":0,"5":0,"6":0,"7":1,"8":1},"f":{"0":0,"1":0,"2":0,"3":0},"b":{}}
,"C:\\Users\\Kareem Abdurrahman\\Documents\\Professional\\Lendsqr Backend Assessment\\src\\routes\\AccountRouter.ts": {"path":"C:\\Users\\Kareem Abdurrahman\\Documents\\Professional\\Lendsqr Backend Assessment\\src\\routes\\AccountRouter.ts","statementMap":{"0":{"start":{"line":2,"column":0},"end":{"line":2,"column":53}},"1":{"start":{"line":4,"column":0},"end":{"line":4,"column":65}},"2":{"start":{"line":5,"column":0},"end":{"line":5,"column":42}},"3":{"start":{"line":6,"column":23},"end":{"line":6,"column":46}},"4":{"start":{"line":10,"column":13},"end":{"line":10,"column":45}},"5":{"start":{"line":13,"column":0},"end":{"line":13,"column":104}},"6":{"start":{"line":13,"column":71},"end":{"line":13,"column":103}},"7":{"start":{"line":13,"column":72},"end":{"line":13,"column":103}},"8":{"start":{"line":14,"column":0},"end":{"line":14,"column":113}},"9":{"start":{"line":14,"column":72},"end":{"line":14,"column":112}},"10":{"start":{"line":14,"column":73},"end":{"line":14,"column":112}},"11":{"start":{"line":15,"column":0},"end":{"line":15,"column":114}},"12":{"start":{"line":15,"column":75},"end":{"line":15,"column":113}},"13":{"start":{"line":15,"column":76},"end":{"line":15,"column":113}},"14":{"start":{"line":16,"column":0},"end":{"line":16,"column":115}},"15":{"start":{"line":16,"column":79},"end":{"line":16,"column":114}},"16":{"start":{"line":16,"column":80},"end":{"line":16,"column":114}},"17":{"start":{"line":17,"column":0},"end":{"line":17,"column":119}},"18":{"start":{"line":17,"column":79},"end":{"line":17,"column":118}},"19":{"start":{"line":17,"column":80},"end":{"line":17,"column":118}}},"fnMap":{"0":{"name":"(anonymous_8)","decl":{"start":{"line":13,"column":36},"end":{"line":13,"column":42}},"loc":{"start":{"line":13,"column":71},"end":{"line":13,"column":103}}},"1":{"name":"(anonymous_9)","decl":{"start":{"line":13,"column":71},"end":{"line":13,"column":72}},"loc":{"start":{"line":13,"column":71},"end":{"line":13,"column":103}}},"2":{"name":"(anonymous_10)","decl":{"start":{"line":14,"column":37},"end":{"line":14,"column":43}},"loc":{"start":{"line":14,"column":72},"end":{"line":14,"column":112}}},"3":{"name":"(anonymous_11)","decl":{"start":{"line":14,"column":72},"end":{"line":14,"column":73}},"loc":{"start":{"line":14,"column":72},"end":{"line":14,"column":112}}},"4":{"name":"(anonymous_12)","decl":{"start":{"line":15,"column":40},"end":{"line":15,"column":46}},"loc":{"start":{"line":15,"column":75},"end":{"line":15,"column":113}}},"5":{"name":"(anonymous_13)","decl":{"start":{"line":15,"column":75},"end":{"line":15,"column":76}},"loc":{"start":{"line":15,"column":75},"end":{"line":15,"column":113}}},"6":{"name":"(anonymous_14)","decl":{"start":{"line":16,"column":44},"end":{"line":16,"column":50}},"loc":{"start":{"line":16,"column":79},"end":{"line":16,"column":114}}},"7":{"name":"(anonymous_15)","decl":{"start":{"line":16,"column":79},"end":{"line":16,"column":80}},"loc":{"start":{"line":16,"column":79},"end":{"line":16,"column":114}}},"8":{"name":"(anonymous_16)","decl":{"start":{"line":17,"column":44},"end":{"line":17,"column":50}},"loc":{"start":{"line":17,"column":79},"end":{"line":17,"column":118}}},"9":{"name":"(anonymous_17)","decl":{"start":{"line":17,"column":79},"end":{"line":17,"column":80}},"loc":{"start":{"line":17,"column":79},"end":{"line":17,"column":118}}}},"branchMap":{},"s":{"0":1,"1":1,"2":1,"3":1,"4":1,"5":1,"6":0,"7":0,"8":1,"9":0,"10":0,"11":1,"12":0,"13":0,"14":1,"15":0,"16":0,"17":1,"18":0,"19":0},"f":{"0":0,"1":0,"2":0,"3":0,"4":0,"5":0,"6":0,"7":0,"8":0,"9":0},"b":{}}
,"C:\\Users\\Kareem Abdurrahman\\Documents\\Professional\\Lendsqr Backend Assessment\\src\\routes\\DefaultRouter.ts": {"path":"C:\\Users\\Kareem Abdurrahman\\Documents\\Professional\\Lendsqr Backend Assessment\\src\\routes\\DefaultRouter.ts","statementMap":{"0":{"start":{"line":1,"column":0},"end":{"line":1,"column":33}},"1":{"start":{"line":3,"column":13},"end":{"line":3,"column":37}},"2":{"start":{"line":5,"column":0},"end":{"line":10,"column":3}},"3":{"start":{"line":6,"column":2},"end":{"line":9,"column":5}}},"fnMap":{"0":{"name":"(anonymous_0)","decl":{"start":{"line":5,"column":22},"end":{"line":5,"column":23}},"loc":{"start":{"line":5,"column":35},"end":{"line":10,"column":1}}}},"branchMap":{},"s":{"0":1,"1":1,"2":1,"3":1},"f":{"0":1},"b":{}}
,"C:\\Users\\Kareem Abdurrahman\\Documents\\Professional\\Lendsqr Backend Assessment\\src\\routes\\index.ts": {"path":"C:\\Users\\Kareem Abdurrahman\\Documents\\Professional\\Lendsqr Backend Assessment\\src\\routes\\index.ts","statementMap":{"0":{"start":{"line":1,"column":0},"end":{"line":1,"column":30}},"1":{"start":{"line":2,"column":0},"end":{"line":2,"column":47}},"2":{"start":{"line":3,"column":0},"end":{"line":3,"column":47}},"3":{"start":{"line":5,"column":13},"end":{"line":5,"column":39}},"4":{"start":{"line":7,"column":0},"end":{"line":7,"column":25}},"5":{"start":{"line":8,"column":0},"end":{"line":8,"column":25}}},"fnMap":{},"branchMap":{},"s":{"0":1,"1":1,"2":1,"3":1,"4":1,"5":1},"f":{},"b":{}}
,"C:\\Users\\Kareem Abdurrahman\\Documents\\Professional\\Lendsqr Backend Assessment\\src\\services\\AccountService.ts": {"path":"C:\\Users\\Kareem Abdurrahman\\Documents\\Professional\\Lendsqr Backend Assessment\\src\\services\\AccountService.ts","statementMap":{"0":{"start":{"line":3,"column":0},"end":{"line":3,"column":60}},"1":{"start":{"line":5,"column":38},"end":{"line":5,"column":58}},"2":{"start":{"line":6,"column":0},"end":{"line":6,"column":64}},"3":{"start":{"line":7,"column":42},"end":{"line":7,"column":64}},"4":{"start":{"line":9,"column":0},"end":{"line":9,"column":34}},"5":{"start":{"line":11,"column":0},"end":{"line":11,"column":64}},"6":{"start":{"line":14,"column":28},"end":{"line":14,"column":52}},"7":{"start":{"line":26,"column":24},"end":{"line":26,"column":63}},"8":{"start":{"line":28,"column":5},"end":{"line":45,"column":null}},"9":{"start":{"line":30,"column":24},"end":{"line":30,"column":32}},"10":{"start":{"line":32,"column":32},"end":{"line":36,"column":null}},"11":{"start":{"line":39,"column":28},"end":{"line":39,"column":74}},"12":{"start":{"line":41,"column":6},"end":{"line":43,"column":null}},"13":{"start":{"line":42,"column":11},"end":{"line":42,"column":23}},"14":{"start":{"line":47,"column":4},"end":{"line":47,"column":17}},"15":{"start":{"line":55,"column":22},"end":{"line":55,"column":65}},"16":{"start":{"line":56,"column":4},"end":{"line":56,"column":null}},"17":{"start":{"line":62,"column":17},"end":{"line":62,"column":74}},"18":{"start":{"line":63,"column":19},"end":{"line":63,"column":72}},"19":{"start":{"line":65,"column":20},"end":{"line":65,"column":70}},"20":{"start":{"line":66,"column":5},"end":{"line":70,"column":null}},"21":{"start":{"line":67,"column":23},"end":{"line":67,"column":79}},"22":{"start":{"line":68,"column":7},"end":{"line":68,"column":67}},"23":{"start":{"line":69,"column":7},"end":{"line":69,"column":25}},"24":{"start":{"line":71,"column":4},"end":{"line":71,"column":16}},"25":{"start":{"line":77,"column":17},"end":{"line":77,"column":60}},"26":{"start":{"line":79,"column":4},"end":{"line":84,"column":null}},"27":{"start":{"line":80,"column":26},"end":{"line":80,"column":79}},"28":{"start":{"line":81,"column":7},"end":{"line":83,"column":null}},"29":{"start":{"line":82,"column":9},"end":{"line":82,"column":38}},"30":{"start":{"line":90,"column":17},"end":{"line":90,"column":65}},"31":{"start":{"line":91,"column":19},"end":{"line":91,"column":72}},"32":{"start":{"line":92,"column":20},"end":{"line":92,"column":65}},"33":{"start":{"line":94,"column":5},"end":{"line":98,"column":null}},"34":{"start":{"line":95,"column":23},"end":{"line":95,"column":70}},"35":{"start":{"line":96,"column":7},"end":{"line":96,"column":67}},"36":{"start":{"line":97,"column":7},"end":{"line":97,"column":25}},"37":{"start":{"line":99,"column":6},"end":{"line":99,"column":18}},"38":{"start":{"line":104,"column":17},"end":{"line":104,"column":69}},"39":{"start":{"line":105,"column":25},"end":{"line":105,"column":78}},"40":{"start":{"line":106,"column":28},"end":{"line":106,"column":89}},"41":{"start":{"line":110,"column":29},"end":{"line":110,"column":86}},"42":{"start":{"line":111,"column":31},"end":{"line":111,"column":91}},"43":{"start":{"line":112,"column":34},"end":{"line":112,"column":99}},"44":{"start":{"line":113,"column":37},"end":{"line":113,"column":119}},"45":{"start":{"line":115,"column":6},"end":{"line":119,"column":null}},"46":{"start":{"line":116,"column":8},"end":{"line":118,"column":null}},"47":{"start":{"line":121,"column":6},"end":{"line":121,"column":18}},"48":{"start":{"line":127,"column":19},"end":{"line":127,"column":62}},"49":{"start":{"line":129,"column":4},"end":{"line":136,"column":null}},"50":{"start":{"line":131,"column":18},"end":{"line":131,"column":65}},"51":{"start":{"line":132,"column":6},"end":{"line":135,"column":null}},"52":{"start":{"line":138,"column":4},"end":{"line":138,"column":16}},"53":{"start":{"line":20,"column":0},"end":{"line":20,"column":22}}},"fnMap":{"0":{"name":"(anonymous_8)","decl":{"start":{"line":24,"column":8},"end":{"line":24,"column":21}},"loc":{"start":{"line":24,"column":40},"end":{"line":49,"column":null}}},"1":{"name":"(anonymous_10)","decl":{"start":{"line":53,"column":8},"end":{"line":53,"column":19}},"loc":{"start":{"line":53,"column":32},"end":{"line":58,"column":null}}},"2":{"name":"(anonymous_12)","decl":{"start":{"line":61,"column":8},"end":{"line":61,"column":19}},"loc":{"start":{"line":61,"column":47},"end":{"line":72,"column":null}}},"3":{"name":"(anonymous_14)","decl":{"start":{"line":75,"column":8},"end":{"line":75,"column":20}},"loc":{"start":{"line":75,"column":33},"end":{"line":85,"column":null}}},"4":{"name":"(anonymous_16)","decl":{"start":{"line":88,"column":8},"end":{"line":88,"column":27}},"loc":{"start":{"line":88,"column":46},"end":{"line":100,"column":null}}},"5":{"name":"(anonymous_18)","decl":{"start":{"line":103,"column":8},"end":{"line":103,"column":20}},"loc":{"start":{"line":103,"column":45},"end":{"line":122,"column":null}}},"6":{"name":"(anonymous_20)","decl":{"start":{"line":126,"column":8},"end":{"line":126,"column":20}},"loc":{"start":{"line":126,"column":36},"end":{"line":140,"column":null}}}},"branchMap":{"0":{"loc":{"start":{"line":28,"column":5},"end":{"line":45,"column":null}},"type":"if","locations":[{"start":{"line":28,"column":5},"end":{"line":45,"column":null}}]},"1":{"loc":{"start":{"line":28,"column":8},"end":{"line":28,"column":58}},"type":"binary-expr","locations":[{"start":{"line":28,"column":8},"end":{"line":28,"column":32}},{"start":{"line":28,"column":36},"end":{"line":28,"column":58}}]},"2":{"loc":{"start":{"line":41,"column":6},"end":{"line":43,"column":null}},"type":"if","locations":[{"start":{"line":41,"column":6},"end":{"line":43,"column":null}}]},"3":{"loc":{"start":{"line":41,"column":9},"end":{"line":41,"column":63}},"type":"binary-expr","locations":[{"start":{"line":41,"column":9},"end":{"line":41,"column":35}},{"start":{"line":41,"column":39},"end":{"line":41,"column":63}}]},"4":{"loc":{"start":{"line":66,"column":5},"end":{"line":70,"column":null}},"type":"if","locations":[{"start":{"line":66,"column":5},"end":{"line":70,"column":null}}]},"5":{"loc":{"start":{"line":79,"column":4},"end":{"line":84,"column":null}},"type":"if","locations":[{"start":{"line":79,"column":4},"end":{"line":84,"column":null}}]},"6":{"loc":{"start":{"line":79,"column":7},"end":{"line":79,"column":43}},"type":"binary-expr","locations":[{"start":{"line":79,"column":7},"end":{"line":79,"column":24}},{"start":{"line":79,"column":28},"end":{"line":79,"column":43}}]},"7":{"loc":{"start":{"line":81,"column":7},"end":{"line":83,"column":null}},"type":"if","locations":[{"start":{"line":81,"column":7},"end":{"line":83,"column":null}}]},"8":{"loc":{"start":{"line":81,"column":10},"end":{"line":81,"column":58}},"type":"binary-expr","locations":[{"start":{"line":81,"column":10},"end":{"line":81,"column":33}},{"start":{"line":81,"column":37},"end":{"line":81,"column":58}}]},"9":{"loc":{"start":{"line":94,"column":5},"end":{"line":98,"column":null}},"type":"if","locations":[{"start":{"line":94,"column":5},"end":{"line":98,"column":null}}]},"10":{"loc":{"start":{"line":115,"column":6},"end":{"line":119,"column":null}},"type":"if","locations":[{"start":{"line":115,"column":6},"end":{"line":119,"column":null}}]},"11":{"loc":{"start":{"line":115,"column":9},"end":{"line":115,"column":82}},"type":"binary-expr","locations":[{"start":{"line":115,"column":9},"end":{"line":115,"column":42}},{"start":{"line":115,"column":46},"end":{"line":115,"column":82}}]},"12":{"loc":{"start":{"line":129,"column":4},"end":{"line":136,"column":null}},"type":"if","locations":[{"start":{"line":129,"column":4},"end":{"line":136,"column":null}}]},"13":{"loc":{"start":{"line":129,"column":7},"end":{"line":129,"column":47}},"type":"binary-expr","locations":[{"start":{"line":129,"column":7},"end":{"line":129,"column":26}},{"start":{"line":129,"column":30},"end":{"line":129,"column":47}}]}},"s":{"0":1,"1":1,"2":1,"3":1,"4":1,"5":1,"6":1,"7":0,"8":0,"9":0,"10":0,"11":0,"12":0,"13":0,"14":0,"15":0,"16":0,"17":0,"18":0,"19":0,"20":0,"21":0,"22":0,"23":0,"24":0,"25":0,"26":0,"27":0,"28":0,"29":0,"30":0,"31":0,"32":0,"33":0,"34":0,"35":0,"36":0,"37":0,"38":0,"39":0,"40":0,"41":0,"42":0,"43":0,"44":0,"45":0,"46":0,"47":0,"48":0,"49":0,"50":0,"51":0,"52":0,"53":1},"f":{"0":0,"1":0,"2":0,"3":0,"4":0,"5":0,"6":0},"b":{"0":[0],"1":[0,0],"2":[0],"3":[0,0],"4":[0],"5":[0],"6":[0,0],"7":[0],"8":[0,0],"9":[0],"10":[0],"11":[0,0],"12":[0],"13":[0,0]}}
,"C:\\Users\\Kareem Abdurrahman\\Documents\\Professional\\Lendsqr Backend Assessment\\src\\services\\TransactionService.ts": {"path":"C:\\Users\\Kareem Abdurrahman\\Documents\\Professional\\Lendsqr Backend Assessment\\src\\services\\TransactionService.ts","statementMap":{"0":{"start":{"line":2,"column":0},"end":{"line":2,"column":33}},"1":{"start":{"line":3,"column":0},"end":{"line":3,"column":60}},"2":{"start":{"line":4,"column":38},"end":{"line":4,"column":58}},"3":{"start":{"line":5,"column":0},"end":{"line":5,"column":74}},"4":{"start":{"line":6,"column":49},"end":{"line":6,"column":76}},"5":{"start":{"line":8,"column":0},"end":{"line":8,"column":26}},"6":{"start":{"line":9,"column":0},"end":{"line":9,"column":31}},"7":{"start":{"line":10,"column":0},"end":{"line":10,"column":28}},"8":{"start":{"line":15,"column":0},"end":{"line":15,"column":16}},"9":{"start":{"line":17,"column":25},"end":{"line":17,"column":59}},"10":{"start":{"line":18,"column":30},"end":{"line":18,"column":68}},"11":{"start":{"line":19,"column":23},"end":{"line":19,"column":55}},"12":{"start":{"line":20,"column":28},"end":{"line":20,"column":53}},"13":{"start":{"line":21,"column":28},"end":{"line":21,"column":53}},"14":{"start":{"line":26,"column":0},"end":{"line":177,"column":null}},"15":{"start":{"line":31,"column":4},"end":{"line":61,"column":null}},"16":{"start":{"line":34,"column":25},"end":{"line":40,"column":null}},"17":{"start":{"line":41,"column":24},"end":{"line":43,"column":null}},"18":{"start":{"line":44,"column":23},"end":{"line":44,"column":48}},"19":{"start":{"line":45,"column":21},"end":{"line":49,"column":8}},"20":{"start":{"line":51,"column":6},"end":{"line":53,"column":null}},"21":{"start":{"line":58,"column":6},"end":{"line":60,"column":null}},"22":{"start":{"line":71,"column":4},"end":{"line":128,"column":null}},"23":{"start":{"line":73,"column":23},"end":{"line":86,"column":null}},"24":{"start":{"line":88,"column":24},"end":{"line":90,"column":null}},"25":{"start":{"line":91,"column":23},"end":{"line":91,"column":56}},"26":{"start":{"line":93,"column":21},"end":{"line":97,"column":8}},"27":{"start":{"line":98,"column":24},"end":{"line":98,"column":72}},"28":{"start":{"line":99,"column":30},"end":{"line":99,"column":83}},"29":{"start":{"line":101,"column":6},"end":{"line":118,"column":null}},"30":{"start":{"line":102,"column":49},"end":{"line":109,"column":null}},"31":{"start":{"line":111,"column":8},"end":{"line":111,"column":50}},"32":{"start":{"line":113,"column":8},"end":{"line":115,"column":null}},"33":{"start":{"line":124,"column":6},"end":{"line":126,"column":null}},"34":{"start":{"line":132,"column":4},"end":{"line":132,"column":67}},"35":{"start":{"line":136,"column":8},"end":{"line":160,"column":null}},"36":{"start":{"line":139,"column":29},"end":{"line":142,"column":null}},"37":{"start":{"line":144,"column":27},"end":{"line":144,"column":58}},"38":{"start":{"line":145,"column":25},"end":{"line":149,"column":12}},"39":{"start":{"line":150,"column":10},"end":{"line":152,"column":null}},"40":{"start":{"line":156,"column":10},"end":{"line":158,"column":null}},"41":{"start":{"line":165,"column":14},"end":{"line":165,"column":27}},"42":{"start":{"line":166,"column":17},"end":{"line":168,"column":null}},"43":{"start":{"line":170,"column":4},"end":{"line":170,"column":29}},"44":{"start":{"line":171,"column":4},"end":{"line":171,"column":58}},"45":{"start":{"line":172,"column":4},"end":{"line":172,"column":20}},"46":{"start":{"line":173,"column":20},"end":{"line":173,"column":33}},"47":{"start":{"line":174,"column":4},"end":{"line":174,"column":53}},"48":{"start":{"line":26,"column":6},"end":{"line":177,"column":null}},"49":{"start":{"line":179,"column":0},"end":{"line":179,"column":34}}},"fnMap":{"0":{"name":"(anonymous_9)","decl":{"start":{"line":30,"column":7},"end":{"line":30,"column":21}},"loc":{"start":{"line":30,"column":40},"end":{"line":64,"column":null}}},"1":{"name":"(anonymous_11)","decl":{"start":{"line":69,"column":6},"end":{"line":69,"column":16}},"loc":{"start":{"line":69,"column":36},"end":{"line":129,"column":null}}},"2":{"name":"(anonymous_13)","decl":{"start":{"line":131,"column":8},"end":{"line":131,"column":25}},"loc":{"start":{"line":131,"column":58},"end":{"line":133,"column":null}}},"3":{"name":"(anonymous_15)","decl":{"start":{"line":135,"column":16},"end":{"line":135,"column":30}},"loc":{"start":{"line":135,"column":38},"end":{"line":161,"column":null}}},"4":{"name":"(anonymous_17)","decl":{"start":{"line":164,"column":11},"end":{"line":164,"column":18}},"loc":{"start":{"line":164,"column":23},"end":{"line":175,"column":5}}}},"branchMap":{"0":{"loc":{"start":{"line":101,"column":6},"end":{"line":118,"column":null}},"type":"if","locations":[{"start":{"line":101,"column":6},"end":{"line":118,"column":null}}]}},"s":{"0":1,"1":1,"2":1,"3":1,"4":1,"5":1,"6":1,"7":1,"8":1,"9":1,"10":1,"11":1,"12":1,"13":1,"14":1,"15":0,"16":0,"17":0,"18":0,"19":0,"20":0,"21":0,"22":0,"23":0,"24":0,"25":0,"26":0,"27":0,"28":0,"29":0,"30":0,"31":0,"32":0,"33":0,"34":0,"35":0,"36":0,"37":0,"38":0,"39":0,"40":0,"41":0,"42":0,"43":0,"44":0,"45":0,"46":0,"47":0,"48":1,"49":1},"f":{"0":0,"1":0,"2":0,"3":0,"4":0},"b":{"0":[0]}}
}
