{"C:\\Users\\Kareem Abdurrahman\\Documents\\Professional\\Lendsqr Backend Assessment\\dist\\src\\app.js": {"path":"C:\\Users\\Kareem Abdurrahman\\Documents\\Professional\\Lendsqr Backend Assessment\\dist\\src\\app.js","statementMap":{"0":{"start":{"line":2,"column":22},"end":{"line":12,"column":3}},"1":{"start":{"line":3,"column":4},"end":{"line":3,"column":33}},"2":{"start":{"line":3,"column":26},"end":{"line":3,"column":33}},"3":{"start":{"line":4,"column":15},"end":{"line":4,"column":52}},"4":{"start":{"line":5,"column":4},"end":{"line":7,"column":5}},"5":{"start":{"line":6,"column":6},"end":{"line":6,"column":68}},"6":{"start":{"line":6,"column":51},"end":{"line":6,"column":63}},"7":{"start":{"line":8,"column":4},"end":{"line":8,"column":39}},"8":{"start":{"line":10,"column":4},"end":{"line":10,"column":33}},"9":{"start":{"line":10,"column":26},"end":{"line":10,"column":33}},"10":{"start":{"line":11,"column":4},"end":{"line":11,"column":17}},"11":{"start":{"line":13,"column":25},"end":{"line":17,"column":2}},"12":{"start":{"line":14,"column":4},"end":{"line":14,"column":72}},"13":{"start":{"line":16,"column":4},"end":{"line":16,"column":21}},"14":{"start":{"line":18,"column":19},"end":{"line":24,"column":1}},"15":{"start":{"line":19,"column":4},"end":{"line":19,"column":42}},"16":{"start":{"line":19,"column":31},"end":{"line":19,"column":42}},"17":{"start":{"line":20,"column":17},"end":{"line":20,"column":19}},"18":{"start":{"line":21,"column":4},"end":{"line":21,"column":141}},"19":{"start":{"line":21,"column":21},"end":{"line":21,"column":141}},"20":{"start":{"line":21,"column":40},"end":{"line":21,"column":141}},"21":{"start":{"line":21,"column":109},"end":{"line":21,"column":141}},"22":{"start":{"line":22,"column":4},"end":{"line":22,"column":36}},"23":{"start":{"line":23,"column":4},"end":{"line":23,"column":18}},"24":{"start":{"line":25,"column":22},"end":{"line":27,"column":1}},"25":{"start":{"line":26,"column":4},"end":{"line":26,"column":62}},"26":{"start":{"line":28,"column":0},"end":{"line":28,"column":62}},"27":{"start":{"line":29,"column":0},"end":{"line":29,"column":21}},"28":{"start":{"line":30,"column":18},"end":{"line":30,"column":53}},"29":{"start":{"line":31,"column":15},"end":{"line":31,"column":47}},"30":{"start":{"line":32,"column":19},"end":{"line":32,"column":55}},"31":{"start":{"line":33,"column":17},"end":{"line":33,"column":36}},"32":{"start":{"line":34,"column":17},"end":{"line":34,"column":51}},"33":{"start":{"line":35,"column":0},"end":{"line":35,"column":26}},"34":{"start":{"line":36,"column":13},"end":{"line":36,"column":29}},"35":{"start":{"line":37,"column":0},"end":{"line":37,"column":39}},"36":{"start":{"line":38,"column":0},"end":{"line":40,"column":4}},"37":{"start":{"line":41,"column":0},"end":{"line":45,"column":3}},"38":{"start":{"line":42,"column":4},"end":{"line":42,"column":51}},"39":{"start":{"line":43,"column":4},"end":{"line":43,"column":97}},"40":{"start":{"line":44,"column":4},"end":{"line":44,"column":11}},"41":{"start":{"line":46,"column":0},"end":{"line":46,"column":35}},"42":{"start":{"line":48,"column":0},"end":{"line":48,"column":38}},"43":{"start":{"line":49,"column":0},"end":{"line":51,"column":3}},"44":{"start":{"line":50,"column":4},"end":{"line":50,"column":51}}},"fnMap":{"0":{"name":"(anonymous_0)","decl":{"start":{"line":2,"column":74},"end":{"line":2,"column":75}},"loc":{"start":{"line":2,"column":96},"end":{"line":9,"column":1}},"line":2},"1":{"name":"(anonymous_1)","decl":{"start":{"line":6,"column":38},"end":{"line":6,"column":39}},"loc":{"start":{"line":6,"column":49},"end":{"line":6,"column":65}},"line":6},"2":{"name":"(anonymous_2)","decl":{"start":{"line":9,"column":6},"end":{"line":9,"column":7}},"loc":{"start":{"line":9,"column":28},"end":{"line":12,"column":1}},"line":9},"3":{"name":"(anonymous_3)","decl":{"start":{"line":13,"column":80},"end":{"line":13,"column":81}},"loc":{"start":{"line":13,"column":95},"end":{"line":15,"column":1}},"line":13},"4":{"name":"(anonymous_4)","decl":{"start":{"line":15,"column":5},"end":{"line":15,"column":6}},"loc":{"start":{"line":15,"column":20},"end":{"line":17,"column":1}},"line":15},"5":{"name":"(anonymous_5)","decl":{"start":{"line":18,"column":50},"end":{"line":18,"column":51}},"loc":{"start":{"line":18,"column":65},"end":{"line":24,"column":1}},"line":18},"6":{"name":"(anonymous_6)","decl":{"start":{"line":25,"column":56},"end":{"line":25,"column":57}},"loc":{"start":{"line":25,"column":71},"end":{"line":27,"column":1}},"line":25},"7":{"name":"(anonymous_7)","decl":{"start":{"line":41,"column":16},"end":{"line":41,"column":17}},"loc":{"start":{"line":41,"column":42},"end":{"line":45,"column":1}},"line":41},"8":{"name":"(anonymous_8)","decl":{"start":{"line":49,"column":25},"end":{"line":49,"column":26}},"loc":{"start":{"line":49,"column":31},"end":{"line":51,"column":1}},"line":49}},"branchMap":{"0":{"loc":{"start":{"line":2,"column":22},"end":{"line":12,"column":3}},"type":"binary-expr","locations":[{"start":{"line":2,"column":23},"end":{"line":2,"column":27}},{"start":{"line":2,"column":31},"end":{"line":2,"column":51}},{"start":{"line":2,"column":57},"end":{"line":12,"column":2}}],"line":2},"1":{"loc":{"start":{"line":2,"column":57},"end":{"line":12,"column":2}},"type":"cond-expr","locations":[{"start":{"line":2,"column":74},"end":{"line":9,"column":1}},{"start":{"line":9,"column":6},"end":{"line":12,"column":1}}],"line":2},"2":{"loc":{"start":{"line":3,"column":4},"end":{"line":3,"column":33}},"type":"if","locations":[{"start":{"line":3,"column":4},"end":{"line":3,"column":33}},{"start":{},"end":{}}],"line":3},"3":{"loc":{"start":{"line":5,"column":4},"end":{"line":7,"column":5}},"type":"if","locations":[{"start":{"line":5,"column":4},"end":{"line":7,"column":5}},{"start":{},"end":{}}],"line":5},"4":{"loc":{"start":{"line":5,"column":8},"end":{"line":5,"column":85}},"type":"binary-expr","locations":[{"start":{"line":5,"column":8},"end":{"line":5,"column":13}},{"start":{"line":5,"column":18},"end":{"line":5,"column":84}}],"line":5},"5":{"loc":{"start":{"line":5,"column":18},"end":{"line":5,"column":84}},"type":"cond-expr","locations":[{"start":{"line":5,"column":34},"end":{"line":5,"column":47}},{"start":{"line":5,"column":50},"end":{"line":5,"column":84}}],"line":5},"6":{"loc":{"start":{"line":5,"column":50},"end":{"line":5,"column":84}},"type":"binary-expr","locations":[{"start":{"line":5,"column":50},"end":{"line":5,"column":63}},{"start":{"line":5,"column":67},"end":{"line":5,"column":84}}],"line":5},"7":{"loc":{"start":{"line":10,"column":4},"end":{"line":10,"column":33}},"type":"if","locations":[{"start":{"line":10,"column":4},"end":{"line":10,"column":33}},{"start":{},"end":{}}],"line":10},"8":{"loc":{"start":{"line":13,"column":25},"end":{"line":17,"column":2}},"type":"binary-expr","locations":[{"start":{"line":13,"column":26},"end":{"line":13,"column":30}},{"start":{"line":13,"column":34},"end":{"line":13,"column":57}},{"start":{"line":13,"column":63},"end":{"line":17,"column":1}}],"line":13},"9":{"loc":{"start":{"line":13,"column":63},"end":{"line":17,"column":1}},"type":"cond-expr","locations":[{"start":{"line":13,"column":80},"end":{"line":15,"column":1}},{"start":{"line":15,"column":5},"end":{"line":17,"column":1}}],"line":13},"10":{"loc":{"start":{"line":18,"column":19},"end":{"line":24,"column":1}},"type":"binary-expr","locations":[{"start":{"line":18,"column":20},"end":{"line":18,"column":24}},{"start":{"line":18,"column":28},"end":{"line":18,"column":45}},{"start":{"line":18,"column":50},"end":{"line":24,"column":1}}],"line":18},"11":{"loc":{"start":{"line":19,"column":4},"end":{"line":19,"column":42}},"type":"if","locations":[{"start":{"line":19,"column":4},"end":{"line":19,"column":42}},{"start":{},"end":{}}],"line":19},"12":{"loc":{"start":{"line":19,"column":8},"end":{"line":19,"column":29}},"type":"binary-expr","locations":[{"start":{"line":19,"column":8},"end":{"line":19,"column":11}},{"start":{"line":19,"column":15},"end":{"line":19,"column":29}}],"line":19},"13":{"loc":{"start":{"line":21,"column":4},"end":{"line":21,"column":141}},"type":"if","locations":[{"start":{"line":21,"column":4},"end":{"line":21,"column":141}},{"start":{},"end":{}}],"line":21},"14":{"loc":{"start":{"line":21,"column":40},"end":{"line":21,"column":141}},"type":"if","locations":[{"start":{"line":21,"column":40},"end":{"line":21,"column":141}},{"start":{},"end":{}}],"line":21},"15":{"loc":{"start":{"line":21,"column":44},"end":{"line":21,"column":107}},"type":"binary-expr","locations":[{"start":{"line":21,"column":44},"end":{"line":21,"column":59}},{"start":{"line":21,"column":63},"end":{"line":21,"column":107}}],"line":21},"16":{"loc":{"start":{"line":25,"column":22},"end":{"line":27,"column":1}},"type":"binary-expr","locations":[{"start":{"line":25,"column":23},"end":{"line":25,"column":27}},{"start":{"line":25,"column":31},"end":{"line":25,"column":51}},{"start":{"line":25,"column":56},"end":{"line":27,"column":1}}],"line":25},"17":{"loc":{"start":{"line":26,"column":11},"end":{"line":26,"column":61}},"type":"cond-expr","locations":[{"start":{"line":26,"column":37},"end":{"line":26,"column":40}},{"start":{"line":26,"column":43},"end":{"line":26,"column":61}}],"line":26},"18":{"loc":{"start":{"line":26,"column":12},"end":{"line":26,"column":33}},"type":"binary-expr","locations":[{"start":{"line":26,"column":12},"end":{"line":26,"column":15}},{"start":{"line":26,"column":19},"end":{"line":26,"column":33}}],"line":26}},"s":{"0":1,"1":4,"2":4,"3":4,"4":4,"5":4,"6":1,"7":4,"8":0,"9":0,"10":0,"11":1,"12":1,"13":0,"14":1,"15":1,"16":0,"17":1,"18":1,"19":1,"20":4,"21":4,"22":1,"23":1,"24":1,"25":3,"26":1,"27":1,"28":1,"29":1,"30":1,"31":1,"32":1,"33":1,"34":1,"35":1,"36":1,"37":1,"38":1,"39":1,"40":1,"41":1,"42":1,"43":1,"44":0},"f":{"0":4,"1":1,"2":0,"3":1,"4":0,"5":1,"6":3,"7":1,"8":0},"b":{"0":[1,1,1],"1":[1,0],"2":[4,0],"3":[4,0],"4":[4,4],"5":[4,0],"6":[0,0],"7":[0,0],"8":[1,1,1],"9":[1,0],"10":[1,1,1],"11":[0,1],"12":[1,1],"13":[1,0],"14":[4,0],"15":[4,4],"16":[1,1,1],"17":[0,3],"18":[3,3]},"inputSourceMap":null,"_coverageSchema":"1a1c01bbd47fc00a2c39e90264f33305004495a9","hash":"d5dd5ec7e61840c64e2ec28bc30b574ab204af4e"}
,"C:\\Users\\Kareem Abdurrahman\\Documents\\Professional\\Lendsqr Backend Assessment\\dist\\src\\controllers\\AccountController.js": {"path":"C:\\Users\\Kareem Abdurrahman\\Documents\\Professional\\Lendsqr Backend Assessment\\dist\\src\\controllers\\AccountController.js","statementMap":{"0":{"start":{"line":2,"column":22},"end":{"line":12,"column":3}},"1":{"start":{"line":3,"column":4},"end":{"line":3,"column":33}},"2":{"start":{"line":3,"column":26},"end":{"line":3,"column":33}},"3":{"start":{"line":4,"column":15},"end":{"line":4,"column":52}},"4":{"start":{"line":5,"column":4},"end":{"line":7,"column":5}},"5":{"start":{"line":6,"column":6},"end":{"line":6,"column":68}},"6":{"start":{"line":6,"column":51},"end":{"line":6,"column":63}},"7":{"start":{"line":8,"column":4},"end":{"line":8,"column":39}},"8":{"start":{"line":10,"column":4},"end":{"line":10,"column":33}},"9":{"start":{"line":10,"column":26},"end":{"line":10,"column":33}},"10":{"start":{"line":11,"column":4},"end":{"line":11,"column":17}},"11":{"start":{"line":13,"column":25},"end":{"line":17,"column":2}},"12":{"start":{"line":14,"column":4},"end":{"line":14,"column":72}},"13":{"start":{"line":16,"column":4},"end":{"line":16,"column":21}},"14":{"start":{"line":18,"column":19},"end":{"line":24,"column":1}},"15":{"start":{"line":19,"column":4},"end":{"line":19,"column":42}},"16":{"start":{"line":19,"column":31},"end":{"line":19,"column":42}},"17":{"start":{"line":20,"column":17},"end":{"line":20,"column":19}},"18":{"start":{"line":21,"column":4},"end":{"line":21,"column":141}},"19":{"start":{"line":21,"column":21},"end":{"line":21,"column":141}},"20":{"start":{"line":21,"column":40},"end":{"line":21,"column":141}},"21":{"start":{"line":21,"column":109},"end":{"line":21,"column":141}},"22":{"start":{"line":22,"column":4},"end":{"line":22,"column":36}},"23":{"start":{"line":23,"column":4},"end":{"line":23,"column":18}},"24":{"start":{"line":25,"column":16},"end":{"line":33,"column":1}},"25":{"start":{"line":26,"column":28},"end":{"line":26,"column":110}},"26":{"start":{"line":26,"column":91},"end":{"line":26,"column":106}},"27":{"start":{"line":27,"column":4},"end":{"line":32,"column":7}},"28":{"start":{"line":28,"column":36},"end":{"line":28,"column":97}},"29":{"start":{"line":28,"column":42},"end":{"line":28,"column":70}},"30":{"start":{"line":28,"column":85},"end":{"line":28,"column":95}},"31":{"start":{"line":29,"column":35},"end":{"line":29,"column":100}},"32":{"start":{"line":29,"column":41},"end":{"line":29,"column":73}},"33":{"start":{"line":29,"column":88},"end":{"line":29,"column":98}},"34":{"start":{"line":30,"column":32},"end":{"line":30,"column":116}},"35":{"start":{"line":31,"column":8},"end":{"line":31,"column":78}},"36":{"start":{"line":34,"column":22},"end":{"line":36,"column":1}},"37":{"start":{"line":35,"column":4},"end":{"line":35,"column":62}},"38":{"start":{"line":37,"column":0},"end":{"line":37,"column":62}},"39":{"start":{"line":38,"column":25},"end":{"line":38,"column":79}},"40":{"start":{"line":39,"column":17},"end":{"line":39,"column":51}},"41":{"start":{"line":40,"column":12},"end":{"line":40,"column":49}},"42":{"start":{"line":41,"column":17},"end":{"line":41,"column":51}},"43":{"start":{"line":42,"column":0},"end":{"line":42,"column":26}},"44":{"start":{"line":43,"column":18},"end":{"line":43,"column":40}},"45":{"start":{"line":44,"column":20},"end":{"line":44,"column":50}},"46":{"start":{"line":49,"column":8},"end":{"line":86,"column":11}},"47":{"start":{"line":50,"column":61},"end":{"line":50,"column":69}},"48":{"start":{"line":51,"column":12},"end":{"line":85,"column":13}},"49":{"start":{"line":52,"column":34},"end":{"line":52,"column":70}},"50":{"start":{"line":53,"column":16},"end":{"line":58,"column":17}},"51":{"start":{"line":54,"column":20},"end":{"line":57,"column":23}},"52":{"start":{"line":59,"column":39},"end":{"line":59,"column":80}},"53":{"start":{"line":60,"column":32},"end":{"line":65,"column":17}},"54":{"start":{"line":66,"column":36},"end":{"line":66,"column":76}},"55":{"start":{"line":67,"column":16},"end":{"line":78,"column":17}},"56":{"start":{"line":68,"column":20},"end":{"line":71,"column":23}},"57":{"start":{"line":74,"column":20},"end":{"line":77,"column":23}},"58":{"start":{"line":81,"column":16},"end":{"line":84,"column":19}},"59":{"start":{"line":89,"column":8},"end":{"line":136,"column":11}},"60":{"start":{"line":90,"column":98},"end":{"line":90,"column":106}},"61":{"start":{"line":91,"column":12},"end":{"line":135,"column":13}},"62":{"start":{"line":99,"column":34},"end":{"line":99,"column":70}},"63":{"start":{"line":100,"column":16},"end":{"line":105,"column":17}},"64":{"start":{"line":101,"column":20},"end":{"line":104,"column":23}},"65":{"start":{"line":106,"column":29},"end":{"line":115,"column":17}},"66":{"start":{"line":116,"column":38},"end":{"line":116,"column":73}},"67":{"start":{"line":117,"column":16},"end":{"line":128,"column":17}},"68":{"start":{"line":118,"column":20},"end":{"line":121,"column":23}},"69":{"start":{"line":124,"column":20},"end":{"line":127,"column":23}},"70":{"start":{"line":131,"column":16},"end":{"line":134,"column":19}},"71":{"start":{"line":139,"column":8},"end":{"line":183,"column":11}},"72":{"start":{"line":140,"column":86},"end":{"line":140,"column":94}},"73":{"start":{"line":141,"column":12},"end":{"line":182,"column":13}},"74":{"start":{"line":142,"column":36},"end":{"line":142,"column":73}},"75":{"start":{"line":143,"column":16},"end":{"line":148,"column":17}},"76":{"start":{"line":144,"column":20},"end":{"line":147,"column":23}},"77":{"start":{"line":149,"column":34},"end":{"line":149,"column":70}},"78":{"start":{"line":150,"column":16},"end":{"line":155,"column":17}},"79":{"start":{"line":151,"column":20},"end":{"line":154,"column":23}},"80":{"start":{"line":156,"column":35},"end":{"line":162,"column":17}},"81":{"start":{"line":163,"column":33},"end":{"line":163,"column":82}},"82":{"start":{"line":164,"column":16},"end":{"line":175,"column":17}},"83":{"start":{"line":165,"column":20},"end":{"line":168,"column":23}},"84":{"start":{"line":171,"column":20},"end":{"line":174,"column":23}},"85":{"start":{"line":178,"column":16},"end":{"line":181,"column":19}},"86":{"start":{"line":186,"column":8},"end":{"line":235,"column":11}},"87":{"start":{"line":187,"column":58},"end":{"line":187,"column":66}},"88":{"start":{"line":188,"column":12},"end":{"line":234,"column":13}},"89":{"start":{"line":189,"column":34},"end":{"line":189,"column":70}},"90":{"start":{"line":190,"column":16},"end":{"line":195,"column":17}},"91":{"start":{"line":191,"column":20},"end":{"line":194,"column":23}},"92":{"start":{"line":196,"column":40},"end":{"line":196,"column":90}},"93":{"start":{"line":197,"column":16},"end":{"line":202,"column":17}},"94":{"start":{"line":198,"column":20},"end":{"line":201,"column":23}},"95":{"start":{"line":203,"column":36},"end":{"line":203,"column":73}},"96":{"start":{"line":204,"column":16},"end":{"line":209,"column":17}},"97":{"start":{"line":205,"column":20},"end":{"line":208,"column":23}},"98":{"start":{"line":210,"column":33},"end":{"line":214,"column":17}},"99":{"start":{"line":215,"column":37},"end":{"line":215,"column":77}},"100":{"start":{"line":216,"column":16},"end":{"line":227,"column":17}},"101":{"start":{"line":217,"column":20},"end":{"line":220,"column":23}},"102":{"start":{"line":223,"column":20},"end":{"line":226,"column":23}},"103":{"start":{"line":230,"column":16},"end":{"line":233,"column":19}},"104":{"start":{"line":238,"column":8},"end":{"line":267,"column":11}},"105":{"start":{"line":239,"column":38},"end":{"line":239,"column":46}},"106":{"start":{"line":240,"column":12},"end":{"line":240,"column":34}},"107":{"start":{"line":241,"column":12},"end":{"line":246,"column":13}},"108":{"start":{"line":242,"column":16},"end":{"line":245,"column":19}},"109":{"start":{"line":247,"column":30},"end":{"line":247,"column":66}},"110":{"start":{"line":248,"column":12},"end":{"line":248,"column":35}},"111":{"start":{"line":249,"column":12},"end":{"line":254,"column":13}},"112":{"start":{"line":250,"column":16},"end":{"line":253,"column":19}},"113":{"start":{"line":255,"column":34},"end":{"line":255,"column":95}},"114":{"start":{"line":256,"column":12},"end":{"line":261,"column":13}},"115":{"start":{"line":257,"column":16},"end":{"line":260,"column":19}},"116":{"start":{"line":262,"column":26},"end":{"line":262,"column":122}},"117":{"start":{"line":263,"column":12},"end":{"line":266,"column":15}},"118":{"start":{"line":271,"column":0},"end":{"line":271,"column":36}}},"fnMap":{"0":{"name":"(anonymous_0)","decl":{"start":{"line":2,"column":74},"end":{"line":2,"column":75}},"loc":{"start":{"line":2,"column":96},"end":{"line":9,"column":1}},"line":2},"1":{"name":"(anonymous_1)","decl":{"start":{"line":6,"column":38},"end":{"line":6,"column":39}},"loc":{"start":{"line":6,"column":49},"end":{"line":6,"column":65}},"line":6},"2":{"name":"(anonymous_2)","decl":{"start":{"line":9,"column":6},"end":{"line":9,"column":7}},"loc":{"start":{"line":9,"column":28},"end":{"line":12,"column":1}},"line":9},"3":{"name":"(anonymous_3)","decl":{"start":{"line":13,"column":80},"end":{"line":13,"column":81}},"loc":{"start":{"line":13,"column":95},"end":{"line":15,"column":1}},"line":13},"4":{"name":"(anonymous_4)","decl":{"start":{"line":15,"column":5},"end":{"line":15,"column":6}},"loc":{"start":{"line":15,"column":20},"end":{"line":17,"column":1}},"line":15},"5":{"name":"(anonymous_5)","decl":{"start":{"line":18,"column":50},"end":{"line":18,"column":51}},"loc":{"start":{"line":18,"column":65},"end":{"line":24,"column":1}},"line":18},"6":{"name":"(anonymous_6)","decl":{"start":{"line":25,"column":44},"end":{"line":25,"column":45}},"loc":{"start":{"line":25,"column":89},"end":{"line":33,"column":1}},"line":25},"7":{"name":"adopt","decl":{"start":{"line":26,"column":13},"end":{"line":26,"column":18}},"loc":{"start":{"line":26,"column":26},"end":{"line":26,"column":112}},"line":26},"8":{"name":"(anonymous_8)","decl":{"start":{"line":26,"column":70},"end":{"line":26,"column":71}},"loc":{"start":{"line":26,"column":89},"end":{"line":26,"column":108}},"line":26},"9":{"name":"(anonymous_9)","decl":{"start":{"line":27,"column":36},"end":{"line":27,"column":37}},"loc":{"start":{"line":27,"column":63},"end":{"line":32,"column":5}},"line":27},"10":{"name":"fulfilled","decl":{"start":{"line":28,"column":17},"end":{"line":28,"column":26}},"loc":{"start":{"line":28,"column":34},"end":{"line":28,"column":99}},"line":28},"11":{"name":"rejected","decl":{"start":{"line":29,"column":17},"end":{"line":29,"column":25}},"loc":{"start":{"line":29,"column":33},"end":{"line":29,"column":102}},"line":29},"12":{"name":"step","decl":{"start":{"line":30,"column":17},"end":{"line":30,"column":21}},"loc":{"start":{"line":30,"column":30},"end":{"line":30,"column":118}},"line":30},"13":{"name":"(anonymous_13)","decl":{"start":{"line":34,"column":56},"end":{"line":34,"column":57}},"loc":{"start":{"line":34,"column":71},"end":{"line":36,"column":1}},"line":34},"14":{"name":"(anonymous_14)","decl":{"start":{"line":48,"column":4},"end":{"line":48,"column":5}},"loc":{"start":{"line":48,"column":28},"end":{"line":87,"column":5}},"line":48},"15":{"name":"(anonymous_15)","decl":{"start":{"line":49,"column":47},"end":{"line":49,"column":48}},"loc":{"start":{"line":49,"column":60},"end":{"line":86,"column":9}},"line":49},"16":{"name":"(anonymous_16)","decl":{"start":{"line":88,"column":4},"end":{"line":88,"column":5}},"loc":{"start":{"line":88,"column":26},"end":{"line":137,"column":5}},"line":88},"17":{"name":"(anonymous_17)","decl":{"start":{"line":89,"column":47},"end":{"line":89,"column":48}},"loc":{"start":{"line":89,"column":60},"end":{"line":136,"column":9}},"line":89},"18":{"name":"(anonymous_18)","decl":{"start":{"line":138,"column":4},"end":{"line":138,"column":5}},"loc":{"start":{"line":138,"column":23},"end":{"line":184,"column":5}},"line":138},"19":{"name":"(anonymous_19)","decl":{"start":{"line":139,"column":47},"end":{"line":139,"column":48}},"loc":{"start":{"line":139,"column":60},"end":{"line":183,"column":9}},"line":139},"20":{"name":"(anonymous_20)","decl":{"start":{"line":185,"column":4},"end":{"line":185,"column":5}},"loc":{"start":{"line":185,"column":27},"end":{"line":236,"column":5}},"line":185},"21":{"name":"(anonymous_21)","decl":{"start":{"line":186,"column":47},"end":{"line":186,"column":48}},"loc":{"start":{"line":186,"column":60},"end":{"line":235,"column":9}},"line":186},"22":{"name":"(anonymous_22)","decl":{"start":{"line":237,"column":4},"end":{"line":237,"column":5}},"loc":{"start":{"line":237,"column":20},"end":{"line":268,"column":5}},"line":237},"23":{"name":"(anonymous_23)","decl":{"start":{"line":238,"column":47},"end":{"line":238,"column":48}},"loc":{"start":{"line":238,"column":60},"end":{"line":267,"column":9}},"line":238}},"branchMap":{"0":{"loc":{"start":{"line":2,"column":22},"end":{"line":12,"column":3}},"type":"binary-expr","locations":[{"start":{"line":2,"column":23},"end":{"line":2,"column":27}},{"start":{"line":2,"column":31},"end":{"line":2,"column":51}},{"start":{"line":2,"column":57},"end":{"line":12,"column":2}}],"line":2},"1":{"loc":{"start":{"line":2,"column":57},"end":{"line":12,"column":2}},"type":"cond-expr","locations":[{"start":{"line":2,"column":74},"end":{"line":9,"column":1}},{"start":{"line":9,"column":6},"end":{"line":12,"column":1}}],"line":2},"2":{"loc":{"start":{"line":3,"column":4},"end":{"line":3,"column":33}},"type":"if","locations":[{"start":{"line":3,"column":4},"end":{"line":3,"column":33}},{"start":{},"end":{}}],"line":3},"3":{"loc":{"start":{"line":5,"column":4},"end":{"line":7,"column":5}},"type":"if","locations":[{"start":{"line":5,"column":4},"end":{"line":7,"column":5}},{"start":{},"end":{}}],"line":5},"4":{"loc":{"start":{"line":5,"column":8},"end":{"line":5,"column":85}},"type":"binary-expr","locations":[{"start":{"line":5,"column":8},"end":{"line":5,"column":13}},{"start":{"line":5,"column":18},"end":{"line":5,"column":84}}],"line":5},"5":{"loc":{"start":{"line":5,"column":18},"end":{"line":5,"column":84}},"type":"cond-expr","locations":[{"start":{"line":5,"column":34},"end":{"line":5,"column":47}},{"start":{"line":5,"column":50},"end":{"line":5,"column":84}}],"line":5},"6":{"loc":{"start":{"line":5,"column":50},"end":{"line":5,"column":84}},"type":"binary-expr","locations":[{"start":{"line":5,"column":50},"end":{"line":5,"column":63}},{"start":{"line":5,"column":67},"end":{"line":5,"column":84}}],"line":5},"7":{"loc":{"start":{"line":10,"column":4},"end":{"line":10,"column":33}},"type":"if","locations":[{"start":{"line":10,"column":4},"end":{"line":10,"column":33}},{"start":{},"end":{}}],"line":10},"8":{"loc":{"start":{"line":13,"column":25},"end":{"line":17,"column":2}},"type":"binary-expr","locations":[{"start":{"line":13,"column":26},"end":{"line":13,"column":30}},{"start":{"line":13,"column":34},"end":{"line":13,"column":57}},{"start":{"line":13,"column":63},"end":{"line":17,"column":1}}],"line":13},"9":{"loc":{"start":{"line":13,"column":63},"end":{"line":17,"column":1}},"type":"cond-expr","locations":[{"start":{"line":13,"column":80},"end":{"line":15,"column":1}},{"start":{"line":15,"column":5},"end":{"line":17,"column":1}}],"line":13},"10":{"loc":{"start":{"line":18,"column":19},"end":{"line":24,"column":1}},"type":"binary-expr","locations":[{"start":{"line":18,"column":20},"end":{"line":18,"column":24}},{"start":{"line":18,"column":28},"end":{"line":18,"column":45}},{"start":{"line":18,"column":50},"end":{"line":24,"column":1}}],"line":18},"11":{"loc":{"start":{"line":19,"column":4},"end":{"line":19,"column":42}},"type":"if","locations":[{"start":{"line":19,"column":4},"end":{"line":19,"column":42}},{"start":{},"end":{}}],"line":19},"12":{"loc":{"start":{"line":19,"column":8},"end":{"line":19,"column":29}},"type":"binary-expr","locations":[{"start":{"line":19,"column":8},"end":{"line":19,"column":11}},{"start":{"line":19,"column":15},"end":{"line":19,"column":29}}],"line":19},"13":{"loc":{"start":{"line":21,"column":4},"end":{"line":21,"column":141}},"type":"if","locations":[{"start":{"line":21,"column":4},"end":{"line":21,"column":141}},{"start":{},"end":{}}],"line":21},"14":{"loc":{"start":{"line":21,"column":40},"end":{"line":21,"column":141}},"type":"if","locations":[{"start":{"line":21,"column":40},"end":{"line":21,"column":141}},{"start":{},"end":{}}],"line":21},"15":{"loc":{"start":{"line":21,"column":44},"end":{"line":21,"column":107}},"type":"binary-expr","locations":[{"start":{"line":21,"column":44},"end":{"line":21,"column":59}},{"start":{"line":21,"column":63},"end":{"line":21,"column":107}}],"line":21},"16":{"loc":{"start":{"line":25,"column":16},"end":{"line":33,"column":1}},"type":"binary-expr","locations":[{"start":{"line":25,"column":17},"end":{"line":25,"column":21}},{"start":{"line":25,"column":25},"end":{"line":25,"column":39}},{"start":{"line":25,"column":44},"end":{"line":33,"column":1}}],"line":25},"17":{"loc":{"start":{"line":26,"column":35},"end":{"line":26,"column":109}},"type":"cond-expr","locations":[{"start":{"line":26,"column":56},"end":{"line":26,"column":61}},{"start":{"line":26,"column":64},"end":{"line":26,"column":109}}],"line":26},"18":{"loc":{"start":{"line":27,"column":16},"end":{"line":27,"column":34}},"type":"binary-expr","locations":[{"start":{"line":27,"column":16},"end":{"line":27,"column":17}},{"start":{"line":27,"column":22},"end":{"line":27,"column":33}}],"line":27},"19":{"loc":{"start":{"line":30,"column":32},"end":{"line":30,"column":115}},"type":"cond-expr","locations":[{"start":{"line":30,"column":46},"end":{"line":30,"column":67}},{"start":{"line":30,"column":70},"end":{"line":30,"column":115}}],"line":30},"20":{"loc":{"start":{"line":31,"column":51},"end":{"line":31,"column":67}},"type":"binary-expr","locations":[{"start":{"line":31,"column":51},"end":{"line":31,"column":61}},{"start":{"line":31,"column":65},"end":{"line":31,"column":67}}],"line":31},"21":{"loc":{"start":{"line":34,"column":22},"end":{"line":36,"column":1}},"type":"binary-expr","locations":[{"start":{"line":34,"column":23},"end":{"line":34,"column":27}},{"start":{"line":34,"column":31},"end":{"line":34,"column":51}},{"start":{"line":34,"column":56},"end":{"line":36,"column":1}}],"line":34},"22":{"loc":{"start":{"line":35,"column":11},"end":{"line":35,"column":61}},"type":"cond-expr","locations":[{"start":{"line":35,"column":37},"end":{"line":35,"column":40}},{"start":{"line":35,"column":43},"end":{"line":35,"column":61}}],"line":35},"23":{"loc":{"start":{"line":35,"column":12},"end":{"line":35,"column":33}},"type":"binary-expr","locations":[{"start":{"line":35,"column":12},"end":{"line":35,"column":15}},{"start":{"line":35,"column":19},"end":{"line":35,"column":33}}],"line":35},"24":{"loc":{"start":{"line":51,"column":12},"end":{"line":85,"column":13}},"type":"if","locations":[{"start":{"line":51,"column":12},"end":{"line":85,"column":13}},{"start":{"line":80,"column":17},"end":{"line":85,"column":13}}],"line":51},"25":{"loc":{"start":{"line":51,"column":16},"end":{"line":51,"column":58}},"type":"binary-expr","locations":[{"start":{"line":51,"column":16},"end":{"line":51,"column":21}},{"start":{"line":51,"column":25},"end":{"line":51,"column":33}},{"start":{"line":51,"column":37},"end":{"line":51,"column":46}},{"start":{"line":51,"column":50},"end":{"line":51,"column":58}}],"line":51},"26":{"loc":{"start":{"line":53,"column":16},"end":{"line":58,"column":17}},"type":"if","locations":[{"start":{"line":53,"column":16},"end":{"line":58,"column":17}},{"start":{},"end":{}}],"line":53},"27":{"loc":{"start":{"line":53,"column":20},"end":{"line":53,"column":66}},"type":"binary-expr","locations":[{"start":{"line":53,"column":20},"end":{"line":53,"column":42}},{"start":{"line":53,"column":46},"end":{"line":53,"column":66}}],"line":53},"28":{"loc":{"start":{"line":67,"column":16},"end":{"line":78,"column":17}},"type":"if","locations":[{"start":{"line":67,"column":16},"end":{"line":78,"column":17}},{"start":{"line":73,"column":21},"end":{"line":78,"column":17}}],"line":67},"29":{"loc":{"start":{"line":91,"column":12},"end":{"line":135,"column":13}},"type":"if","locations":[{"start":{"line":91,"column":12},"end":{"line":135,"column":13}},{"start":{"line":130,"column":17},"end":{"line":135,"column":13}}],"line":91},"30":{"loc":{"start":{"line":91,"column":16},"end":{"line":91,"column":103}},"type":"binary-expr","locations":[{"start":{"line":91,"column":16},"end":{"line":91,"column":21}},{"start":{"line":91,"column":25},"end":{"line":91,"column":31}},{"start":{"line":91,"column":35},"end":{"line":91,"column":43}},{"start":{"line":91,"column":47},"end":{"line":91,"column":58}},{"start":{"line":91,"column":62},"end":{"line":91,"column":65}},{"start":{"line":91,"column":69},"end":{"line":91,"column":81}},{"start":{"line":91,"column":85},"end":{"line":91,"column":96}},{"start":{"line":91,"column":100},"end":{"line":91,"column":103}}],"line":91},"31":{"loc":{"start":{"line":100,"column":16},"end":{"line":105,"column":17}},"type":"if","locations":[{"start":{"line":100,"column":16},"end":{"line":105,"column":17}},{"start":{},"end":{}}],"line":100},"32":{"loc":{"start":{"line":100,"column":20},"end":{"line":100,"column":68}},"type":"binary-expr","locations":[{"start":{"line":100,"column":20},"end":{"line":100,"column":43}},{"start":{"line":100,"column":47},"end":{"line":100,"column":68}}],"line":100},"33":{"loc":{"start":{"line":117,"column":16},"end":{"line":128,"column":17}},"type":"if","locations":[{"start":{"line":117,"column":16},"end":{"line":128,"column":17}},{"start":{"line":123,"column":21},"end":{"line":128,"column":17}}],"line":117},"34":{"loc":{"start":{"line":141,"column":12},"end":{"line":182,"column":13}},"type":"if","locations":[{"start":{"line":141,"column":12},"end":{"line":182,"column":13}},{"start":{"line":177,"column":17},"end":{"line":182,"column":13}}],"line":141},"35":{"loc":{"start":{"line":141,"column":16},"end":{"line":141,"column":95}},"type":"binary-expr","locations":[{"start":{"line":141,"column":16},"end":{"line":141,"column":21}},{"start":{"line":141,"column":25},"end":{"line":141,"column":31}},{"start":{"line":141,"column":35},"end":{"line":141,"column":47}},{"start":{"line":141,"column":51},"end":{"line":141,"column":65}},{"start":{"line":141,"column":69},"end":{"line":141,"column":75}},{"start":{"line":141,"column":79},"end":{"line":141,"column":95}}],"line":141},"36":{"loc":{"start":{"line":143,"column":16},"end":{"line":148,"column":17}},"type":"if","locations":[{"start":{"line":143,"column":16},"end":{"line":148,"column":17}},{"start":{},"end":{}}],"line":143},"37":{"loc":{"start":{"line":143,"column":20},"end":{"line":143,"column":68}},"type":"binary-expr","locations":[{"start":{"line":143,"column":20},"end":{"line":143,"column":44}},{"start":{"line":143,"column":48},"end":{"line":143,"column":68}}],"line":143},"38":{"loc":{"start":{"line":150,"column":16},"end":{"line":155,"column":17}},"type":"if","locations":[{"start":{"line":150,"column":16},"end":{"line":155,"column":17}},{"start":{},"end":{}}],"line":150},"39":{"loc":{"start":{"line":150,"column":20},"end":{"line":150,"column":68}},"type":"binary-expr","locations":[{"start":{"line":150,"column":20},"end":{"line":150,"column":43}},{"start":{"line":150,"column":47},"end":{"line":150,"column":68}}],"line":150},"40":{"loc":{"start":{"line":164,"column":16},"end":{"line":175,"column":17}},"type":"if","locations":[{"start":{"line":164,"column":16},"end":{"line":175,"column":17}},{"start":{"line":170,"column":21},"end":{"line":175,"column":17}}],"line":164},"41":{"loc":{"start":{"line":188,"column":12},"end":{"line":234,"column":13}},"type":"if","locations":[{"start":{"line":188,"column":12},"end":{"line":234,"column":13}},{"start":{"line":229,"column":17},"end":{"line":234,"column":13}}],"line":188},"42":{"loc":{"start":{"line":188,"column":16},"end":{"line":188,"column":53}},"type":"binary-expr","locations":[{"start":{"line":188,"column":16},"end":{"line":188,"column":21}},{"start":{"line":188,"column":25},"end":{"line":188,"column":31}},{"start":{"line":188,"column":35},"end":{"line":188,"column":53}}],"line":188},"43":{"loc":{"start":{"line":190,"column":16},"end":{"line":195,"column":17}},"type":"if","locations":[{"start":{"line":190,"column":16},"end":{"line":195,"column":17}},{"start":{},"end":{}}],"line":190},"44":{"loc":{"start":{"line":190,"column":20},"end":{"line":190,"column":68}},"type":"binary-expr","locations":[{"start":{"line":190,"column":20},"end":{"line":190,"column":43}},{"start":{"line":190,"column":47},"end":{"line":190,"column":68}}],"line":190},"45":{"loc":{"start":{"line":197,"column":16},"end":{"line":202,"column":17}},"type":"if","locations":[{"start":{"line":197,"column":16},"end":{"line":202,"column":17}},{"start":{},"end":{}}],"line":197},"46":{"loc":{"start":{"line":204,"column":16},"end":{"line":209,"column":17}},"type":"if","locations":[{"start":{"line":204,"column":16},"end":{"line":209,"column":17}},{"start":{},"end":{}}],"line":204},"47":{"loc":{"start":{"line":204,"column":20},"end":{"line":204,"column":68}},"type":"binary-expr","locations":[{"start":{"line":204,"column":20},"end":{"line":204,"column":44}},{"start":{"line":204,"column":48},"end":{"line":204,"column":68}}],"line":204},"48":{"loc":{"start":{"line":216,"column":16},"end":{"line":227,"column":17}},"type":"if","locations":[{"start":{"line":216,"column":16},"end":{"line":227,"column":17}},{"start":{"line":222,"column":21},"end":{"line":227,"column":17}}],"line":216},"49":{"loc":{"start":{"line":241,"column":12},"end":{"line":246,"column":13}},"type":"if","locations":[{"start":{"line":241,"column":12},"end":{"line":246,"column":13}},{"start":{},"end":{}}],"line":241},"50":{"loc":{"start":{"line":241,"column":18},"end":{"line":241,"column":35}},"type":"binary-expr","locations":[{"start":{"line":241,"column":18},"end":{"line":241,"column":23}},{"start":{"line":241,"column":27},"end":{"line":241,"column":35}}],"line":241},"51":{"loc":{"start":{"line":249,"column":12},"end":{"line":254,"column":13}},"type":"if","locations":[{"start":{"line":249,"column":12},"end":{"line":254,"column":13}},{"start":{},"end":{}}],"line":249},"52":{"loc":{"start":{"line":249,"column":16},"end":{"line":249,"column":64}},"type":"binary-expr","locations":[{"start":{"line":249,"column":16},"end":{"line":249,"column":39}},{"start":{"line":249,"column":43},"end":{"line":249,"column":64}}],"line":249},"53":{"loc":{"start":{"line":256,"column":12},"end":{"line":261,"column":13}},"type":"if","locations":[{"start":{"line":256,"column":12},"end":{"line":261,"column":13}},{"start":{},"end":{}}],"line":256}},"s":{"0":2,"1":12,"2":12,"3":12,"4":12,"5":12,"6":0,"7":12,"8":0,"9":0,"10":0,"11":2,"12":2,"13":0,"14":2,"15":2,"16":0,"17":2,"18":2,"19":2,"20":12,"21":12,"22":2,"23":2,"24":2,"25":2,"26":0,"27":3,"28":2,"29":2,"30":0,"31":0,"32":0,"33":0,"34":5,"35":3,"36":2,"37":6,"38":2,"39":2,"40":2,"41":2,"42":2,"43":2,"44":2,"45":2,"46":0,"47":0,"48":0,"49":0,"50":0,"51":0,"52":0,"53":0,"54":0,"55":0,"56":0,"57":0,"58":0,"59":0,"60":0,"61":0,"62":0,"63":0,"64":0,"65":0,"66":0,"67":0,"68":0,"69":0,"70":0,"71":0,"72":0,"73":0,"74":0,"75":0,"76":0,"77":0,"78":0,"79":0,"80":0,"81":0,"82":0,"83":0,"84":0,"85":0,"86":0,"87":0,"88":0,"89":0,"90":0,"91":0,"92":0,"93":0,"94":0,"95":0,"96":0,"97":0,"98":0,"99":0,"100":0,"101":0,"102":0,"103":0,"104":3,"105":3,"106":3,"107":3,"108":1,"109":2,"110":2,"111":2,"112":2,"113":0,"114":0,"115":0,"116":0,"117":0,"118":2},"f":{"0":12,"1":0,"2":0,"3":2,"4":0,"5":2,"6":3,"7":2,"8":0,"9":3,"10":2,"11":0,"12":5,"13":6,"14":0,"15":0,"16":0,"17":0,"18":0,"19":0,"20":0,"21":0,"22":3,"23":3},"b":{"0":[2,2,2],"1":[2,0],"2":[12,0],"3":[12,0],"4":[12,12],"5":[0,12],"6":[12,0],"7":[0,0],"8":[2,2,2],"9":[2,0],"10":[2,2,2],"11":[0,2],"12":[2,2],"13":[2,0],"14":[12,0],"15":[12,12],"16":[2,2,2],"17":[2,0],"18":[3,3],"19":[3,2],"20":[3,3],"21":[2,2,2],"22":[2,4],"23":[6,6],"24":[0,0],"25":[0,0,0,0],"26":[0,0],"27":[0,0],"28":[0,0],"29":[0,0],"30":[0,0,0,0,0,0,0,0],"31":[0,0],"32":[0,0],"33":[0,0],"34":[0,0],"35":[0,0,0,0,0,0],"36":[0,0],"37":[0,0],"38":[0,0],"39":[0,0],"40":[0,0],"41":[0,0],"42":[0,0,0],"43":[0,0],"44":[0,0],"45":[0,0],"46":[0,0],"47":[0,0],"48":[0,0],"49":[1,2],"50":[3,2],"51":[2,0],"52":[2,2],"53":[0,0]},"inputSourceMap":null,"_coverageSchema":"1a1c01bbd47fc00a2c39e90264f33305004495a9","hash":"306961a613e4af964a770e68978c17d01cc2b01c"}
,"C:\\Users\\Kareem Abdurrahman\\Documents\\Professional\\Lendsqr Backend Assessment\\dist\\src\\database\\db.js": {"path":"C:\\Users\\Kareem Abdurrahman\\Documents\\Professional\\Lendsqr Backend Assessment\\dist\\src\\database\\db.js","statementMap":{"0":{"start":{"line":2,"column":22},"end":{"line":4,"column":1}},"1":{"start":{"line":3,"column":4},"end":{"line":3,"column":62}},"2":{"start":{"line":5,"column":0},"end":{"line":5,"column":62}},"3":{"start":{"line":6,"column":0},"end":{"line":6,"column":20}},"4":{"start":{"line":7,"column":15},"end":{"line":7,"column":30}},"5":{"start":{"line":8,"column":17},"end":{"line":8,"column":51}},"6":{"start":{"line":9,"column":0},"end":{"line":9,"column":26}},"7":{"start":{"line":10,"column":0},"end":{"line":20,"column":3}}},"fnMap":{"0":{"name":"(anonymous_0)","decl":{"start":{"line":2,"column":56},"end":{"line":2,"column":57}},"loc":{"start":{"line":2,"column":71},"end":{"line":4,"column":1}},"line":2}},"branchMap":{"0":{"loc":{"start":{"line":2,"column":22},"end":{"line":4,"column":1}},"type":"binary-expr","locations":[{"start":{"line":2,"column":23},"end":{"line":2,"column":27}},{"start":{"line":2,"column":31},"end":{"line":2,"column":51}},{"start":{"line":2,"column":56},"end":{"line":4,"column":1}}],"line":2},"1":{"loc":{"start":{"line":3,"column":11},"end":{"line":3,"column":61}},"type":"cond-expr","locations":[{"start":{"line":3,"column":37},"end":{"line":3,"column":40}},{"start":{"line":3,"column":43},"end":{"line":3,"column":61}}],"line":3},"2":{"loc":{"start":{"line":3,"column":12},"end":{"line":3,"column":33}},"type":"binary-expr","locations":[{"start":{"line":3,"column":12},"end":{"line":3,"column":15}},{"start":{"line":3,"column":19},"end":{"line":3,"column":33}}],"line":3}},"s":{"0":2,"1":2,"2":2,"3":2,"4":2,"5":2,"6":2,"7":2},"f":{"0":2},"b":{"0":[2,2,2],"1":[0,2],"2":[2,2]},"inputSourceMap":null,"_coverageSchema":"1a1c01bbd47fc00a2c39e90264f33305004495a9","hash":"8581b8b32bdcb0b971f55dd8463603583d30f97e"}
,"C:\\Users\\Kareem Abdurrahman\\Documents\\Professional\\Lendsqr Backend Assessment\\dist\\src\\middlewares\\Auth.js": {"path":"C:\\Users\\Kareem Abdurrahman\\Documents\\Professional\\Lendsqr Backend Assessment\\dist\\src\\middlewares\\Auth.js","statementMap":{"0":{"start":{"line":2,"column":22},"end":{"line":12,"column":3}},"1":{"start":{"line":3,"column":4},"end":{"line":3,"column":33}},"2":{"start":{"line":3,"column":26},"end":{"line":3,"column":33}},"3":{"start":{"line":4,"column":15},"end":{"line":4,"column":52}},"4":{"start":{"line":5,"column":4},"end":{"line":7,"column":5}},"5":{"start":{"line":6,"column":6},"end":{"line":6,"column":68}},"6":{"start":{"line":6,"column":51},"end":{"line":6,"column":63}},"7":{"start":{"line":8,"column":4},"end":{"line":8,"column":39}},"8":{"start":{"line":10,"column":4},"end":{"line":10,"column":33}},"9":{"start":{"line":10,"column":26},"end":{"line":10,"column":33}},"10":{"start":{"line":11,"column":4},"end":{"line":11,"column":17}},"11":{"start":{"line":13,"column":25},"end":{"line":17,"column":2}},"12":{"start":{"line":14,"column":4},"end":{"line":14,"column":72}},"13":{"start":{"line":16,"column":4},"end":{"line":16,"column":21}},"14":{"start":{"line":18,"column":19},"end":{"line":24,"column":1}},"15":{"start":{"line":19,"column":4},"end":{"line":19,"column":42}},"16":{"start":{"line":19,"column":31},"end":{"line":19,"column":42}},"17":{"start":{"line":20,"column":17},"end":{"line":20,"column":19}},"18":{"start":{"line":21,"column":4},"end":{"line":21,"column":141}},"19":{"start":{"line":21,"column":21},"end":{"line":21,"column":141}},"20":{"start":{"line":21,"column":40},"end":{"line":21,"column":141}},"21":{"start":{"line":21,"column":109},"end":{"line":21,"column":141}},"22":{"start":{"line":22,"column":4},"end":{"line":22,"column":36}},"23":{"start":{"line":23,"column":4},"end":{"line":23,"column":18}},"24":{"start":{"line":25,"column":22},"end":{"line":27,"column":1}},"25":{"start":{"line":26,"column":4},"end":{"line":26,"column":62}},"26":{"start":{"line":28,"column":0},"end":{"line":28,"column":62}},"27":{"start":{"line":29,"column":0},"end":{"line":29,"column":22}},"28":{"start":{"line":30,"column":12},"end":{"line":30,"column":49}},"29":{"start":{"line":31,"column":17},"end":{"line":31,"column":51}},"30":{"start":{"line":32,"column":0},"end":{"line":32,"column":26}},"31":{"start":{"line":33,"column":18},"end":{"line":33,"column":40}},"32":{"start":{"line":34,"column":13},"end":{"line":58,"column":1}},"33":{"start":{"line":36,"column":18},"end":{"line":36,"column":38}},"34":{"start":{"line":39,"column":4},"end":{"line":50,"column":5}},"35":{"start":{"line":40,"column":8},"end":{"line":40,"column":50}},"36":{"start":{"line":41,"column":8},"end":{"line":41,"column":43}},"37":{"start":{"line":45,"column":8},"end":{"line":48,"column":11}},"38":{"start":{"line":49,"column":8},"end":{"line":49,"column":15}},"39":{"start":{"line":52,"column":30},"end":{"line":52,"column":40}},"40":{"start":{"line":53,"column":21},"end":{"line":55,"column":6}},"41":{"start":{"line":56,"column":4},"end":{"line":56,"column":37}},"42":{"start":{"line":57,"column":4},"end":{"line":57,"column":11}},"43":{"start":{"line":59,"column":0},"end":{"line":59,"column":20}}},"fnMap":{"0":{"name":"(anonymous_0)","decl":{"start":{"line":2,"column":74},"end":{"line":2,"column":75}},"loc":{"start":{"line":2,"column":96},"end":{"line":9,"column":1}},"line":2},"1":{"name":"(anonymous_1)","decl":{"start":{"line":6,"column":38},"end":{"line":6,"column":39}},"loc":{"start":{"line":6,"column":49},"end":{"line":6,"column":65}},"line":6},"2":{"name":"(anonymous_2)","decl":{"start":{"line":9,"column":6},"end":{"line":9,"column":7}},"loc":{"start":{"line":9,"column":28},"end":{"line":12,"column":1}},"line":9},"3":{"name":"(anonymous_3)","decl":{"start":{"line":13,"column":80},"end":{"line":13,"column":81}},"loc":{"start":{"line":13,"column":95},"end":{"line":15,"column":1}},"line":13},"4":{"name":"(anonymous_4)","decl":{"start":{"line":15,"column":5},"end":{"line":15,"column":6}},"loc":{"start":{"line":15,"column":20},"end":{"line":17,"column":1}},"line":15},"5":{"name":"(anonymous_5)","decl":{"start":{"line":18,"column":50},"end":{"line":18,"column":51}},"loc":{"start":{"line":18,"column":65},"end":{"line":24,"column":1}},"line":18},"6":{"name":"(anonymous_6)","decl":{"start":{"line":25,"column":56},"end":{"line":25,"column":57}},"loc":{"start":{"line":25,"column":71},"end":{"line":27,"column":1}},"line":25},"7":{"name":"(anonymous_7)","decl":{"start":{"line":34,"column":13},"end":{"line":34,"column":14}},"loc":{"start":{"line":34,"column":33},"end":{"line":58,"column":1}},"line":34}},"branchMap":{"0":{"loc":{"start":{"line":2,"column":22},"end":{"line":12,"column":3}},"type":"binary-expr","locations":[{"start":{"line":2,"column":23},"end":{"line":2,"column":27}},{"start":{"line":2,"column":31},"end":{"line":2,"column":51}},{"start":{"line":2,"column":57},"end":{"line":12,"column":2}}],"line":2},"1":{"loc":{"start":{"line":2,"column":57},"end":{"line":12,"column":2}},"type":"cond-expr","locations":[{"start":{"line":2,"column":74},"end":{"line":9,"column":1}},{"start":{"line":9,"column":6},"end":{"line":12,"column":1}}],"line":2},"2":{"loc":{"start":{"line":3,"column":4},"end":{"line":3,"column":33}},"type":"if","locations":[{"start":{"line":3,"column":4},"end":{"line":3,"column":33}},{"start":{},"end":{}}],"line":3},"3":{"loc":{"start":{"line":5,"column":4},"end":{"line":7,"column":5}},"type":"if","locations":[{"start":{"line":5,"column":4},"end":{"line":7,"column":5}},{"start":{},"end":{}}],"line":5},"4":{"loc":{"start":{"line":5,"column":8},"end":{"line":5,"column":85}},"type":"binary-expr","locations":[{"start":{"line":5,"column":8},"end":{"line":5,"column":13}},{"start":{"line":5,"column":18},"end":{"line":5,"column":84}}],"line":5},"5":{"loc":{"start":{"line":5,"column":18},"end":{"line":5,"column":84}},"type":"cond-expr","locations":[{"start":{"line":5,"column":34},"end":{"line":5,"column":47}},{"start":{"line":5,"column":50},"end":{"line":5,"column":84}}],"line":5},"6":{"loc":{"start":{"line":5,"column":50},"end":{"line":5,"column":84}},"type":"binary-expr","locations":[{"start":{"line":5,"column":50},"end":{"line":5,"column":63}},{"start":{"line":5,"column":67},"end":{"line":5,"column":84}}],"line":5},"7":{"loc":{"start":{"line":10,"column":4},"end":{"line":10,"column":33}},"type":"if","locations":[{"start":{"line":10,"column":4},"end":{"line":10,"column":33}},{"start":{},"end":{}}],"line":10},"8":{"loc":{"start":{"line":13,"column":25},"end":{"line":17,"column":2}},"type":"binary-expr","locations":[{"start":{"line":13,"column":26},"end":{"line":13,"column":30}},{"start":{"line":13,"column":34},"end":{"line":13,"column":57}},{"start":{"line":13,"column":63},"end":{"line":17,"column":1}}],"line":13},"9":{"loc":{"start":{"line":13,"column":63},"end":{"line":17,"column":1}},"type":"cond-expr","locations":[{"start":{"line":13,"column":80},"end":{"line":15,"column":1}},{"start":{"line":15,"column":5},"end":{"line":17,"column":1}}],"line":13},"10":{"loc":{"start":{"line":18,"column":19},"end":{"line":24,"column":1}},"type":"binary-expr","locations":[{"start":{"line":18,"column":20},"end":{"line":18,"column":24}},{"start":{"line":18,"column":28},"end":{"line":18,"column":45}},{"start":{"line":18,"column":50},"end":{"line":24,"column":1}}],"line":18},"11":{"loc":{"start":{"line":19,"column":4},"end":{"line":19,"column":42}},"type":"if","locations":[{"start":{"line":19,"column":4},"end":{"line":19,"column":42}},{"start":{},"end":{}}],"line":19},"12":{"loc":{"start":{"line":19,"column":8},"end":{"line":19,"column":29}},"type":"binary-expr","locations":[{"start":{"line":19,"column":8},"end":{"line":19,"column":11}},{"start":{"line":19,"column":15},"end":{"line":19,"column":29}}],"line":19},"13":{"loc":{"start":{"line":21,"column":4},"end":{"line":21,"column":141}},"type":"if","locations":[{"start":{"line":21,"column":4},"end":{"line":21,"column":141}},{"start":{},"end":{}}],"line":21},"14":{"loc":{"start":{"line":21,"column":40},"end":{"line":21,"column":141}},"type":"if","locations":[{"start":{"line":21,"column":40},"end":{"line":21,"column":141}},{"start":{},"end":{}}],"line":21},"15":{"loc":{"start":{"line":21,"column":44},"end":{"line":21,"column":107}},"type":"binary-expr","locations":[{"start":{"line":21,"column":44},"end":{"line":21,"column":59}},{"start":{"line":21,"column":63},"end":{"line":21,"column":107}}],"line":21},"16":{"loc":{"start":{"line":25,"column":22},"end":{"line":27,"column":1}},"type":"binary-expr","locations":[{"start":{"line":25,"column":23},"end":{"line":25,"column":27}},{"start":{"line":25,"column":31},"end":{"line":25,"column":51}},{"start":{"line":25,"column":56},"end":{"line":27,"column":1}}],"line":25},"17":{"loc":{"start":{"line":26,"column":11},"end":{"line":26,"column":61}},"type":"cond-expr","locations":[{"start":{"line":26,"column":37},"end":{"line":26,"column":40}},{"start":{"line":26,"column":43},"end":{"line":26,"column":61}}],"line":26},"18":{"loc":{"start":{"line":26,"column":12},"end":{"line":26,"column":33}},"type":"binary-expr","locations":[{"start":{"line":26,"column":12},"end":{"line":26,"column":15}},{"start":{"line":26,"column":19},"end":{"line":26,"column":33}}],"line":26}},"s":{"0":1,"1":6,"2":6,"3":6,"4":6,"5":6,"6":0,"7":6,"8":0,"9":0,"10":0,"11":1,"12":1,"13":0,"14":1,"15":1,"16":0,"17":1,"18":1,"19":1,"20":6,"21":6,"22":1,"23":1,"24":1,"25":1,"26":1,"27":1,"28":1,"29":1,"30":1,"31":1,"32":1,"33":0,"34":0,"35":0,"36":0,"37":0,"38":0,"39":0,"40":0,"41":0,"42":0,"43":1},"f":{"0":6,"1":0,"2":0,"3":1,"4":0,"5":1,"6":1,"7":0},"b":{"0":[1,1,1],"1":[1,0],"2":[6,0],"3":[6,0],"4":[6,6],"5":[0,6],"6":[6,0],"7":[0,0],"8":[1,1,1],"9":[1,0],"10":[1,1,1],"11":[0,1],"12":[1,1],"13":[1,0],"14":[6,0],"15":[6,6],"16":[1,1,1],"17":[0,1],"18":[1,1]},"inputSourceMap":null,"_coverageSchema":"1a1c01bbd47fc00a2c39e90264f33305004495a9","hash":"d9f89983bcd18d5d746600611ed4a4062e4722a7"}
,"C:\\Users\\Kareem Abdurrahman\\Documents\\Professional\\Lendsqr Backend Assessment\\dist\\src\\repositories\\TransactionRepository.js": {"path":"C:\\Users\\Kareem Abdurrahman\\Documents\\Professional\\Lendsqr Backend Assessment\\dist\\src\\repositories\\TransactionRepository.js","statementMap":{"0":{"start":{"line":2,"column":17},"end":{"line":7,"column":1}},"1":{"start":{"line":3,"column":12},"end":{"line":3,"column":28}},"2":{"start":{"line":3,"column":34},"end":{"line":3,"column":125}},"3":{"start":{"line":4,"column":4},"end":{"line":5,"column":150}},"4":{"start":{"line":4,"column":79},"end":{"line":4,"column":131}},"5":{"start":{"line":5,"column":9},"end":{"line":5,"column":150}},"6":{"start":{"line":5,"column":22},"end":{"line":5,"column":43}},"7":{"start":{"line":5,"column":58},"end":{"line":5,"column":150}},"8":{"start":{"line":5,"column":81},"end":{"line":5,"column":150}},"9":{"start":{"line":6,"column":4},"end":{"line":6,"column":66}},"10":{"start":{"line":8,"column":16},"end":{"line":16,"column":1}},"11":{"start":{"line":9,"column":28},"end":{"line":9,"column":110}},"12":{"start":{"line":9,"column":91},"end":{"line":9,"column":106}},"13":{"start":{"line":10,"column":4},"end":{"line":15,"column":7}},"14":{"start":{"line":11,"column":36},"end":{"line":11,"column":97}},"15":{"start":{"line":11,"column":42},"end":{"line":11,"column":70}},"16":{"start":{"line":11,"column":85},"end":{"line":11,"column":95}},"17":{"start":{"line":12,"column":35},"end":{"line":12,"column":100}},"18":{"start":{"line":12,"column":41},"end":{"line":12,"column":73}},"19":{"start":{"line":12,"column":88},"end":{"line":12,"column":98}},"20":{"start":{"line":13,"column":32},"end":{"line":13,"column":116}},"21":{"start":{"line":14,"column":8},"end":{"line":14,"column":78}},"22":{"start":{"line":17,"column":0},"end":{"line":17,"column":62}},"23":{"start":{"line":18,"column":17},"end":{"line":18,"column":34}},"24":{"start":{"line":19,"column":13},"end":{"line":19,"column":38}},"25":{"start":{"line":20,"column":28},"end":{"line":37,"column":1}},"26":{"start":{"line":22,"column":8},"end":{"line":30,"column":11}},"27":{"start":{"line":23,"column":12},"end":{"line":29,"column":15}},"28":{"start":{"line":33,"column":8},"end":{"line":35,"column":11}},"29":{"start":{"line":34,"column":12},"end":{"line":34,"column":103}},"30":{"start":{"line":38,"column":0},"end":{"line":40,"column":26}},"31":{"start":{"line":41,"column":0},"end":{"line":41,"column":40}}},"fnMap":{"0":{"name":"(anonymous_0)","decl":{"start":{"line":2,"column":46},"end":{"line":2,"column":47}},"loc":{"start":{"line":2,"column":87},"end":{"line":7,"column":1}},"line":2},"1":{"name":"(anonymous_1)","decl":{"start":{"line":8,"column":44},"end":{"line":8,"column":45}},"loc":{"start":{"line":8,"column":89},"end":{"line":16,"column":1}},"line":8},"2":{"name":"adopt","decl":{"start":{"line":9,"column":13},"end":{"line":9,"column":18}},"loc":{"start":{"line":9,"column":26},"end":{"line":9,"column":112}},"line":9},"3":{"name":"(anonymous_3)","decl":{"start":{"line":9,"column":70},"end":{"line":9,"column":71}},"loc":{"start":{"line":9,"column":89},"end":{"line":9,"column":108}},"line":9},"4":{"name":"(anonymous_4)","decl":{"start":{"line":10,"column":36},"end":{"line":10,"column":37}},"loc":{"start":{"line":10,"column":63},"end":{"line":15,"column":5}},"line":10},"5":{"name":"fulfilled","decl":{"start":{"line":11,"column":17},"end":{"line":11,"column":26}},"loc":{"start":{"line":11,"column":34},"end":{"line":11,"column":99}},"line":11},"6":{"name":"rejected","decl":{"start":{"line":12,"column":17},"end":{"line":12,"column":25}},"loc":{"start":{"line":12,"column":33},"end":{"line":12,"column":102}},"line":12},"7":{"name":"step","decl":{"start":{"line":13,"column":17},"end":{"line":13,"column":21}},"loc":{"start":{"line":13,"column":30},"end":{"line":13,"column":118}},"line":13},"8":{"name":"(anonymous_8)","decl":{"start":{"line":21,"column":4},"end":{"line":21,"column":5}},"loc":{"start":{"line":21,"column":35},"end":{"line":31,"column":5}},"line":21},"9":{"name":"(anonymous_9)","decl":{"start":{"line":22,"column":47},"end":{"line":22,"column":48}},"loc":{"start":{"line":22,"column":60},"end":{"line":30,"column":9}},"line":22},"10":{"name":"(anonymous_10)","decl":{"start":{"line":32,"column":4},"end":{"line":32,"column":5}},"loc":{"start":{"line":32,"column":41},"end":{"line":36,"column":5}},"line":32},"11":{"name":"(anonymous_11)","decl":{"start":{"line":33,"column":47},"end":{"line":33,"column":48}},"loc":{"start":{"line":33,"column":60},"end":{"line":35,"column":9}},"line":33}},"branchMap":{"0":{"loc":{"start":{"line":2,"column":17},"end":{"line":7,"column":1}},"type":"binary-expr","locations":[{"start":{"line":2,"column":18},"end":{"line":2,"column":22}},{"start":{"line":2,"column":26},"end":{"line":2,"column":41}},{"start":{"line":2,"column":46},"end":{"line":7,"column":1}}],"line":2},"1":{"loc":{"start":{"line":3,"column":34},"end":{"line":3,"column":125}},"type":"cond-expr","locations":[{"start":{"line":3,"column":42},"end":{"line":3,"column":48}},{"start":{"line":3,"column":51},"end":{"line":3,"column":125}}],"line":3},"2":{"loc":{"start":{"line":3,"column":51},"end":{"line":3,"column":125}},"type":"cond-expr","locations":[{"start":{"line":3,"column":67},"end":{"line":3,"column":118}},{"start":{"line":3,"column":121},"end":{"line":3,"column":125}}],"line":3},"3":{"loc":{"start":{"line":4,"column":4},"end":{"line":5,"column":150}},"type":"if","locations":[{"start":{"line":4,"column":4},"end":{"line":5,"column":150}},{"start":{"line":5,"column":9},"end":{"line":5,"column":150}}],"line":4},"4":{"loc":{"start":{"line":4,"column":8},"end":{"line":4,"column":77}},"type":"binary-expr","locations":[{"start":{"line":4,"column":8},"end":{"line":4,"column":35}},{"start":{"line":4,"column":39},"end":{"line":4,"column":77}}],"line":4},"5":{"loc":{"start":{"line":5,"column":58},"end":{"line":5,"column":150}},"type":"if","locations":[{"start":{"line":5,"column":58},"end":{"line":5,"column":150}},{"start":{},"end":{}}],"line":5},"6":{"loc":{"start":{"line":5,"column":85},"end":{"line":5,"column":149}},"type":"binary-expr","locations":[{"start":{"line":5,"column":86},"end":{"line":5,"column":143}},{"start":{"line":5,"column":148},"end":{"line":5,"column":149}}],"line":5},"7":{"loc":{"start":{"line":5,"column":86},"end":{"line":5,"column":143}},"type":"cond-expr","locations":[{"start":{"line":5,"column":94},"end":{"line":5,"column":98}},{"start":{"line":5,"column":101},"end":{"line":5,"column":143}}],"line":5},"8":{"loc":{"start":{"line":5,"column":101},"end":{"line":5,"column":143}},"type":"cond-expr","locations":[{"start":{"line":5,"column":109},"end":{"line":5,"column":126}},{"start":{"line":5,"column":129},"end":{"line":5,"column":143}}],"line":5},"9":{"loc":{"start":{"line":6,"column":11},"end":{"line":6,"column":62}},"type":"binary-expr","locations":[{"start":{"line":6,"column":11},"end":{"line":6,"column":16}},{"start":{"line":6,"column":20},"end":{"line":6,"column":21}},{"start":{"line":6,"column":25},"end":{"line":6,"column":62}}],"line":6},"10":{"loc":{"start":{"line":8,"column":16},"end":{"line":16,"column":1}},"type":"binary-expr","locations":[{"start":{"line":8,"column":17},"end":{"line":8,"column":21}},{"start":{"line":8,"column":25},"end":{"line":8,"column":39}},{"start":{"line":8,"column":44},"end":{"line":16,"column":1}}],"line":8},"11":{"loc":{"start":{"line":9,"column":35},"end":{"line":9,"column":109}},"type":"cond-expr","locations":[{"start":{"line":9,"column":56},"end":{"line":9,"column":61}},{"start":{"line":9,"column":64},"end":{"line":9,"column":109}}],"line":9},"12":{"loc":{"start":{"line":10,"column":16},"end":{"line":10,"column":34}},"type":"binary-expr","locations":[{"start":{"line":10,"column":16},"end":{"line":10,"column":17}},{"start":{"line":10,"column":22},"end":{"line":10,"column":33}}],"line":10},"13":{"loc":{"start":{"line":13,"column":32},"end":{"line":13,"column":115}},"type":"cond-expr","locations":[{"start":{"line":13,"column":46},"end":{"line":13,"column":67}},{"start":{"line":13,"column":70},"end":{"line":13,"column":115}}],"line":13},"14":{"loc":{"start":{"line":14,"column":51},"end":{"line":14,"column":67}},"type":"binary-expr","locations":[{"start":{"line":14,"column":51},"end":{"line":14,"column":61}},{"start":{"line":14,"column":65},"end":{"line":14,"column":67}}],"line":14}},"s":{"0":2,"1":2,"2":2,"3":2,"4":0,"5":2,"6":2,"7":2,"8":2,"9":2,"10":2,"11":0,"12":0,"13":0,"14":0,"15":0,"16":0,"17":0,"18":0,"19":0,"20":0,"21":0,"22":2,"23":2,"24":2,"25":2,"26":0,"27":0,"28":0,"29":0,"30":2,"31":2},"f":{"0":2,"1":0,"2":0,"3":0,"4":0,"5":0,"6":0,"7":0,"8":0,"9":0,"10":0,"11":0},"b":{"0":[2,2,2],"1":[2,0],"2":[0,0],"3":[0,2],"4":[2,2],"5":[2,0],"6":[2,2],"7":[2,0],"8":[0,0],"9":[2,0,0],"10":[2,2,2],"11":[0,0],"12":[0,0],"13":[0,0],"14":[0,0]},"inputSourceMap":null,"_coverageSchema":"1a1c01bbd47fc00a2c39e90264f33305004495a9","hash":"ad7aaf7fc9a33243a83296e5d380aa9d5c58a032"}
,"C:\\Users\\Kareem Abdurrahman\\Documents\\Professional\\Lendsqr Backend Assessment\\dist\\src\\repositories\\UserRepository.js": {"path":"C:\\Users\\Kareem Abdurrahman\\Documents\\Professional\\Lendsqr Backend Assessment\\dist\\src\\repositories\\UserRepository.js","statementMap":{"0":{"start":{"line":2,"column":17},"end":{"line":7,"column":1}},"1":{"start":{"line":3,"column":12},"end":{"line":3,"column":28}},"2":{"start":{"line":3,"column":34},"end":{"line":3,"column":125}},"3":{"start":{"line":4,"column":4},"end":{"line":5,"column":150}},"4":{"start":{"line":4,"column":79},"end":{"line":4,"column":131}},"5":{"start":{"line":5,"column":9},"end":{"line":5,"column":150}},"6":{"start":{"line":5,"column":22},"end":{"line":5,"column":43}},"7":{"start":{"line":5,"column":58},"end":{"line":5,"column":150}},"8":{"start":{"line":5,"column":81},"end":{"line":5,"column":150}},"9":{"start":{"line":6,"column":4},"end":{"line":6,"column":66}},"10":{"start":{"line":8,"column":16},"end":{"line":16,"column":1}},"11":{"start":{"line":9,"column":28},"end":{"line":9,"column":110}},"12":{"start":{"line":9,"column":91},"end":{"line":9,"column":106}},"13":{"start":{"line":10,"column":4},"end":{"line":15,"column":7}},"14":{"start":{"line":11,"column":36},"end":{"line":11,"column":97}},"15":{"start":{"line":11,"column":42},"end":{"line":11,"column":70}},"16":{"start":{"line":11,"column":85},"end":{"line":11,"column":95}},"17":{"start":{"line":12,"column":35},"end":{"line":12,"column":100}},"18":{"start":{"line":12,"column":41},"end":{"line":12,"column":73}},"19":{"start":{"line":12,"column":88},"end":{"line":12,"column":98}},"20":{"start":{"line":13,"column":32},"end":{"line":13,"column":116}},"21":{"start":{"line":14,"column":8},"end":{"line":14,"column":78}},"22":{"start":{"line":17,"column":0},"end":{"line":17,"column":62}},"23":{"start":{"line":18,"column":17},"end":{"line":18,"column":34}},"24":{"start":{"line":19,"column":13},"end":{"line":19,"column":38}},"25":{"start":{"line":20,"column":21},"end":{"line":46,"column":1}},"26":{"start":{"line":22,"column":8},"end":{"line":24,"column":11}},"27":{"start":{"line":23,"column":12},"end":{"line":23,"column":55}},"28":{"start":{"line":27,"column":8},"end":{"line":34,"column":11}},"29":{"start":{"line":28,"column":12},"end":{"line":33,"column":15}},"30":{"start":{"line":37,"column":8},"end":{"line":39,"column":11}},"31":{"start":{"line":38,"column":12},"end":{"line":38,"column":78}},"32":{"start":{"line":42,"column":8},"end":{"line":44,"column":11}},"33":{"start":{"line":43,"column":12},"end":{"line":43,"column":72}},"34":{"start":{"line":47,"column":0},"end":{"line":49,"column":19}},"35":{"start":{"line":50,"column":0},"end":{"line":50,"column":33}}},"fnMap":{"0":{"name":"(anonymous_0)","decl":{"start":{"line":2,"column":46},"end":{"line":2,"column":47}},"loc":{"start":{"line":2,"column":87},"end":{"line":7,"column":1}},"line":2},"1":{"name":"(anonymous_1)","decl":{"start":{"line":8,"column":44},"end":{"line":8,"column":45}},"loc":{"start":{"line":8,"column":89},"end":{"line":16,"column":1}},"line":8},"2":{"name":"adopt","decl":{"start":{"line":9,"column":13},"end":{"line":9,"column":18}},"loc":{"start":{"line":9,"column":26},"end":{"line":9,"column":112}},"line":9},"3":{"name":"(anonymous_3)","decl":{"start":{"line":9,"column":70},"end":{"line":9,"column":71}},"loc":{"start":{"line":9,"column":89},"end":{"line":9,"column":108}},"line":9},"4":{"name":"(anonymous_4)","decl":{"start":{"line":10,"column":36},"end":{"line":10,"column":37}},"loc":{"start":{"line":10,"column":63},"end":{"line":15,"column":5}},"line":10},"5":{"name":"fulfilled","decl":{"start":{"line":11,"column":17},"end":{"line":11,"column":26}},"loc":{"start":{"line":11,"column":34},"end":{"line":11,"column":99}},"line":11},"6":{"name":"rejected","decl":{"start":{"line":12,"column":17},"end":{"line":12,"column":25}},"loc":{"start":{"line":12,"column":33},"end":{"line":12,"column":102}},"line":12},"7":{"name":"step","decl":{"start":{"line":13,"column":17},"end":{"line":13,"column":21}},"loc":{"start":{"line":13,"column":30},"end":{"line":13,"column":118}},"line":13},"8":{"name":"(anonymous_8)","decl":{"start":{"line":21,"column":4},"end":{"line":21,"column":5}},"loc":{"start":{"line":21,"column":18},"end":{"line":25,"column":5}},"line":21},"9":{"name":"(anonymous_9)","decl":{"start":{"line":22,"column":47},"end":{"line":22,"column":48}},"loc":{"start":{"line":22,"column":60},"end":{"line":24,"column":9}},"line":22},"10":{"name":"(anonymous_10)","decl":{"start":{"line":26,"column":4},"end":{"line":26,"column":5}},"loc":{"start":{"line":26,"column":23},"end":{"line":35,"column":5}},"line":26},"11":{"name":"(anonymous_11)","decl":{"start":{"line":27,"column":47},"end":{"line":27,"column":48}},"loc":{"start":{"line":27,"column":60},"end":{"line":34,"column":9}},"line":27},"12":{"name":"(anonymous_12)","decl":{"start":{"line":36,"column":4},"end":{"line":36,"column":5}},"loc":{"start":{"line":36,"column":27},"end":{"line":40,"column":5}},"line":36},"13":{"name":"(anonymous_13)","decl":{"start":{"line":37,"column":47},"end":{"line":37,"column":48}},"loc":{"start":{"line":37,"column":60},"end":{"line":39,"column":9}},"line":37},"14":{"name":"(anonymous_14)","decl":{"start":{"line":41,"column":4},"end":{"line":41,"column":5}},"loc":{"start":{"line":41,"column":17},"end":{"line":45,"column":5}},"line":41},"15":{"name":"(anonymous_15)","decl":{"start":{"line":42,"column":47},"end":{"line":42,"column":48}},"loc":{"start":{"line":42,"column":60},"end":{"line":44,"column":9}},"line":42}},"branchMap":{"0":{"loc":{"start":{"line":2,"column":17},"end":{"line":7,"column":1}},"type":"binary-expr","locations":[{"start":{"line":2,"column":18},"end":{"line":2,"column":22}},{"start":{"line":2,"column":26},"end":{"line":2,"column":41}},{"start":{"line":2,"column":46},"end":{"line":7,"column":1}}],"line":2},"1":{"loc":{"start":{"line":3,"column":34},"end":{"line":3,"column":125}},"type":"cond-expr","locations":[{"start":{"line":3,"column":42},"end":{"line":3,"column":48}},{"start":{"line":3,"column":51},"end":{"line":3,"column":125}}],"line":3},"2":{"loc":{"start":{"line":3,"column":51},"end":{"line":3,"column":125}},"type":"cond-expr","locations":[{"start":{"line":3,"column":67},"end":{"line":3,"column":118}},{"start":{"line":3,"column":121},"end":{"line":3,"column":125}}],"line":3},"3":{"loc":{"start":{"line":4,"column":4},"end":{"line":5,"column":150}},"type":"if","locations":[{"start":{"line":4,"column":4},"end":{"line":5,"column":150}},{"start":{"line":5,"column":9},"end":{"line":5,"column":150}}],"line":4},"4":{"loc":{"start":{"line":4,"column":8},"end":{"line":4,"column":77}},"type":"binary-expr","locations":[{"start":{"line":4,"column":8},"end":{"line":4,"column":35}},{"start":{"line":4,"column":39},"end":{"line":4,"column":77}}],"line":4},"5":{"loc":{"start":{"line":5,"column":58},"end":{"line":5,"column":150}},"type":"if","locations":[{"start":{"line":5,"column":58},"end":{"line":5,"column":150}},{"start":{},"end":{}}],"line":5},"6":{"loc":{"start":{"line":5,"column":85},"end":{"line":5,"column":149}},"type":"binary-expr","locations":[{"start":{"line":5,"column":86},"end":{"line":5,"column":143}},{"start":{"line":5,"column":148},"end":{"line":5,"column":149}}],"line":5},"7":{"loc":{"start":{"line":5,"column":86},"end":{"line":5,"column":143}},"type":"cond-expr","locations":[{"start":{"line":5,"column":94},"end":{"line":5,"column":98}},{"start":{"line":5,"column":101},"end":{"line":5,"column":143}}],"line":5},"8":{"loc":{"start":{"line":5,"column":101},"end":{"line":5,"column":143}},"type":"cond-expr","locations":[{"start":{"line":5,"column":109},"end":{"line":5,"column":126}},{"start":{"line":5,"column":129},"end":{"line":5,"column":143}}],"line":5},"9":{"loc":{"start":{"line":6,"column":11},"end":{"line":6,"column":62}},"type":"binary-expr","locations":[{"start":{"line":6,"column":11},"end":{"line":6,"column":16}},{"start":{"line":6,"column":20},"end":{"line":6,"column":21}},{"start":{"line":6,"column":25},"end":{"line":6,"column":62}}],"line":6},"10":{"loc":{"start":{"line":8,"column":16},"end":{"line":16,"column":1}},"type":"binary-expr","locations":[{"start":{"line":8,"column":17},"end":{"line":8,"column":21}},{"start":{"line":8,"column":25},"end":{"line":8,"column":39}},{"start":{"line":8,"column":44},"end":{"line":16,"column":1}}],"line":8},"11":{"loc":{"start":{"line":9,"column":35},"end":{"line":9,"column":109}},"type":"cond-expr","locations":[{"start":{"line":9,"column":56},"end":{"line":9,"column":61}},{"start":{"line":9,"column":64},"end":{"line":9,"column":109}}],"line":9},"12":{"loc":{"start":{"line":10,"column":16},"end":{"line":10,"column":34}},"type":"binary-expr","locations":[{"start":{"line":10,"column":16},"end":{"line":10,"column":17}},{"start":{"line":10,"column":22},"end":{"line":10,"column":33}}],"line":10},"13":{"loc":{"start":{"line":13,"column":32},"end":{"line":13,"column":115}},"type":"cond-expr","locations":[{"start":{"line":13,"column":46},"end":{"line":13,"column":67}},{"start":{"line":13,"column":70},"end":{"line":13,"column":115}}],"line":13},"14":{"loc":{"start":{"line":14,"column":51},"end":{"line":14,"column":67}},"type":"binary-expr","locations":[{"start":{"line":14,"column":51},"end":{"line":14,"column":61}},{"start":{"line":14,"column":65},"end":{"line":14,"column":67}}],"line":14}},"s":{"0":2,"1":2,"2":2,"3":2,"4":0,"5":2,"6":2,"7":2,"8":2,"9":2,"10":2,"11":2,"12":2,"13":2,"14":2,"15":2,"16":0,"17":0,"18":0,"19":0,"20":4,"21":2,"22":2,"23":2,"24":2,"25":2,"26":0,"27":0,"28":0,"29":0,"30":2,"31":2,"32":0,"33":0,"34":2,"35":2},"f":{"0":2,"1":2,"2":2,"3":2,"4":2,"5":2,"6":0,"7":4,"8":0,"9":0,"10":0,"11":0,"12":2,"13":2,"14":0,"15":0},"b":{"0":[2,2,2],"1":[2,0],"2":[0,0],"3":[0,2],"4":[2,2],"5":[2,0],"6":[2,2],"7":[2,0],"8":[0,0],"9":[2,0,0],"10":[2,2,2],"11":[0,2],"12":[2,2],"13":[2,2],"14":[2,2]},"inputSourceMap":null,"_coverageSchema":"1a1c01bbd47fc00a2c39e90264f33305004495a9","hash":"62046bbb4b2ecb3331ec9ee0b79a7ac71f5ef190"}
,"C:\\Users\\Kareem Abdurrahman\\Documents\\Professional\\Lendsqr Backend Assessment\\dist\\src\\repositories\\WalletRepository.js": {"path":"C:\\Users\\Kareem Abdurrahman\\Documents\\Professional\\Lendsqr Backend Assessment\\dist\\src\\repositories\\WalletRepository.js","statementMap":{"0":{"start":{"line":2,"column":17},"end":{"line":7,"column":1}},"1":{"start":{"line":3,"column":12},"end":{"line":3,"column":28}},"2":{"start":{"line":3,"column":34},"end":{"line":3,"column":125}},"3":{"start":{"line":4,"column":4},"end":{"line":5,"column":150}},"4":{"start":{"line":4,"column":79},"end":{"line":4,"column":131}},"5":{"start":{"line":5,"column":9},"end":{"line":5,"column":150}},"6":{"start":{"line":5,"column":22},"end":{"line":5,"column":43}},"7":{"start":{"line":5,"column":58},"end":{"line":5,"column":150}},"8":{"start":{"line":5,"column":81},"end":{"line":5,"column":150}},"9":{"start":{"line":6,"column":4},"end":{"line":6,"column":66}},"10":{"start":{"line":8,"column":16},"end":{"line":16,"column":1}},"11":{"start":{"line":9,"column":28},"end":{"line":9,"column":110}},"12":{"start":{"line":9,"column":91},"end":{"line":9,"column":106}},"13":{"start":{"line":10,"column":4},"end":{"line":15,"column":7}},"14":{"start":{"line":11,"column":36},"end":{"line":11,"column":97}},"15":{"start":{"line":11,"column":42},"end":{"line":11,"column":70}},"16":{"start":{"line":11,"column":85},"end":{"line":11,"column":95}},"17":{"start":{"line":12,"column":35},"end":{"line":12,"column":100}},"18":{"start":{"line":12,"column":41},"end":{"line":12,"column":73}},"19":{"start":{"line":12,"column":88},"end":{"line":12,"column":98}},"20":{"start":{"line":13,"column":32},"end":{"line":13,"column":116}},"21":{"start":{"line":14,"column":8},"end":{"line":14,"column":78}},"22":{"start":{"line":17,"column":0},"end":{"line":17,"column":62}},"23":{"start":{"line":18,"column":17},"end":{"line":18,"column":34}},"24":{"start":{"line":19,"column":13},"end":{"line":19,"column":38}},"25":{"start":{"line":20,"column":23},"end":{"line":45,"column":1}},"26":{"start":{"line":22,"column":8},"end":{"line":28,"column":11}},"27":{"start":{"line":23,"column":12},"end":{"line":27,"column":15}},"28":{"start":{"line":31,"column":8},"end":{"line":33,"column":11}},"29":{"start":{"line":32,"column":12},"end":{"line":32,"column":86}},"30":{"start":{"line":36,"column":8},"end":{"line":38,"column":11}},"31":{"start":{"line":37,"column":12},"end":{"line":37,"column":82}},"32":{"start":{"line":41,"column":8},"end":{"line":43,"column":11}},"33":{"start":{"line":42,"column":12},"end":{"line":42,"column":93}},"34":{"start":{"line":46,"column":0},"end":{"line":48,"column":21}},"35":{"start":{"line":49,"column":0},"end":{"line":49,"column":35}}},"fnMap":{"0":{"name":"(anonymous_0)","decl":{"start":{"line":2,"column":46},"end":{"line":2,"column":47}},"loc":{"start":{"line":2,"column":87},"end":{"line":7,"column":1}},"line":2},"1":{"name":"(anonymous_1)","decl":{"start":{"line":8,"column":44},"end":{"line":8,"column":45}},"loc":{"start":{"line":8,"column":89},"end":{"line":16,"column":1}},"line":8},"2":{"name":"adopt","decl":{"start":{"line":9,"column":13},"end":{"line":9,"column":18}},"loc":{"start":{"line":9,"column":26},"end":{"line":9,"column":112}},"line":9},"3":{"name":"(anonymous_3)","decl":{"start":{"line":9,"column":70},"end":{"line":9,"column":71}},"loc":{"start":{"line":9,"column":89},"end":{"line":9,"column":108}},"line":9},"4":{"name":"(anonymous_4)","decl":{"start":{"line":10,"column":36},"end":{"line":10,"column":37}},"loc":{"start":{"line":10,"column":63},"end":{"line":15,"column":5}},"line":10},"5":{"name":"fulfilled","decl":{"start":{"line":11,"column":17},"end":{"line":11,"column":26}},"loc":{"start":{"line":11,"column":34},"end":{"line":11,"column":99}},"line":11},"6":{"name":"rejected","decl":{"start":{"line":12,"column":17},"end":{"line":12,"column":25}},"loc":{"start":{"line":12,"column":33},"end":{"line":12,"column":102}},"line":12},"7":{"name":"step","decl":{"start":{"line":13,"column":17},"end":{"line":13,"column":21}},"loc":{"start":{"line":13,"column":30},"end":{"line":13,"column":118}},"line":13},"8":{"name":"(anonymous_8)","decl":{"start":{"line":21,"column":4},"end":{"line":21,"column":5}},"loc":{"start":{"line":21,"column":25},"end":{"line":29,"column":5}},"line":21},"9":{"name":"(anonymous_9)","decl":{"start":{"line":22,"column":47},"end":{"line":22,"column":48}},"loc":{"start":{"line":22,"column":60},"end":{"line":28,"column":9}},"line":22},"10":{"name":"(anonymous_10)","decl":{"start":{"line":30,"column":4},"end":{"line":30,"column":5}},"loc":{"start":{"line":30,"column":25},"end":{"line":34,"column":5}},"line":30},"11":{"name":"(anonymous_11)","decl":{"start":{"line":31,"column":47},"end":{"line":31,"column":48}},"loc":{"start":{"line":31,"column":60},"end":{"line":33,"column":9}},"line":31},"12":{"name":"(anonymous_12)","decl":{"start":{"line":35,"column":4},"end":{"line":35,"column":5}},"loc":{"start":{"line":35,"column":31},"end":{"line":39,"column":5}},"line":35},"13":{"name":"(anonymous_13)","decl":{"start":{"line":36,"column":47},"end":{"line":36,"column":48}},"loc":{"start":{"line":36,"column":60},"end":{"line":38,"column":9}},"line":36},"14":{"name":"(anonymous_14)","decl":{"start":{"line":40,"column":4},"end":{"line":40,"column":5}},"loc":{"start":{"line":40,"column":35},"end":{"line":44,"column":5}},"line":40},"15":{"name":"(anonymous_15)","decl":{"start":{"line":41,"column":47},"end":{"line":41,"column":48}},"loc":{"start":{"line":41,"column":60},"end":{"line":43,"column":9}},"line":41}},"branchMap":{"0":{"loc":{"start":{"line":2,"column":17},"end":{"line":7,"column":1}},"type":"binary-expr","locations":[{"start":{"line":2,"column":18},"end":{"line":2,"column":22}},{"start":{"line":2,"column":26},"end":{"line":2,"column":41}},{"start":{"line":2,"column":46},"end":{"line":7,"column":1}}],"line":2},"1":{"loc":{"start":{"line":3,"column":34},"end":{"line":3,"column":125}},"type":"cond-expr","locations":[{"start":{"line":3,"column":42},"end":{"line":3,"column":48}},{"start":{"line":3,"column":51},"end":{"line":3,"column":125}}],"line":3},"2":{"loc":{"start":{"line":3,"column":51},"end":{"line":3,"column":125}},"type":"cond-expr","locations":[{"start":{"line":3,"column":67},"end":{"line":3,"column":118}},{"start":{"line":3,"column":121},"end":{"line":3,"column":125}}],"line":3},"3":{"loc":{"start":{"line":4,"column":4},"end":{"line":5,"column":150}},"type":"if","locations":[{"start":{"line":4,"column":4},"end":{"line":5,"column":150}},{"start":{"line":5,"column":9},"end":{"line":5,"column":150}}],"line":4},"4":{"loc":{"start":{"line":4,"column":8},"end":{"line":4,"column":77}},"type":"binary-expr","locations":[{"start":{"line":4,"column":8},"end":{"line":4,"column":35}},{"start":{"line":4,"column":39},"end":{"line":4,"column":77}}],"line":4},"5":{"loc":{"start":{"line":5,"column":58},"end":{"line":5,"column":150}},"type":"if","locations":[{"start":{"line":5,"column":58},"end":{"line":5,"column":150}},{"start":{},"end":{}}],"line":5},"6":{"loc":{"start":{"line":5,"column":85},"end":{"line":5,"column":149}},"type":"binary-expr","locations":[{"start":{"line":5,"column":86},"end":{"line":5,"column":143}},{"start":{"line":5,"column":148},"end":{"line":5,"column":149}}],"line":5},"7":{"loc":{"start":{"line":5,"column":86},"end":{"line":5,"column":143}},"type":"cond-expr","locations":[{"start":{"line":5,"column":94},"end":{"line":5,"column":98}},{"start":{"line":5,"column":101},"end":{"line":5,"column":143}}],"line":5},"8":{"loc":{"start":{"line":5,"column":101},"end":{"line":5,"column":143}},"type":"cond-expr","locations":[{"start":{"line":5,"column":109},"end":{"line":5,"column":126}},{"start":{"line":5,"column":129},"end":{"line":5,"column":143}}],"line":5},"9":{"loc":{"start":{"line":6,"column":11},"end":{"line":6,"column":62}},"type":"binary-expr","locations":[{"start":{"line":6,"column":11},"end":{"line":6,"column":16}},{"start":{"line":6,"column":20},"end":{"line":6,"column":21}},{"start":{"line":6,"column":25},"end":{"line":6,"column":62}}],"line":6},"10":{"loc":{"start":{"line":8,"column":16},"end":{"line":16,"column":1}},"type":"binary-expr","locations":[{"start":{"line":8,"column":17},"end":{"line":8,"column":21}},{"start":{"line":8,"column":25},"end":{"line":8,"column":39}},{"start":{"line":8,"column":44},"end":{"line":16,"column":1}}],"line":8},"11":{"loc":{"start":{"line":9,"column":35},"end":{"line":9,"column":109}},"type":"cond-expr","locations":[{"start":{"line":9,"column":56},"end":{"line":9,"column":61}},{"start":{"line":9,"column":64},"end":{"line":9,"column":109}}],"line":9},"12":{"loc":{"start":{"line":10,"column":16},"end":{"line":10,"column":34}},"type":"binary-expr","locations":[{"start":{"line":10,"column":16},"end":{"line":10,"column":17}},{"start":{"line":10,"column":22},"end":{"line":10,"column":33}}],"line":10},"13":{"loc":{"start":{"line":13,"column":32},"end":{"line":13,"column":115}},"type":"cond-expr","locations":[{"start":{"line":13,"column":46},"end":{"line":13,"column":67}},{"start":{"line":13,"column":70},"end":{"line":13,"column":115}}],"line":13},"14":{"loc":{"start":{"line":14,"column":51},"end":{"line":14,"column":67}},"type":"binary-expr","locations":[{"start":{"line":14,"column":51},"end":{"line":14,"column":61}},{"start":{"line":14,"column":65},"end":{"line":14,"column":67}}],"line":14}},"s":{"0":2,"1":2,"2":2,"3":2,"4":0,"5":2,"6":2,"7":2,"8":2,"9":2,"10":2,"11":0,"12":0,"13":0,"14":0,"15":0,"16":0,"17":0,"18":0,"19":0,"20":0,"21":0,"22":2,"23":2,"24":2,"25":2,"26":0,"27":0,"28":0,"29":0,"30":0,"31":0,"32":0,"33":0,"34":2,"35":2},"f":{"0":2,"1":0,"2":0,"3":0,"4":0,"5":0,"6":0,"7":0,"8":0,"9":0,"10":0,"11":0,"12":0,"13":0,"14":0,"15":0},"b":{"0":[2,2,2],"1":[2,0],"2":[0,0],"3":[0,2],"4":[2,2],"5":[2,0],"6":[2,2],"7":[2,0],"8":[0,0],"9":[2,0,0],"10":[2,2,2],"11":[0,0],"12":[0,0],"13":[0,0],"14":[0,0]},"inputSourceMap":null,"_coverageSchema":"1a1c01bbd47fc00a2c39e90264f33305004495a9","hash":"5d983dfb84758e3f8d2d15959c849a74b378dc2e"}
[...]
,"C:\\Users\\Kareem Abdurrahman\\Documents\\Professional\\Lendsqr Backend Assessment\\src\\routes\\AccountRouter.ts": {"path":"C:\\Users\\Kareem Abdurrahman\\Documents\\Professional\\Lendsqr Backend Assessment\\src\\routes\\AccountRouter.ts","statementMap":{"0":{"start":{"line":2,"column":0},"end":{"line":2,"column":53}},"1":{"start":{"line":4,"column":0},"end":{"line":4,"column":65}},"2":{"start":{"line":5,"column":0},"end":{"line":5,"column":42}},"3":{"start":{"line":6,"column":23},"end":{"line":6,"column":46}},"4":{"start":{"line":10,"column":13},"end":{"line":10,"column":45}},"5":{"start":{"line":13,"column":0},"end":{"line":13,"column":104}},"6":{"start":{"line":13,"column":71},"end":{"line":13,"column":103}},"7":{"start":{"line":13,"column":72},"end":{"line":13,"column":103}},"8":{"start":{"line":14,"column":0},"end":{"line":14,"column":113}},"9":{"start":{"line":14,"column":72},"end":{"line":14,"column":112}},"10":{"start":{"line":14,"column":73},"end":{"line":14,"column":112}},"11":{"start":{"line":15,"column":0},"end":{"line":15,"column":114}},"12":{"start":{"line":15,"column":75},"end":{"line":15,"column":113}},"13":{"start":{"line":15,"column":76},"end":{"line":15,"column":113}},"14":{"start":{"line":16,"column":0},"end":{"line":16,"column":115}},"15":{"start":{"line":16,"column":79},"end":{"line":16,"column":114}},"16":{"start":{"line":16,"column":80},"end":{"line":16,"column":114}},"17":{"start":{"line":17,"column":0},"end":{"line":17,"column":119}},"18":{"start":{"line":17,"column":79},"end":{"line":17,"column":118}},"19":{"start":{"line":17,"column":80},"end":{"line":17,"column":118}}},"fnMap":{"0":{"name":"(anonymous_8)","decl":{"start":{"line":13,"column":36},"end":{"line":13,"column":42}},"loc":{"start":{"line":13,"column":71},"end":{"line":13,"column":103}}},"1":{"name":"(anonymous_9)","decl":{"start":{"line":13,"column":71},"end":{"line":13,"column":72}},"loc":{"start":{"line":13,"column":71},"end":{"line":13,"column":103}}},"2":{"name":"(anonymous_10)","decl":{"start":{"line":14,"column":37},"end":{"line":14,"column":43}},"loc":{"start":{"line":14,"column":72},"end":{"line":14,"column":112}}},"3":{"name":"(anonymous_11)","decl":{"start":{"line":14,"column":72},"end":{"line":14,"column":73}},"loc":{"start":{"line":14,"column":72},"end":{"line":14,"column":112}}},"4":{"name":"(anonymous_12)","decl":{"start":{"line":15,"column":40},"end":{"line":15,"column":46}},"loc":{"start":{"line":15,"column":75},"end":{"line":15,"column":113}}},"5":{"name":"(anonymous_13)","decl":{"start":{"line":15,"column":75},"end":{"line":15,"column":76}},"loc":{"start":{"line":15,"column":75},"end":{"line":15,"column":113}}},"6":{"name":"(anonymous_14)","decl":{"start":{"line":16,"column":44},"end":{"line":16,"column":50}},"loc":{"start":{"line":16,"column":79},"end":{"line":16,"column":114}}},"7":{"name":"(anonymous_15)","decl":{"start":{"line":16,"column":79},"end":{"line":16,"column":80}},"loc":{"start":{"line":16,"column":79},"end":{"line":16,"column":114}}},"8":{"name":"(anonymous_16)","decl":{"start":{"line":17,"column":44},"end":{"line":17,"column":50}},"loc":{"start":{"line":17,"column":79},"end":{"line":17,"column":118}}},"9":{"name":"(anonymous_17)","decl":{"start":{"line":17,"column":79},"end":{"line":17,"column":80}},"loc":{"start":{"line":17,"column":79},"end":{"line":17,"column":118}}}},"branchMap":{},"s":{"0":1,"1":1,"2":1,"3":1,"4":1,"5":1,"6":0,"7":0,"8":1,"9":0,"10":0,"11":1,"12":0,"13":0,"14":1,"15":0,"16":0,"17":1,"18":0,"19":0},"f":{"0":0,"1":0,"2":0,"3":0,"4":0,"5":0,"6":0,"7":0,"8":0,"9":0},"b":{}}
,"C:\\Users\\Kareem Abdurrahman\\Documents\\Professional\\Lendsqr Backend Assessment\\src\\routes\\DefaultRouter.ts": {"path":"C:\\Users\\Kareem Abdurrahman\\Documents\\Professional\\Lendsqr Backend Assessment\\src\\routes\\DefaultRouter.ts","statementMap":{"0":{"start":{"line":1,"column":0},"end":{"line":1,"column":33}},"1":{"start":{"line":3,"column":13},"end":{"line":3,"column":37}},"2":{"start":{"line":5,"column":0},"end":{"line":10,"column":3}},"3":{"start":{"line":6,"column":2},"end":{"line":9,"column":5}}},"fnMap":{"0":{"name":"(anonymous_0)","decl":{"start":{"line":5,"column":22},"end":{"line":5,"column":23}},"loc":{"start":{"line":5,"column":35},"end":{"line":10,"column":1}}}},"branchMap":{},"s":{"0":1,"1":1,"2":1,"3":1},"f":{"0":1},"b":{}}
,"C:\\Users\\Kareem Abdurrahman\\Documents\\Professional\\Lendsqr Backend Assessment\\src\\routes\\index.ts": {"path":"C:\\Users\\Kareem Abdurrahman\\Documents\\Professional\\Lendsqr Backend Assessment\\src\\routes\\index.ts","statementMap":{"0":{"start":{"line":1,"column":0},"end":{"line":1,"column":30}},"1":{"start":{"line":2,"column":0},"end":{"line":2,"column":47}},"2":{"start":{"line":3,"column":0},"end":{"line":3,"column":47}},"3":{"start":{"line":5,"column":13},"end":{"line":5,"column":39}},"4":{"start":{"line":7,"column":0},"end":{"line":7,"column":25}},"5":{"start":{"line":8,"column":0},"end":{"line":8,"column":25}}},"fnMap":{},"branchMap":{},"s":{"0":1,"1":1,"2":1,"3":1,"4":1,"5":1},"f":{},"b":{}}
,"C:\\Users\\Kareem Abdurrahman\\Documents\\Professional\\Lendsqr Backend Assessment\\src\\services\\AccountService.ts": {"path":"C:\\Users\\Kareem Abdurrahman\\Documents\\Professional\\Lendsqr Backend Assessment\\src\\services\\AccountService.ts","statementMap":{"0":{"start":{"line":3,"column":0},"end":{"line":3,"column":60}},"1":{"start":{"line":5,"column":38},"end":{"line":5,"column":58}},"2":{"start":{"line":6,"column":0},"end":{"line":6,"column":64}},"3":{"start":{"line":7,"column":42},"end":{"line":7,"column":64}},"4":{"start":{"line":9,"column":0},"end":{"line":9,"column":34}},"5":{"start":{"line":11,"column":0},"end":{"line":11,"column":64}},"6":{"start":{"line":14,"column":28},"end":{"line":14,"column":52}},"7":{"start":{"line":26,"column":24},"end":{"line":26,"column":63}},"8":{"start":{"line":28,"column":5},"end":{"line":45,"column":null}},"9":{"start":{"line":30,"column":24},"end":{"line":30,"column":32}},"10":{"start":{"line":32,"column":32},"end":{"line":36,"column":null}},"11":{"start":{"line":39,"column":28},"end":{"line":39,"column":74}},"12":{"start":{"line":41,"column":6},"end":{"line":43,"column":null}},"13":{"start":{"line":42,"column":11},"end":{"line":42,"column":23}},"14":{"start":{"line":47,"column":4},"end":{"line":47,"column":17}},"15":{"start":{"line":55,"column":22},"end":{"line":55,"column":65}},"16":{"start":{"line":56,"column":4},"end":{"line":56,"column":null}},"17":{"start":{"line":62,"column":17},"end":{"line":62,"column":74}},"18":{"start":{"line":63,"column":19},"end":{"line":63,"column":72}},"19":{"start":{"line":65,"column":20},"end":{"line":65,"column":70}},"20":{"start":{"line":66,"column":5},"end":{"line":70,"column":null}},"21":{"start":{"line":67,"column":23},"end":{"line":67,"column":79}},"22":{"start":{"line":68,"column":7},"end":{"line":68,"column":67}},"23":{"start":{"line":69,"column":7},"end":{"line":69,"column":25}},"24":{"start":{"line":71,"column":4},"end":{"line":71,"column":16}},"25":{"start":{"line":77,"column":17},"end":{"line":77,"column":60}},"26":{"start":{"line":79,"column":4},"end":{"line":84,"column":null}},"27":{"start":{"line":80,"column":26},"end":{"line":80,"column":79}},"28":{"start":{"line":81,"column":7},"end":{"line":83,"column":null}},"29":{"start":{"line":82,"column":9},"end":{"line":82,"column":38}},"30":{"start":{"line":90,"column":17},"end":{"line":90,"column":65}},"31":{"start":{"line":91,"column":19},"end":{"line":91,"column":72}},"32":{"start":{"line":92,"column":20},"end":{"line":92,"column":65}},"33":{"start":{"line":94,"column":5},"end":{"line":98,"column":null}},"34":{"start":{"line":95,"column":23},"end":{"line":95,"column":70}},"35":{"start":{"line":96,"column":7},"end":{"line":96,"column":67}},"36":{"start":{"line":97,"column":7},"end":{"line":97,"column":25}},"37":{"start":{"line":99,"column":6},"end":{"line":99,"column":18}},"38":{"start":{"line":104,"column":17},"end":{"line":104,"column":69}},"39":{"start":{"line":105,"column":25},"end":{"line":105,"column":78}},"40":{"start":{"line":106,"column":28},"end":{"line":106,"column":89}},"41":{"start":{"line":110,"column":29},"end":{"line":110,"column":86}},"42":{"start":{"line":111,"column":31},"end":{"line":111,"column":91}},"43":{"start":{"line":112,"column":34},"end":{"line":112,"column":99}},"44":{"start":{"line":113,"column":37},"end":{"line":113,"column":119}},"45":{"start":{"line":115,"column":6},"end":{"line":119,"column":null}},"46":{"start":{"line":116,"column":8},"end":{"line":118,"column":null}},"47":{"start":{"line":121,"column":6},"end":{"line":121,"column":18}},"48":{"start":{"line":127,"column":19},"end":{"line":127,"column":62}},"49":{"start":{"line":129,"column":4},"end":{"line":136,"column":null}},"50":{"start":{"line":131,"column":18},"end":{"line":131,"column":65}},"51":{"start":{"line":132,"column":6},"end":{"line":135,"column":null}},"52":{"start":{"line":138,"column":4},"end":{"line":138,"column":16}},"53":{"start":{"line":20,"column":0},"end":{"line":20,"column":22}}},"fnMap":{"0":{"name":"(anonymous_8)","decl":{"start":{"line":24,"column":8},"end":{"line":24,"column":21}},"loc":{"start":{"line":24,"column":40},"end":{"line":49,"column":null}}},"1":{"name":"(anonymous_10)","decl":{"start":{"line":53,"column":8},"end":{"line":53,"column":19}},"loc":{"start":{"line":53,"column":32},"end":{"line":58,"column":null}}},"2":{"name":"(anonymous_12)","decl":{"start":{"line":61,"column":8},"end":{"line":61,"column":19}},"loc":{"start":{"line":61,"column":47},"end":{"line":72,"column":null}}},"3":{"name":"(anonymous_14)","decl":{"start":{"line":75,"column":8},"end":{"line":75,"column":20}},"loc":{"start":{"line":75,"column":33},"end":{"line":85,"column":null}}},"4":{"name":"(anonymous_16)","decl":{"start":{"line":88,"column":8},"end":{"line":88,"column":27}},"loc":{"start":{"line":88,"column":46},"end":{"line":100,"column":null}}},"5":{"name":"(anonymous_18)","decl":{"start":{"line":103,"column":8},"end":{"line":103,"column":20}},"loc":{"start":{"line":103,"column":45},"end":{"line":122,"column":null}}},"6":{"name":"(anonymous_20)","decl":{"start":{"line":126,"column":8},"end":{"line":126,"column":20}},"loc":{"start":{"line":126,"column":36},"end":{"line":140,"column":null}}}},"branchMap":{"0":{"loc":{"start":{"line":28,"column":5},"end":{"line":45,"column":null}},"type":"if","locations":[{"start":{"line":28,"column":5},"end":{"line":45,"column":null}}]},"1":{"loc":{"start":{"line":28,"column":8},"end":{"line":28,"column":58}},"type":"binary-expr","locations":[{"start":{"line":28,"column":8},"end":{"line":28,"column":32}},{"start":{"line":28,"column":36},"end":{"line":28,"column":58}}]},"2":{"loc":{"start":{"line":41,"column":6},"end":{"line":43,"column":null}},"type":"if","locations":[{"start":{"line":41,"column":6},"end":{"line":43,"column":null}}]},"3":{"loc":{"start":{"line":41,"column":9},"end":{"line":41,"column":63}},"type":"binary-expr","locations":[{"start":{"line":41,"column":9},"end":{"line":41,"column":35}},{"start":{"line":41,"column":39},"end":{"line":41,"column":63}}]},"4":{"loc":{"start":{"line":66,"column":5},"end":{"line":70,"column":null}},"type":"if","locations":[{"start":{"line":66,"column":5},"end":{"line":70,"column":null}}]},"5":{"loc":{"start":{"line":79,"column":4},"end":{"line":84,"column":null}},"type":"if","locations":[{"start":{"line":79,"column":4},"end":{"line":84,"column":null}}]},"6":{"loc":{"start":{"line":79,"column":7},"end":{"line":79,"column":43}},"type":"binary-expr","locations":[{"start":{"line":79,"column":7},"end":{"line":79,"column":24}},{"start":{"line":79,"column":28},"end":{"line":79,"column":43}}]},"7":{"loc":{"start":{"line":81,"column":7},"end":{"line":83,"column":null}},"type":"if","locations":[{"start":{"line":81,"column":7},"end":{"line":83,"column":null}}]},"8":{"loc":{"start":{"line":81,"column":10},"end":{"line":81,"column":58}},"type":"binary-expr","locations":[{"start":{"line":81,"column":10},"end":{"line":81,"column":33}},{"start":{"line":81,"column":37},"end":{"line":81,"column":58}}]},"9":{"loc":{"start":{"line":94,"column":5},"end":{"line":98,"column":null}},"type":"if","locations":[{"start":{"line":94,"column":5},"end":{"line":98,"column":null}}]},"10":{"loc":{"start":{"line":115,"column":6},"end":{"line":119,"column":null}},"type":"if","locations":[{"start":{"line":115,"column":6},"end":{"line":119,"column":null}}]},"11":{"loc":{"start":{"line":115,"column":9},"end":{"line":115,"column":82}},"type":"binary-expr","locations":[{"start":{"line":115,"column":9},"end":{"line":115,"column":42}},{"start":{"line":115,"column":46},"end":{"line":115,"column":82}}]},"12":{"loc":{"start":{"line":129,"column":4},"end":{"line":136,"column":null}},"type":"if","locations":[{"start":{"line":129,"column":4},"end":{"line":136,"column":null}}]},"13":{"loc":{"start":{"line":129,"column":7},"end":{"line":129,"column":47}},"type":"binary-expr","locations":[{"start":{"line":129,"column":7},"end":{"line":129,"column":26}},{"start":{"line":129,"column":30},"end":{"line":129,"column":47}}]}},"s":{"0":1,"1":1,"2":1,"3":1,"4":1,"5":1,"6":1,"7":0,"8":0,"9":0,"10":0,"11":0,"12":0,"13":0,"14":0,"15":0,"16":0,"17":0,"18":0,"19":0,"20":0,"21":0,"22":0,"23":0,"24":0,"25":0,"26":0,"27":0,"28":0,"29":0,"30":0,"31":0,"32":0,"33":0,"34":0,"35":0,"36":0,"37":0,"38":0,"39":0,"40":0,"41":0,"42":0,"43":0,"44":0,"45":0,"46":0,"47":0,"48":0,"49":0,"50":0,"51":0,"52":0,"53":1},"f":{"0":0,"1":0,"2":0,"3":0,"4":0,"5":0,"6":0},"b":{"0":[0],"1":[0,0],"2":[0],"3":[0,0],"4":[0],"5":[0],"6":[0,0],"7":[0],"8":[0,0],"9":[0],"10":[0],"11":[0,0],"12":[0],"13":[0,0]}}
,"C:\\Users\\Kareem Abdurrahman\\Documents\\Professional\\Lendsqr Backend Assessment\\src\\services\\TransactionService.ts": {"path":"C:\\Users\\Kareem Abdurrahman\\Documents\\Professional\\Lendsqr Backend Assessment\\src\\services\\TransactionService.ts","statementMap":{"0":{"start":{"line":2,"column":0},"end":{"line":2,"column":33}},"1":{"start":{"line":3,"column":0},"end":{"line":3,"column":60}},"2":{"start":{"line":4,"column":38},"end":{"line":4,"column":58}},"3":{"start":{"line":5,"column":0},"end":{"line":5,"column":74}},"4":{"start":{"line":6,"column":49},"end":{"line":6,"column":76}},"5":{"start":{"line":8,"column":0},"end":{"line":8,"column":26}},"6":{"start":{"line":9,"column":0},"end":{"line":9,"column":31}},"7":{"start":{"line":10,"column":0},"end":{"line":10,"column":28}},"8":{"start":{"line":15,"column":0},"end":{"line":15,"column":16}},"9":{"start":{"line":17,"column":25},"end":{"line":17,"column":59}},"10":{"start":{"line":18,"column":30},"end":{"line":18,"column":68}},"11":{"start":{"line":19,"column":23},"end":{"line":19,"column":55}},"12":{"start":{"line":20,"column":28},"end":{"line":20,"column":53}},"13":{"start":{"line":21,"column":28},"end":{"line":21,"column":53}},"14":{"start":{"line":26,"column":0},"end":{"line":177,"column":null}},"15":{"start":{"line":31,"column":4},"end":{"line":61,"column":null}},"16":{"start":{"line":34,"column":25},"end":{"line":40,"column":null}},"17":{"start":{"line":41,"column":24},"end":{"line":43,"column":null}},"18":{"start":{"line":44,"column":23},"end":{"line":44,"column":48}},"19":{"start":{"line":45,"column":21},"end":{"line":49,"column":8}},"20":{"start":{"line":51,"column":6},"end":{"line":53,"column":null}},"21":{"start":{"line":58,"column":6},"end":{"line":60,"column":null}},"22":{"start":{"line":71,"column":4},"end":{"line":128,"column":null}},"23":{"start":{"line":73,"column":23},"end":{"line":86,"column":null}},"24":{"start":{"line":88,"column":24},"end":{"line":90,"column":null}},"25":{"start":{"line":91,"column":23},"end":{"line":91,"column":56}},"26":{"start":{"line":93,"column":21},"end":{"line":97,"column":8}},"27":{"start":{"line":98,"column":24},"end":{"line":98,"column":72}},"28":{"start":{"line":99,"column":30},"end":{"line":99,"column":83}},"29":{"start":{"line":101,"column":6},"end":{"line":118,"column":null}},"30":{"start":{"line":102,"column":49},"end":{"line":109,"column":null}},"31":{"start":{"line":111,"column":8},"end":{"line":111,"column":50}},"32":{"start":{"line":113,"column":8},"end":{"line":115,"column":null}},"33":{"start":{"line":124,"column":6},"end":{"line":126,"column":null}},"34":{"start":{"line":132,"column":4},"end":{"line":132,"column":67}},"35":{"start":{"line":136,"column":8},"end":{"line":160,"column":null}},"36":{"start":{"line":139,"column":29},"end":{"line":142,"column":null}},"37":{"start":{"line":144,"column":27},"end":{"line":144,"column":58}},"38":{"start":{"line":145,"column":25},"end":{"line":149,"column":12}},"39":{"start":{"line":150,"column":10},"end":{"line":152,"column":null}},"40":{"start":{"line":156,"column":10},"end":{"line":158,"column":null}},"41":{"start":{"line":165,"column":14},"end":{"line":165,"column":27}},"42":{"start":{"line":166,"column":17},"end":{"line":168,"column":null}},"43":{"start":{"line":170,"column":4},"end":{"line":170,"column":29}},"44":{"start":{"line":171,"column":4},"end":{"line":171,"column":58}},"45":{"start":{"line":172,"column":4},"end":{"line":172,"column":20}},"46":{"start":{"line":173,"column":20},"end":{"line":173,"column":33}},"47":{"start":{"line":174,"column":4},"end":{"line":174,"column":53}},"48":{"start":{"line":26,"column":6},"end":{"line":177,"column":null}},"49":{"start":{"line":179,"column":0},"end":{"line":179,"column":34}}},"fnMap":{"0":{"name":"(anonymous_9)","decl":{"start":{"line":30,"column":7},"end":{"line":30,"column":21}},"loc":{"start":{"line":30,"column":40},"end":{"line":64,"column":null}}},"1":{"name":"(anonymous_11)","decl":{"start":{"line":69,"column":6},"end":{"line":69,"column":16}},"loc":{"start":{"line":69,"column":36},"end":{"line":129,"column":null}}},"2":{"name":"(anonymous_13)","decl":{"start":{"line":131,"column":8},"end":{"line":131,"column":25}},"loc":{"start":{"line":131,"column":58},"end":{"line":133,"column":null}}},"3":{"name":"(anonymous_15)","decl":{"start":{"line":135,"column":16},"end":{"line":135,"column":30}},"loc":{"start":{"line":135,"column":38},"end":{"line":161,"column":null}}},"4":{"name":"(anonymous_17)","decl":{"start":{"line":164,"column":11},"end":{"line":164,"column":18}},"loc":{"start":{"line":164,"column":23},"end":{"line":175,"column":5}}}},"branchMap":{"0":{"loc":{"start":{"line":101,"column":6},"end":{"line":118,"column":null}},"type":"if","locations":[{"start":{"line":101,"column":6},"end":{"line":118,"column":null}}]}},"s":{"0":1,"1":1,"2":1,"3":1,"4":1,"5":1,"6":1,"7":1,"8":1,"9":1,"10":1,"11":1,"12":1,"13":1,"14":1,"15":0,"16":0,"17":0,"18":0,"19":0,"20":0,"21":0,"22":0,"23":0,"24":0,"25":0,"26":0,"27":0,"28":0,"29":0,"30":0,"31":0,"32":0,"33":0,"34":0,"35":0,"36":0,"37":0,"38":0,"39":0,"40":0,"41":0,"42":0,"43":0,"44":0,"45":0,"46":0,"47":0,"48":1,"49":1},"f":{"0":0,"1":0,"2":0,"3":0,"4":0},"b":{"0":[0]}}
}
