TN:
SF:src\app.ts
FN:23,(anonymous_7)
FN:41,(anonymous_8)
FNF:2
FNH:1
FNDA:1,(anonymous_7)
FNDA:0,(anonymous_8)
DA:2,1
DA:4,1
DA:5,1
DA:6,1
DA:7,1
DA:9,1
DA:10,1
DA:13,1
DA:16,1
DA:23,1
DA:24,1
DA:25,1
DA:29,1
DA:33,1
DA:38,1
DA:41,1
DA:42,0
LF:17
LH:16
BRF:0
BRH:0
end_of_record
TN:
SF:src\controllers\AccountController.ts
FN:22,(anonymous_14)
FN:72,(anonymous_16)
FN:129,(anonymous_18)
FN:184,(anonymous_20)
FN:248,(anonymous_22)
FNF:5
FNH:0
FNDA:0,(anonymous_14)
FNDA:0,(anonymous_16)
FNDA:0,(anonymous_18)
FNDA:0,(anonymous_20)
FNDA:0,(anonymous_22)
DA:5,1
DA:6,1
DA:7,1
DA:8,1
DA:13,1
DA:14,1
DA:15,1
DA:18,1
DA:25,0
DA:27,0
DA:30,0
DA:32,0
DA:33,0
DA:38,0
DA:40,0
DA:47,0
DA:49,0
DA:50,0
DA:56,0
DA:63,0
DA:73,0
DA:75,0
DA:85,0
DA:87,0
DA:88,0
DA:93,0
DA:104,0
DA:106,0
DA:107,0
DA:113,0
DA:120,0
DA:131,0
DA:133,0
DA:135,0
DA:137,0
DA:138,0
DA:144,0
DA:146,0
DA:147,0
DA:152,0
DA:160,0
DA:162,0
DA:163,0
DA:169,0
DA:176,0
DA:186,0
DA:188,0
DA:191,0
DA:193,0
DA:194,0
DA:200,0
DA:202,0
DA:203,0
DA:209,0
DA:211,0
DA:212,0
DA:218,0
DA:224,0
DA:226,0
DA:227,0
DA:233,0
DA:240,0
DA:250,0
DA:251,0
DA:252,0
DA:253,0
DA:260,0
DA:261,0
DA:262,0
DA:263,0
DA:269,0
DA:271,0
DA:272,0
DA:278,0
DA:285,0
LF:75
LH:8
BRDA:27,0,0,0
BRDA:27,0,1,0
BRDA:27,1,0,0
BRDA:27,1,1,0
BRDA:27,1,2,0
BRDA:27,1,3,0
BRDA:32,2,0,0
BRDA:32,3,0,0
BRDA:32,3,1,0
BRDA:49,4,0,0
BRDA:49,4,1,0
BRDA:75,5,0,0
BRDA:75,5,1,0
BRDA:75,6,0,0
BRDA:75,6,1,0
BRDA:75,6,2,0
BRDA:75,6,3,0
BRDA:75,6,4,0
BRDA:75,6,5,0
BRDA:75,6,6,0
BRDA:75,6,7,0
BRDA:87,7,0,0
BRDA:87,8,0,0
BRDA:87,8,1,0
BRDA:106,9,0,0
BRDA:106,9,1,0
BRDA:133,10,0,0
BRDA:133,10,1,0
BRDA:133,11,0,0
BRDA:133,11,1,0
BRDA:133,11,2,0
BRDA:133,11,3,0
BRDA:133,11,4,0
BRDA:133,11,5,0
BRDA:137,12,0,0
BRDA:137,13,0,0
BRDA:137,13,1,0
BRDA:146,14,0,0
BRDA:146,15,0,0
BRDA:146,15,1,0
BRDA:162,16,0,0
BRDA:162,16,1,0
BRDA:188,17,0,0
BRDA:188,17,1,0
BRDA:188,18,0,0
BRDA:188,18,1,0
BRDA:188,18,2,0
BRDA:193,19,0,0
BRDA:193,20,0,0
BRDA:193,20,1,0
BRDA:202,21,0,0
BRDA:211,22,0,0
BRDA:211,23,0,0
BRDA:211,23,1,0
BRDA:226,24,0,0
BRDA:226,24,1,0
BRDA:252,25,0,0
BRDA:252,26,0,0
BRDA:252,26,1,0
BRDA:262,27,0,0
BRDA:262,28,0,0
BRDA:262,28,1,0
BRDA:271,29,0,0
BRF:63
BRH:0
end_of_record
TN:
SF:src\database\db.ts
FNF:0
FNH:0
DA:1,1
DA:2,1
DA:4,1
DA:6,1
LF:4
LH:4
BRF:0
BRH:0
end_of_record
TN:
SF:src\middlewares\Auth.ts
FN:9,(anonymous_7)
FNF:1
FNH:0
FNDA:0,(anonymous_7)
DA:2,1
DA:3,1
DA:4,1
DA:6,1
DA:9,1
DA:11,0
DA:16,0
DA:17,0
DA:18,0
DA:21,0
DA:25,0
DA:30,0
DA:31,0
DA:34,0
DA:37,0
LF:15
LH:5
BRF:0
BRH:0
end_of_record
TN:
SF:src\repositories\TransactionRepository.ts
FN:11,(anonymous_8)
FN:22,(anonymous_10)
FNF:2
FNH:0
FNDA:0,(anonymous_8)
FNDA:0,(anonymous_10)
DA:2,1
DA:3,1
DA:8,1
DA:13,0
DA:24,0
DA:30,1
LF:6
LH:4
BRF:0
BRH:0
end_of_record
TN:
SF:src\repositories\UserRepository.ts
FN:11,(anonymous_8)
FN:15,(anonymous_10)
FN:26,(anonymous_12)
FN:31,(anonymous_14)
FNF:4
FNH:0
FNDA:0,(anonymous_8)
FNDA:0,(anonymous_10)
FNDA:0,(anonymous_12)
FNDA:0,(anonymous_14)
DA:2,1
DA:4,1
DA:9,1
DA:12,0
DA:17,0
DA:27,0
DA:32,0
DA:37,1
LF:8
LH:4
BRF:0
BRH:0
end_of_record
TN:
SF:src\repositories\WalletRepository.ts
FN:11,(anonymous_8)
FN:19,(anonymous_10)
FN:23,(anonymous_12)
FN:27,(anonymous_14)
FNF:4
FNH:0
FNDA:0,(anonymous_8)
FNDA:0,(anonymous_10)
FNDA:0,(anonymous_12)
FNDA:0,(anonymous_14)
DA:2,1
DA:4,1
DA:8,1
DA:12,0
DA:20,0
DA:24,0
DA:28,0
DA:33,1
LF:8
LH:4
BRF:0
BRH:0
end_of_record
TN:
SF:src\routes\AccountRouter.ts
FN:13,(anonymous_8)
FN:13,(anonymous_9)
FN:14,(anonymous_10)
FN:14,(anonymous_11)
FN:15,(anonymous_12)
FN:15,(anonymous_13)
FN:16,(anonymous_14)
FN:16,(anonymous_15)
FN:17,(anonymous_16)
FN:17,(anonymous_17)
FNF:10
FNH:0
FNDA:0,(anonymous_8)
FNDA:0,(anonymous_9)
FNDA:0,(anonymous_10)
FNDA:0,(anonymous_11)
FNDA:0,(anonymous_12)
FNDA:0,(anonymous_13)
FNDA:0,(anonymous_14)
FNDA:0,(anonymous_15)
FNDA:0,(anonymous_16)
FNDA:0,(anonymous_17)
DA:2,1
DA:4,1
DA:5,1
DA:6,1
DA:10,1
DA:13,1
DA:14,1
DA:15,1
DA:16,1
DA:17,1
LF:10
LH:10
BRF:0
BRH:0
end_of_record
TN:
SF:src\routes\DefaultRouter.ts
FN:5,(anonymous_0)
FNF:1
FNH:1
FNDA:1,(anonymous_0)
DA:1,1
DA:3,1
DA:5,1
DA:6,1
LF:4
LH:4
BRF:0
BRH:0
end_of_record
TN:
SF:src\routes\index.ts
FNF:0
FNH:0
DA:1,1
DA:2,1
DA:3,1
DA:5,1
DA:7,1
DA:8,1
LF:6
LH:6
BRF:0
BRH:0
end_of_record
TN:
SF:src\services\AccountService.ts
FN:24,(anonymous_8)
FN:53,(anonymous_10)
FN:61,(anonymous_12)
FN:75,(anonymous_14)
FN:88,(anonymous_16)
FN:103,(anonymous_18)
FN:126,(anonymous_20)
FNF:7
FNH:0
FNDA:0,(anonymous_8)
FNDA:0,(anonymous_10)
FNDA:0,(anonymous_12)
FNDA:0,(anonymous_14)
FNDA:0,(anonymous_16)
FNDA:0,(anonymous_18)
FNDA:0,(anonymous_20)
DA:3,1
DA:5,1
DA:6,1
DA:7,1
DA:9,1
DA:11,1
DA:14,1
DA:20,1
DA:26,0
DA:28,0
DA:30,0
DA:32,0
DA:39,0
DA:41,0
DA:42,0
DA:47,0
DA:55,0
DA:56,0
DA:62,0
DA:63,0
DA:65,0
DA:66,0
DA:67,0
DA:68,0
DA:69,0
DA:71,0
DA:77,0
DA:79,0
DA:80,0
DA:81,0
DA:82,0
DA:90,0
DA:91,0
DA:92,0
DA:94,0
DA:95,0
DA:96,0
DA:97,0
DA:99,0
DA:104,0
DA:105,0
DA:106,0
DA:110,0
DA:111,0
DA:112,0
DA:113,0
DA:115,0
DA:116,0
DA:121,0
DA:127,0
DA:129,0
DA:131,0
DA:132,0
DA:138,0
LF:54
LH:8
BRDA:28,0,0,0
BRDA:28,1,0,0
BRDA:28,1,1,0
BRDA:41,2,0,0
BRDA:41,3,0,0
BRDA:41,3,1,0
BRDA:66,4,0,0
BRDA:79,5,0,0
BRDA:79,6,0,0
BRDA:79,6,1,0
BRDA:81,7,0,0
BRDA:81,8,0,0
BRDA:81,8,1,0
BRDA:94,9,0,0
BRDA:115,10,0,0
BRDA:115,11,0,0
BRDA:115,11,1,0
BRDA:129,12,0,0
BRDA:129,13,0,0
BRDA:129,13,1,0
BRF:20
BRH:0
end_of_record
TN:
SF:src\services\TransactionService.ts
FN:30,(anonymous_9)
FN:69,(anonymous_11)
FN:131,(anonymous_13)
FN:135,(anonymous_15)
FN:164,(anonymous_17)
FNF:5
FNH:0
FNDA:0,(anonymous_9)
FNDA:0,(anonymous_11)
FNDA:0,(anonymous_13)
FNDA:0,(anonymous_15)
FNDA:0,(anonymous_17)
DA:2,1
DA:3,1
DA:4,1
DA:5,1
DA:6,1
DA:8,1
DA:9,1
DA:10,1
DA:15,1
DA:17,1
DA:18,1
DA:19,1
DA:20,1
DA:21,1
DA:26,1
DA:31,0
DA:34,0
DA:41,0
DA:44,0
DA:45,0
DA:51,0
DA:58,0
DA:71,0
DA:73,0
DA:88,0
DA:91,0
DA:93,0
DA:98,0
DA:99,0
DA:101,0
DA:102,0
DA:111,0
DA:113,0
DA:124,0
DA:132,0
DA:136,0
DA:139,0
DA:144,0
DA:145,0
DA:150,0
DA:156,0
DA:165,0
DA:166,0
DA:170,0
DA:171,0
DA:172,0
DA:173,0
DA:174,0
DA:179,1
LF:49
LH:16
BRDA:101,0,0,0
BRF:1
BRH:0
end_of_record
