TN:
SF:dist\src\app.js
FN:2,(anonymous_0)
FN:6,(anonymous_1)
FN:9,(anonymous_2)
FN:13,(anonymous_3)
FN:15,(anonymous_4)
FN:18,(anonymous_5)
FN:25,(anonymous_6)
FN:41,(anonymous_7)
FN:49,(anonymous_8)
FNF:9
FNH:6
FNDA:4,(anonymous_0)
FNDA:1,(anonymous_1)
FNDA:0,(anonymous_2)
FNDA:1,(anonymous_3)
FNDA:0,(anonymous_4)
FNDA:1,(anonymous_5)
FNDA:3,(anonymous_6)
FNDA:1,(anonymous_7)
FNDA:0,(anonymous_8)
DA:2,1
DA:3,4
DA:4,4
DA:5,4
DA:6,4
DA:8,4
DA:10,0
DA:11,0
DA:13,1
DA:14,1
DA:16,0
DA:18,1
DA:19,1
DA:20,1
DA:21,4
DA:22,1
DA:23,1
DA:25,1
DA:26,3
DA:28,1
DA:29,1
DA:30,1
DA:31,1
DA:32,1
DA:33,1
DA:34,1
DA:35,1
DA:36,1
DA:37,1
DA:38,1
DA:41,1
DA:42,1
DA:43,1
DA:44,1
DA:46,1
DA:48,1
DA:49,1
DA:50,0
LF:38
LH:34
BRDA:2,0,0,1
BRDA:2,0,1,1
BRDA:2,0,2,1
BRDA:2,1,0,1
BRDA:2,1,1,0
BRDA:3,2,0,4
BRDA:3,2,1,0
BRDA:5,3,0,4
BRDA:5,3,1,0
BRDA:5,4,0,4
BRDA:5,4,1,4
BRDA:5,5,0,4
BRDA:5,5,1,0
BRDA:5,6,0,0
BRDA:5,6,1,0
BRDA:10,7,0,0
BRDA:10,7,1,0
BRDA:13,8,0,1
BRDA:13,8,1,1
BRDA:13,8,2,1
BRDA:13,9,0,1
BRDA:13,9,1,0
BRDA:18,10,0,1
BRDA:18,10,1,1
BRDA:18,10,2,1
BRDA:19,11,0,0
BRDA:19,11,1,1
BRDA:19,12,0,1
BRDA:19,12,1,1
BRDA:21,13,0,1
BRDA:21,13,1,0
BRDA:21,14,0,4
BRDA:21,14,1,0
BRDA:21,15,0,4
BRDA:21,15,1,4
BRDA:25,16,0,1
BRDA:25,16,1,1
BRDA:25,16,2,1
BRDA:26,17,0,0
BRDA:26,17,1,3
BRDA:26,18,0,3
BRDA:26,18,1,3
BRF:42
BRH:29
end_of_record
TN:
SF:dist\src\controllers\AccountController.js
FN:2,(anonymous_0)
FN:6,(anonymous_1)
FN:9,(anonymous_2)
FN:13,(anonymous_3)
FN:15,(anonymous_4)
FN:18,(anonymous_5)
FN:25,(anonymous_6)
FN:26,adopt
FN:26,(anonymous_8)
FN:27,(anonymous_9)
FN:28,fulfilled
FN:29,rejected
FN:30,step
FN:34,(anonymous_13)
FN:48,(anonymous_14)
FN:49,(anonymous_15)
FN:88,(anonymous_16)
FN:89,(anonymous_17)
FN:138,(anonymous_18)
FN:139,(anonymous_19)
FN:185,(anonymous_20)
FN:186,(anonymous_21)
FN:237,(anonymous_22)
FN:238,(anonymous_23)
FNF:24
FNH:11
FNDA:12,(anonymous_0)
FNDA:0,(anonymous_1)
FNDA:0,(anonymous_2)
FNDA:2,(anonymous_3)
FNDA:0,(anonymous_4)
FNDA:2,(anonymous_5)
FNDA:3,(anonymous_6)
FNDA:2,adopt
FNDA:0,(anonymous_8)
FNDA:3,(anonymous_9)
FNDA:2,fulfilled
FNDA:0,rejected
FNDA:5,step
FNDA:6,(anonymous_13)
FNDA:0,(anonymous_14)
FNDA:0,(anonymous_15)
FNDA:0,(anonymous_16)
FNDA:0,(anonymous_17)
FNDA:0,(anonymous_18)
FNDA:0,(anonymous_19)
FNDA:0,(anonymous_20)
FNDA:0,(anonymous_21)
FNDA:3,(anonymous_22)
FNDA:3,(anonymous_23)
DA:2,2
DA:3,12
DA:4,12
DA:5,12
DA:6,12
DA:8,12
DA:10,0
DA:11,0
DA:13,2
DA:14,2
DA:16,0
DA:18,2
DA:19,2
DA:20,2
DA:21,12
DA:22,2
DA:23,2
DA:25,2
DA:26,2
DA:27,3
DA:28,2
DA:29,0
DA:30,5
DA:31,3
DA:34,2
DA:35,6
DA:37,2
DA:38,2
DA:39,2
DA:40,2
DA:41,2
DA:42,2
DA:43,2
DA:44,2
DA:49,0
DA:50,0
DA:51,0
DA:52,0
DA:53,0
DA:54,0
DA:59,0
DA:60,0
DA:66,0
DA:67,0
DA:68,0
DA:74,0
DA:81,0
DA:89,0
DA:90,0
DA:91,0
DA:99,0
DA:100,0
DA:101,0
DA:106,0
DA:116,0
DA:117,0
DA:118,0
DA:124,0
DA:131,0
DA:139,0
DA:140,0
DA:141,0
DA:142,0
DA:143,0
DA:144,0
DA:149,0
DA:150,0
DA:151,0
DA:156,0
DA:163,0
DA:164,0
DA:165,0
DA:171,0
DA:178,0
DA:186,0
DA:187,0
DA:188,0
DA:189,0
DA:190,0
DA:191,0
DA:196,0
DA:197,0
DA:198,0
DA:203,0
DA:204,0
DA:205,0
DA:210,0
DA:215,0
DA:216,0
DA:217,0
DA:223,0
DA:230,0
DA:238,3
DA:239,3
DA:240,3
DA:241,3
DA:242,1
DA:247,2
DA:248,2
DA:249,2
DA:250,2
DA:255,0
DA:256,0
DA:257,0
DA:262,0
DA:263,0
DA:271,2
LF:107
LH:40
BRDA:2,0,0,2
BRDA:2,0,1,2
BRDA:2,0,2,2
BRDA:2,1,0,2
BRDA:2,1,1,0
BRDA:3,2,0,12
BRDA:3,2,1,0
BRDA:5,3,0,12
BRDA:5,3,1,0
BRDA:5,4,0,12
BRDA:5,4,1,12
BRDA:5,5,0,0
BRDA:5,5,1,12
BRDA:5,6,0,12
BRDA:5,6,1,0
BRDA:10,7,0,0
BRDA:10,7,1,0
BRDA:13,8,0,2
BRDA:13,8,1,2
BRDA:13,8,2,2
BRDA:13,9,0,2
BRDA:13,9,1,0
BRDA:18,10,0,2
BRDA:18,10,1,2
BRDA:18,10,2,2
BRDA:19,11,0,0
BRDA:19,11,1,2
BRDA:19,12,0,2
BRDA:19,12,1,2
BRDA:21,13,0,2
BRDA:21,13,1,0
BRDA:21,14,0,12
BRDA:21,14,1,0
BRDA:21,15,0,12
BRDA:21,15,1,12
BRDA:25,16,0,2
BRDA:25,16,1,2
BRDA:25,16,2,2
BRDA:26,17,0,2
BRDA:26,17,1,0
BRDA:27,18,0,3
BRDA:27,18,1,3
BRDA:30,19,0,3
BRDA:30,19,1,2
BRDA:31,20,0,3
BRDA:31,20,1,3
BRDA:34,21,0,2
BRDA:34,21,1,2
BRDA:34,21,2,2
BRDA:35,22,0,2
BRDA:35,22,1,4
BRDA:35,23,0,6
BRDA:35,23,1,6
BRDA:51,24,0,0
BRDA:51,24,1,0
BRDA:51,25,0,0
BRDA:51,25,1,0
BRDA:51,25,2,0
BRDA:51,25,3,0
BRDA:53,26,0,0
BRDA:53,26,1,0
BRDA:53,27,0,0
BRDA:53,27,1,0
BRDA:67,28,0,0
BRDA:67,28,1,0
BRDA:91,29,0,0
BRDA:91,29,1,0
BRDA:91,30,0,0
BRDA:91,30,1,0
BRDA:91,30,2,0
BRDA:91,30,3,0
BRDA:91,30,4,0
BRDA:91,30,5,0
BRDA:91,30,6,0
BRDA:91,30,7,0
BRDA:100,31,0,0
BRDA:100,31,1,0
BRDA:100,32,0,0
BRDA:100,32,1,0
BRDA:117,33,0,0
BRDA:117,33,1,0
BRDA:141,34,0,0
BRDA:141,34,1,0
BRDA:141,35,0,0
BRDA:141,35,1,0
BRDA:141,35,2,0
BRDA:141,35,3,0
BRDA:141,35,4,0
BRDA:141,35,5,0
BRDA:143,36,0,0
BRDA:143,36,1,0
BRDA:143,37,0,0
BRDA:143,37,1,0
BRDA:150,38,0,0
BRDA:150,38,1,0
BRDA:150,39,0,0
BRDA:150,39,1,0
BRDA:164,40,0,0
BRDA:164,40,1,0
BRDA:188,41,0,0
BRDA:188,41,1,0
BRDA:188,42,0,0
BRDA:188,42,1,0
BRDA:188,42,2,0
BRDA:190,43,0,0
BRDA:190,43,1,0
BRDA:190,44,0,0
BRDA:190,44,1,0
BRDA:197,45,0,0
BRDA:197,45,1,0
BRDA:204,46,0,0
BRDA:204,46,1,0
BRDA:204,47,0,0
BRDA:204,47,1,0
BRDA:216,48,0,0
BRDA:216,48,1,0
BRDA:241,49,0,1
BRDA:241,49,1,2
BRDA:241,50,0,3
BRDA:241,50,1,2
BRDA:249,51,0,2
BRDA:249,51,1,0
BRDA:249,52,0,2
BRDA:249,52,1,2
BRDA:256,53,0,0
BRDA:256,53,1,0
BRF:126
BRH:48
end_of_record
TN:
SF:dist\src\database\db.js
FN:2,(anonymous_0)
FNF:1
FNH:1
FNDA:2,(anonymous_0)
DA:2,2
DA:3,2
DA:5,2
DA:6,2
DA:7,2
DA:8,2
DA:9,2
DA:10,2
LF:8
LH:8
BRDA:2,0,0,2
BRDA:2,0,1,2
BRDA:2,0,2,2
BRDA:3,1,0,0
BRDA:3,1,1,2
BRDA:3,2,0,2
BRDA:3,2,1,2
BRF:7
BRH:6
end_of_record
TN:
SF:dist\src\middlewares\Auth.js
FN:2,(anonymous_0)
FN:6,(anonymous_1)
FN:9,(anonymous_2)
FN:13,(anonymous_3)
FN:15,(anonymous_4)
FN:18,(anonymous_5)
FN:25,(anonymous_6)
FN:34,(anonymous_7)
FNF:8
FNH:4
FNDA:6,(anonymous_0)
FNDA:0,(anonymous_1)
FNDA:0,(anonymous_2)
FNDA:1,(anonymous_3)
FNDA:0,(anonymous_4)
FNDA:1,(anonymous_5)
FNDA:1,(anonymous_6)
FNDA:0,(anonymous_7)
DA:2,1
DA:3,6
DA:4,6
DA:5,6
DA:6,6
DA:8,6
DA:10,0
DA:11,0
DA:13,1
DA:14,1
DA:16,0
DA:18,1
DA:19,1
DA:20,1
DA:21,6
DA:22,1
DA:23,1
DA:25,1
DA:26,1
DA:28,1
DA:29,1
DA:30,1
DA:31,1
DA:32,1
DA:33,1
DA:34,1
DA:36,0
DA:39,0
DA:40,0
DA:41,0
DA:45,0
DA:49,0
DA:52,0
DA:53,0
DA:56,0
DA:57,0
DA:59,1
LF:37
LH:24
BRDA:2,0,0,1
BRDA:2,0,1,1
BRDA:2,0,2,1
BRDA:2,1,0,1
BRDA:2,1,1,0
BRDA:3,2,0,6
BRDA:3,2,1,0
BRDA:5,3,0,6
BRDA:5,3,1,0
BRDA:5,4,0,6
BRDA:5,4,1,6
BRDA:5,5,0,0
BRDA:5,5,1,6
BRDA:5,6,0,6
BRDA:5,6,1,0
BRDA:10,7,0,0
BRDA:10,7,1,0
BRDA:13,8,0,1
BRDA:13,8,1,1
BRDA:13,8,2,1
BRDA:13,9,0,1
BRDA:13,9,1,0
BRDA:18,10,0,1
BRDA:18,10,1,1
BRDA:18,10,2,1
BRDA:19,11,0,0
BRDA:19,11,1,1
BRDA:19,12,0,1
BRDA:19,12,1,1
BRDA:21,13,0,1
BRDA:21,13,1,0
BRDA:21,14,0,6
BRDA:21,14,1,0
BRDA:21,15,0,6
BRDA:21,15,1,6
BRDA:25,16,0,1
BRDA:25,16,1,1
BRDA:25,16,2,1
BRDA:26,17,0,0
BRDA:26,17,1,1
BRDA:26,18,0,1
BRDA:26,18,1,1
BRF:42
BRH:30
end_of_record
TN:
SF:dist\src\repositories\TransactionRepository.js
FN:2,(anonymous_0)
FN:8,(anonymous_1)
FN:9,adopt
FN:9,(anonymous_3)
FN:10,(anonymous_4)
FN:11,fulfilled
FN:12,rejected
FN:13,step
FN:21,(anonymous_8)
FN:22,(anonymous_9)
FN:32,(anonymous_10)
FN:33,(anonymous_11)
FNF:12
FNH:1
FNDA:2,(anonymous_0)
FNDA:0,(anonymous_1)
FNDA:0,adopt
FNDA:0,(anonymous_3)
FNDA:0,(anonymous_4)
FNDA:0,fulfilled
FNDA:0,rejected
FNDA:0,step
FNDA:0,(anonymous_8)
FNDA:0,(anonymous_9)
FNDA:0,(anonymous_10)
FNDA:0,(anonymous_11)
DA:2,2
DA:3,2
DA:4,2
DA:5,2
DA:6,2
DA:8,2
DA:9,0
DA:10,0
DA:11,0
DA:12,0
DA:13,0
DA:14,0
DA:17,2
DA:18,2
DA:19,2
DA:20,2
DA:22,0
DA:23,0
DA:33,0
DA:34,0
DA:38,2
DA:41,2
LF:22
LH:12
BRDA:2,0,0,2
BRDA:2,0,1,2
BRDA:2,0,2,2
BRDA:3,1,0,2
BRDA:3,1,1,0
BRDA:3,2,0,0
BRDA:3,2,1,0
BRDA:4,3,0,0
BRDA:4,3,1,2
BRDA:4,4,0,2
BRDA:4,4,1,2
BRDA:5,5,0,2
BRDA:5,5,1,0
BRDA:5,6,0,2
BRDA:5,6,1,2
BRDA:5,7,0,2
BRDA:5,7,1,0
BRDA:5,8,0,0
BRDA:5,8,1,0
BRDA:6,9,0,2
BRDA:6,9,1,0
BRDA:6,9,2,0
BRDA:8,10,0,2
BRDA:8,10,1,2
BRDA:8,10,2,2
BRDA:9,11,0,0
BRDA:9,11,1,0
BRDA:10,12,0,0
BRDA:10,12,1,0
BRDA:13,13,0,0
BRDA:13,13,1,0
BRDA:14,14,0,0
BRDA:14,14,1,0
BRF:33
BRH:15
end_of_record
TN:
SF:dist\src\repositories\UserRepository.js
FN:2,(anonymous_0)
FN:8,(anonymous_1)
FN:9,adopt
FN:9,(anonymous_3)
FN:10,(anonymous_4)
FN:11,fulfilled
FN:12,rejected
FN:13,step
FN:21,(anonymous_8)
FN:22,(anonymous_9)
FN:26,(anonymous_10)
FN:27,(anonymous_11)
FN:36,(anonymous_12)
FN:37,(anonymous_13)
FN:41,(anonymous_14)
FN:42,(anonymous_15)
FNF:16
FNH:9
FNDA:2,(anonymous_0)
FNDA:2,(anonymous_1)
FNDA:2,adopt
FNDA:2,(anonymous_3)
FNDA:2,(anonymous_4)
FNDA:2,fulfilled
FNDA:0,rejected
FNDA:4,step
FNDA:0,(anonymous_8)
FNDA:0,(anonymous_9)
FNDA:0,(anonymous_10)
FNDA:0,(anonymous_11)
FNDA:2,(anonymous_12)
FNDA:2,(anonymous_13)
FNDA:0,(anonymous_14)
FNDA:0,(anonymous_15)
DA:2,2
DA:3,2
DA:4,2
DA:5,2
DA:6,2
DA:8,2
DA:9,2
DA:10,2
DA:11,2
DA:12,0
DA:13,4
DA:14,2
DA:17,2
DA:18,2
DA:19,2
DA:20,2
DA:22,0
DA:23,0
DA:27,0
DA:28,0
DA:37,2
DA:38,2
DA:42,0
DA:43,0
DA:47,2
DA:50,2
LF:26
LH:19
BRDA:2,0,0,2
BRDA:2,0,1,2
BRDA:2,0,2,2
BRDA:3,1,0,2
BRDA:3,1,1,0
BRDA:3,2,0,0
BRDA:3,2,1,0
BRDA:4,3,0,0
BRDA:4,3,1,2
BRDA:4,4,0,2
BRDA:4,4,1,2
BRDA:5,5,0,2
BRDA:5,5,1,0
BRDA:5,6,0,2
BRDA:5,6,1,2
BRDA:5,7,0,2
BRDA:5,7,1,0
BRDA:5,8,0,0
BRDA:5,8,1,0
BRDA:6,9,0,2
BRDA:6,9,1,0
BRDA:6,9,2,0
BRDA:8,10,0,2
BRDA:8,10,1,2
BRDA:8,10,2,2
BRDA:9,11,0,0
BRDA:9,11,1,2
BRDA:10,12,0,2
BRDA:10,12,1,2
BRDA:13,13,0,2
BRDA:13,13,1,2
BRDA:14,14,0,2
BRDA:14,14,1,2
BRF:33
BRH:22
end_of_record
TN:
SF:dist\src\repositories\WalletRepository.js
FN:2,(anonymous_0)
FN:8,(anonymous_1)
FN:9,adopt
FN:9,(anonymous_3)
FN:10,(anonymous_4)
FN:11,fulfilled
FN:12,rejected
FN:13,step
FN:21,(anonymous_8)
FN:22,(anonymous_9)
FN:30,(anonymous_10)
FN:31,(anonymous_11)
FN:35,(anonymous_12)
FN:36,(anonymous_13)
FN:40,(anonymous_14)
FN:41,(anonymous_15)
FNF:16
FNH:1
FNDA:2,(anonymous_0)
FNDA:0,(anonymous_1)
FNDA:0,adopt
FNDA:0,(anonymous_3)
FNDA:0,(anonymous_4)
FNDA:0,fulfilled
FNDA:0,rejected
FNDA:0,step
FNDA:0,(anonymous_8)
FNDA:0,(anonymous_9)
FNDA:0,(anonymous_10)
FNDA:0,(anonymous_11)
FNDA:0,(anonymous_12)
FNDA:0,(anonymous_13)
FNDA:0,(anonymous_14)
FNDA:0,(anonymous_15)
DA:2,2
DA:3,2
DA:4,2
DA:5,2
DA:6,2
DA:8,2
DA:9,0
DA:10,0
DA:11,0
DA:12,0
DA:13,0
DA:14,0
DA:17,2
DA:18,2
DA:19,2
DA:20,2
DA:22,0
DA:23,0
DA:31,0
DA:32,0
DA:36,0
DA:37,0
DA:41,0
DA:42,0
DA:46,2
DA:49,2
LF:26
LH:12
BRDA:2,0,0,2
BRDA:2,0,1,2
BRDA:2,0,2,2
BRDA:3,1,0,2
BRDA:3,1,1,0
BRDA:3,2,0,0
BRDA:3,2,1,0
BRDA:4,3,0,0
BRDA:4,3,1,2
BRDA:4,4,0,2
BRDA:4,4,1,2
BRDA:5,5,0,2
BRDA:5,5,1,0
BRDA:5,6,0,2
BRDA:5,6,1,2
BRDA:5,7,0,2
BRDA:5,7,1,0
BRDA:5,8,0,0
BRDA:5,8,1,0
BRDA:6,9,0,2
BRDA:6,9,1,0
BRDA:6,9,2,0
BRDA:8,10,0,2
BRDA:8,10,1,2
BRDA:8,10,2,2
BRDA:9,11,0,0
BRDA:9,11,1,0
BRDA:10,12,0,0
BRDA:10,12,1,0
BRDA:13,13,0,0
BRDA:13,13,1,0
BRDA:14,14,0,0
BRDA:14,14,1,0
BRF:33
BRH:15
end_of_record
TN:
SF:dist\src\routes\AccountRouter.js
FN:2,(anonymous_0)
FN:3,adopt
FN:3,(anonymous_2)
FN:4,(anonymous_3)
FN:5,fulfilled
FN:6,rejected
FN:7,step
FN:11,(anonymous_7)
FN:22,(anonymous_8)
FN:22,(anonymous_9)
FN:23,(anonymous_10)
FN:23,(anonymous_11)
FN:24,(anonymous_12)
FN:24,(anonymous_13)
FN:25,(anonymous_14)
FN:25,(anonymous_15)
FN:26,(anonymous_16)
FN:26,(anonymous_17)
FNF:18
FNH:1
FNDA:0,(anonymous_0)
FNDA:0,adopt
FNDA:0,(anonymous_2)
FNDA:0,(anonymous_3)
FNDA:0,fulfilled
FNDA:0,rejected
FNDA:0,step
FNDA:2,(anonymous_7)
FNDA:0,(anonymous_8)
FNDA:0,(anonymous_9)
FNDA:0,(anonymous_10)
FNDA:0,(anonymous_11)
FNDA:0,(anonymous_12)
FNDA:0,(anonymous_13)
FNDA:0,(anonymous_14)
FNDA:0,(anonymous_15)
FNDA:0,(anonymous_16)
FNDA:0,(anonymous_17)
DA:2,1
DA:3,0
DA:4,0
DA:5,0
DA:6,0
DA:7,0
DA:8,0
DA:11,1
DA:12,2
DA:14,1
DA:15,1
DA:16,1
DA:17,1
DA:18,1
DA:19,1
DA:21,1
DA:22,1
DA:23,1
DA:24,1
DA:25,1
DA:26,1
LF:21
LH:15
BRDA:2,0,0,1
BRDA:2,0,1,1
BRDA:2,0,2,1
BRDA:3,1,0,0
BRDA:3,1,1,0
BRDA:4,2,0,0
BRDA:4,2,1,0
BRDA:7,3,0,0
BRDA:7,3,1,0
BRDA:8,4,0,0
BRDA:8,4,1,0
BRDA:11,5,0,1
BRDA:11,5,1,1
BRDA:11,5,2,1
BRDA:12,6,0,1
BRDA:12,6,1,1
BRDA:12,7,0,2
BRDA:12,7,1,2
BRF:18
BRH:10
end_of_record
TN:
SF:dist\src\routes\DefaultRouter.js
FN:6,(anonymous_0)
FNF:1
FNH:1
FNDA:1,(anonymous_0)
DA:2,1
DA:3,1
DA:4,1
DA:5,1
DA:6,1
DA:7,1
LF:6
LH:6
BRF:0
BRH:0
end_of_record
TN:
SF:dist\src\routes\index.js
FN:2,(anonymous_0)
FNF:1
FNH:1
FNDA:1,(anonymous_0)
DA:2,1
DA:3,1
DA:5,1
DA:6,1
DA:7,1
DA:8,1
DA:9,1
DA:10,1
DA:11,1
DA:12,1
LF:10
LH:10
BRDA:2,0,0,1
BRDA:2,0,1,1
BRDA:2,0,2,1
BRDA:3,1,0,0
BRDA:3,1,1,1
BRDA:3,2,0,1
BRDA:3,2,1,1
BRF:7
BRH:6
end_of_record
TN:
SF:dist\src\services\AccountService.js
FN:2,(anonymous_0)
FN:3,adopt
FN:3,(anonymous_2)
FN:4,(anonymous_3)
FN:5,fulfilled
FN:6,rejected
FN:7,step
FN:11,(anonymous_7)
FN:24,(anonymous_8)
FN:25,(anonymous_9)
FN:43,(anonymous_10)
FN:44,(anonymous_11)
FN:49,(anonymous_12)
FN:50,(anonymous_13)
FN:62,(anonymous_14)
FN:63,(anonymous_15)
FN:73,(anonymous_16)
FN:74,(anonymous_17)
FN:86,(anonymous_18)
FN:87,(anonymous_19)
FN:105,(anonymous_20)
FN:106,(anonymous_21)
FNF:22
FNH:8
FNDA:2,(anonymous_0)
FNDA:2,adopt
FNDA:0,(anonymous_2)
FNDA:2,(anonymous_3)
FNDA:2,fulfilled
FNDA:0,rejected
FNDA:4,step
FNDA:6,(anonymous_7)
FNDA:0,(anonymous_8)
FNDA:0,(anonymous_9)
FNDA:2,(anonymous_10)
FNDA:2,(anonymous_11)
FNDA:0,(anonymous_12)
FNDA:0,(anonymous_13)
FNDA:0,(anonymous_14)
FNDA:0,(anonymous_15)
FNDA:0,(anonymous_16)
FNDA:0,(anonymous_17)
FNDA:0,(anonymous_18)
FNDA:0,(anonymous_19)
FNDA:0,(anonymous_20)
FNDA:0,(anonymous_21)
DA:2,2
DA:3,2
DA:4,2
DA:5,2
DA:6,0
DA:7,4
DA:8,2
DA:11,2
DA:12,6
DA:14,2
DA:15,2
DA:16,2
DA:17,2
DA:18,2
DA:19,2
DA:20,2
DA:21,2
DA:25,0
DA:26,0
DA:27,0
DA:28,0
DA:29,0
DA:35,0
DA:36,0
DA:37,0
DA:40,0
DA:44,2
DA:45,2
DA:46,2
DA:50,0
DA:51,0
DA:52,0
DA:53,0
DA:54,0
DA:55,0
DA:56,0
DA:57,0
DA:59,0
DA:63,0
DA:64,0
DA:65,0
DA:66,0
DA:67,0
DA:68,0
DA:74,0
DA:75,0
DA:76,0
DA:77,0
DA:78,0
DA:79,0
DA:80,0
DA:81,0
DA:83,0
DA:87,0
DA:88,0
DA:89,0
DA:90,0
DA:93,0
DA:94,0
DA:95,0
DA:96,0
DA:97,0
DA:98,0
DA:102,0
DA:106,0
DA:107,0
DA:108,0
DA:109,0
DA:110,0
DA:115,0
DA:119,2
LF:71
LH:20
BRDA:2,0,0,2
BRDA:2,0,1,2
BRDA:2,0,2,2
BRDA:3,1,0,2
BRDA:3,1,1,0
BRDA:4,2,0,2
BRDA:4,2,1,2
BRDA:7,3,0,2
BRDA:7,3,1,2
BRDA:8,4,0,2
BRDA:8,4,1,2
BRDA:11,5,0,2
BRDA:11,5,1,2
BRDA:11,5,2,2
BRDA:12,6,0,6
BRDA:12,6,1,0
BRDA:12,7,0,6
BRDA:12,7,1,6
BRDA:27,8,0,0
BRDA:27,8,1,0
BRDA:27,9,0,0
BRDA:27,9,1,0
BRDA:36,10,0,0
BRDA:36,10,1,0
BRDA:36,11,0,0
BRDA:36,11,1,0
BRDA:54,12,0,0
BRDA:54,12,1,0
BRDA:65,13,0,0
BRDA:65,13,1,0
BRDA:65,14,0,0
BRDA:65,14,1,0
BRDA:67,15,0,0
BRDA:67,15,1,0
BRDA:67,16,0,0
BRDA:67,16,1,0
BRDA:78,17,0,0
BRDA:78,17,1,0
BRDA:97,18,0,0
BRDA:97,18,1,0
BRDA:97,19,0,0
BRDA:97,19,1,0
BRDA:108,20,0,0
BRDA:108,20,1,0
BRDA:108,21,0,0
BRDA:108,21,1,0
BRF:46
BRH:16
end_of_record
TN:
SF:dist\src\services\TransactionService.js
FN:2,(anonymous_0)
FN:8,(anonymous_1)
FN:9,adopt
FN:9,(anonymous_3)
FN:10,(anonymous_4)
FN:11,fulfilled
FN:12,rejected
FN:13,step
FN:17,(anonymous_8)
FN:37,(anonymous_9)
FN:38,(anonymous_10)
FN:69,(anonymous_11)
FN:70,(anonymous_12)
FN:114,(anonymous_13)
FN:115,(anonymous_14)
FN:119,(anonymous_15)
FN:120,(anonymous_16)
FN:139,(anonymous_17)
FNF:18
FNH:2
FNDA:2,(anonymous_0)
FNDA:0,(anonymous_1)
FNDA:0,adopt
FNDA:0,(anonymous_3)
FNDA:0,(anonymous_4)
FNDA:0,fulfilled
FNDA:0,rejected
FNDA:0,step
FNDA:10,(anonymous_8)
FNDA:0,(anonymous_9)
FNDA:0,(anonymous_10)
FNDA:0,(anonymous_11)
FNDA:0,(anonymous_12)
FNDA:0,(anonymous_13)
FNDA:0,(anonymous_14)
FNDA:0,(anonymous_15)
FNDA:0,(anonymous_16)
FNDA:0,(anonymous_17)
DA:2,2
DA:3,2
DA:4,2
DA:5,2
DA:6,2
DA:8,2
DA:9,0
DA:10,0
DA:11,0
DA:12,0
DA:13,0
DA:14,0
DA:17,2
DA:18,10
DA:20,2
DA:21,2
DA:22,2
DA:23,2
DA:24,2
DA:25,2
DA:26,2
DA:27,2
DA:28,2
DA:29,2
DA:30,2
DA:31,2
DA:32,2
DA:33,2
DA:34,2
DA:35,2
DA:38,0
DA:39,0
DA:40,0
DA:47,0
DA:50,0
DA:51,0
DA:56,0
DA:62,0
DA:70,0
DA:71,0
DA:72,0
DA:86,0
DA:89,0
DA:90,0
DA:95,0
DA:96,0
DA:97,0
DA:98,0
DA:105,0
DA:106,0
DA:110,0
DA:115,0
DA:116,0
DA:120,0
DA:121,0
DA:122,0
DA:126,0
DA:127,0
DA:132,0
DA:135,0
DA:140,0
DA:141,0
DA:142,0
DA:143,0
DA:144,0
DA:145,0
DA:146,0
DA:149,2
DA:152,2
LF:69
LH:26
BRDA:2,0,0,2
BRDA:2,0,1,2
BRDA:2,0,2,2
BRDA:3,1,0,2
BRDA:3,1,1,0
BRDA:3,2,0,0
BRDA:3,2,1,0
BRDA:4,3,0,0
BRDA:4,3,1,2
BRDA:4,4,0,2
BRDA:4,4,1,2
BRDA:5,5,0,2
BRDA:5,5,1,0
BRDA:5,6,0,2
BRDA:5,6,1,2
BRDA:5,7,0,2
BRDA:5,7,1,0
BRDA:5,8,0,0
BRDA:5,8,1,0
BRDA:6,9,0,2
BRDA:6,9,1,0
BRDA:6,9,2,0
BRDA:8,10,0,2
BRDA:8,10,1,2
BRDA:8,10,2,2
BRDA:9,11,0,0
BRDA:9,11,1,0
BRDA:10,12,0,0
BRDA:10,12,1,0
BRDA:13,13,0,0
BRDA:13,13,1,0
BRDA:14,14,0,0
BRDA:14,14,1,0
BRDA:17,15,0,2
BRDA:17,15,1,2
BRDA:17,15,2,2
BRDA:18,16,0,6
BRDA:18,16,1,4
BRDA:18,17,0,10
BRDA:18,17,1,10
BRDA:97,18,0,0
BRDA:97,18,1,0
BRF:42
BRH:22
end_of_record
TN:
SF:src\app.ts
FN:23,(anonymous_7)
FN:41,(anonymous_8)
FNF:2
FNH:1
FNDA:1,(anonymous_7)
FNDA:0,(anonymous_8)
DA:2,1
DA:4,1
DA:5,1
DA:6,1
DA:7,1
DA:9,1
DA:10,1
DA:13,1
DA:16,1
DA:23,1
DA:24,1
DA:25,1
DA:29,1
DA:33,1
DA:38,1
DA:41,1
DA:42,0
LF:17
LH:16
BRF:0
BRH:0
end_of_record
TN:
SF:src\controllers\AccountController.ts
FN:22,(anonymous_14)
FN:72,(anonymous_16)
FN:129,(anonymous_18)
FN:184,(anonymous_20)
FN:248,(anonymous_22)
FNF:5
FNH:0
FNDA:0,(anonymous_14)
FNDA:0,(anonymous_16)
FNDA:0,(anonymous_18)
FNDA:0,(anonymous_20)
FNDA:0,(anonymous_22)
DA:5,1
DA:6,1
DA:7,1
DA:8,1
DA:13,1
DA:14,1
DA:15,1
DA:18,1
DA:25,0
DA:27,0
DA:30,0
DA:32,0
DA:33,0
DA:38,0
DA:40,0
DA:47,0
DA:49,0
DA:50,0
DA:56,0
DA:63,0
DA:73,0
DA:75,0
DA:85,0
DA:87,0
DA:88,0
DA:93,0
DA:104,0
DA:106,0
DA:107,0
DA:113,0
DA:120,0
DA:131,0
DA:133,0
DA:135,0
DA:137,0
DA:138,0
DA:144,0
DA:146,0
DA:147,0
DA:152,0
DA:160,0
DA:162,0
DA:163,0
DA:169,0
DA:176,0
DA:186,0
DA:188,0
DA:191,0
DA:193,0
DA:194,0
DA:200,0
DA:202,0
DA:203,0
DA:209,0
DA:211,0
DA:212,0
DA:218,0
DA:224,0
DA:226,0
DA:227,0
DA:233,0
DA:240,0
DA:250,0
DA:251,0
DA:252,0
DA:253,0
DA:260,0
DA:261,0
DA:262,0
DA:263,0
DA:269,0
DA:271,0
DA:272,0
DA:278,0
DA:285,0
LF:75
LH:8
BRDA:27,0,0,0
BRDA:27,0,1,0
BRDA:27,1,0,0
BRDA:27,1,1,0
BRDA:27,1,2,0
BRDA:27,1,3,0
BRDA:32,2,0,0
BRDA:32,3,0,0
BRDA:32,3,1,0
BRDA:49,4,0,0
BRDA:49,4,1,0
BRDA:75,5,0,0
BRDA:75,5,1,0
BRDA:75,6,0,0
BRDA:75,6,1,0
BRDA:75,6,2,0
BRDA:75,6,3,0
BRDA:75,6,4,0
BRDA:75,6,5,0
BRDA:75,6,6,0
BRDA:75,6,7,0
BRDA:87,7,0,0
BRDA:87,8,0,0
BRDA:87,8,1,0
BRDA:106,9,0,0
BRDA:106,9,1,0
BRDA:133,10,0,0
BRDA:133,10,1,0
BRDA:133,11,0,0
BRDA:133,11,1,0
BRDA:133,11,2,0
BRDA:133,11,3,0
BRDA:133,11,4,0
BRDA:133,11,5,0
BRDA:137,12,0,0
BRDA:137,13,0,0
BRDA:137,13,1,0
BRDA:146,14,0,0
BRDA:146,15,0,0
BRDA:146,15,1,0
BRDA:162,16,0,0
BRDA:162,16,1,0
BRDA:188,17,0,0
BRDA:188,17,1,0
BRDA:188,18,0,0
BRDA:188,18,1,0
BRDA:188,18,2,0
BRDA:193,19,0,0
BRDA:193,20,0,0
BRDA:193,20,1,0
BRDA:202,21,0,0
BRDA:211,22,0,0
BRDA:211,23,0,0
BRDA:211,23,1,0
BRDA:226,24,0,0
BRDA:226,24,1,0
BRDA:252,25,0,0
BRDA:252,26,0,0
BRDA:252,26,1,0
BRDA:262,27,0,0
BRDA:262,28,0,0
BRDA:262,28,1,0
BRDA:271,29,0,0
BRF:63
BRH:0
end_of_record
TN:
SF:src\database\db.ts
FNF:0
FNH:0
DA:1,1
DA:2,1
DA:4,1
DA:6,1
LF:4
LH:4
BRF:0
BRH:0
end_of_record
TN:
SF:src\middlewares\Auth.ts
FN:9,(anonymous_7)
FNF:1
FNH:0
FNDA:0,(anonymous_7)
DA:2,1
DA:3,1
DA:4,1
DA:6,1
DA:9,1
DA:11,0
DA:16,0
DA:17,0
DA:18,0
DA:21,0
DA:25,0
DA:30,0
DA:31,0
DA:34,0
DA:37,0
LF:15
LH:5
BRF:0
BRH:0
end_of_record
TN:
SF:src\repositories\TransactionRepository.ts
FN:11,(anonymous_8)
FN:22,(anonymous_10)
FNF:2
FNH:0
FNDA:0,(anonymous_8)
FNDA:0,(anonymous_10)
DA:2,1
DA:3,1
DA:8,1
DA:13,0
DA:24,0
DA:30,1
LF:6
LH:4
BRF:0
BRH:0
end_of_record
TN:
SF:src\repositories\UserRepository.ts
FN:11,(anonymous_8)
FN:15,(anonymous_10)
FN:26,(anonymous_12)
FN:31,(anonymous_14)
FNF:4
FNH:0
FNDA:0,(anonymous_8)
FNDA:0,(anonymous_10)
FNDA:0,(anonymous_12)
FNDA:0,(anonymous_14)
DA:2,1
DA:4,1
DA:9,1
DA:12,0
DA:17,0
DA:27,0
DA:32,0
DA:37,1
LF:8
LH:4
BRF:0
BRH:0
end_of_record
TN:
SF:src\repositories\WalletRepository.ts
FN:11,(anonymous_8)
FN:19,(anonymous_10)
FN:23,(anonymous_12)
FN:27,(anonymous_14)
FNF:4
FNH:0
FNDA:0,(anonymous_8)
FNDA:0,(anonymous_10)
FNDA:0,(anonymous_12)
FNDA:0,(anonymous_14)
DA:2,1
DA:4,1
DA:8,1
DA:12,0
DA:20,0
DA:24,0
DA:28,0
DA:33,1
LF:8
LH:4
BRF:0
BRH:0
end_of_record
TN:
SF:src\routes\AccountRouter.ts
FN:13,(anonymous_8)
FN:13,(anonymous_9)
FN:14,(anonymous_10)
FN:14,(anonymous_11)
FN:15,(anonymous_12)
FN:15,(anonymous_13)
FN:16,(anonymous_14)
FN:16,(anonymous_15)
FN:17,(anonymous_16)
FN:17,(anonymous_17)
FNF:10
FNH:0
FNDA:0,(anonymous_8)
FNDA:0,(anonymous_9)
FNDA:0,(anonymous_10)
FNDA:0,(anonymous_11)
FNDA:0,(anonymous_12)
FNDA:0,(anonymous_13)
FNDA:0,(anonymous_14)
FNDA:0,(anonymous_15)
FNDA:0,(anonymous_16)
FNDA:0,(anonymous_17)
DA:2,1
DA:4,1
DA:5,1
DA:6,1
DA:10,1
DA:13,1
DA:14,1
DA:15,1
DA:16,1
DA:17,1
LF:10
LH:10
BRF:0
BRH:0
end_of_record
TN:
SF:src\routes\DefaultRouter.ts
FN:5,(anonymous_0)
FNF:1
FNH:1
FNDA:1,(anonymous_0)
DA:1,1
DA:3,1
DA:5,1
DA:6,1
LF:4
LH:4
BRF:0
BRH:0
end_of_record
TN:
SF:src\routes\index.ts
FNF:0
FNH:0
DA:1,1
DA:2,1
DA:3,1
DA:5,1
DA:7,1
DA:8,1
LF:6
LH:6
BRF:0
BRH:0
end_of_record
TN:
SF:src\services\AccountService.ts
FN:24,(anonymous_8)
FN:53,(anonymous_10)
FN:61,(anonymous_12)
FN:75,(anonymous_14)
FN:88,(anonymous_16)
FN:103,(anonymous_18)
FN:126,(anonymous_20)
FNF:7
FNH:0
FNDA:0,(anonymous_8)
FNDA:0,(anonymous_10)
FNDA:0,(anonymous_12)
FNDA:0,(anonymous_14)
FNDA:0,(anonymous_16)
FNDA:0,(anonymous_18)
FNDA:0,(anonymous_20)
DA:3,1
DA:5,1
DA:6,1
DA:7,1
DA:9,1
DA:11,1
DA:14,1
DA:20,1
DA:26,0
DA:28,0
DA:30,0
DA:32,0
DA:39,0
DA:41,0
DA:42,0
DA:47,0
DA:55,0
DA:56,0
DA:62,0
DA:63,0
DA:65,0
DA:66,0
DA:67,0
DA:68,0
DA:69,0
DA:71,0
DA:77,0
DA:79,0
DA:80,0
DA:81,0
DA:82,0
DA:90,0
DA:91,0
DA:92,0
DA:94,0
DA:95,0
DA:96,0
DA:97,0
DA:99,0
DA:104,0
DA:105,0
DA:106,0
DA:110,0
DA:111,0
DA:112,0
DA:113,0
DA:115,0
DA:116,0
DA:121,0
DA:127,0
DA:129,0
DA:131,0
DA:132,0
DA:138,0
LF:54
LH:8
BRDA:28,0,0,0
BRDA:28,1,0,0
BRDA:28,1,1,0
BRDA:41,2,0,0
BRDA:41,3,0,0
BRDA:41,3,1,0
BRDA:66,4,0,0
BRDA:79,5,0,0
BRDA:79,6,0,0
BRDA:79,6,1,0
BRDA:81,7,0,0
BRDA:81,8,0,0
BRDA:81,8,1,0
BRDA:94,9,0,0
BRDA:115,10,0,0
BRDA:115,11,0,0
BRDA:115,11,1,0
BRDA:129,12,0,0
BRDA:129,13,0,0
BRDA:129,13,1,0
BRF:20
BRH:0
end_of_record
TN:
SF:src\services\TransactionService.ts
FN:30,(anonymous_9)
FN:69,(anonymous_11)
FN:131,(anonymous_13)
FN:135,(anonymous_15)
FN:164,(anonymous_17)
FNF:5
FNH:0
FNDA:0,(anonymous_9)
FNDA:0,(anonymous_11)
FNDA:0,(anonymous_13)
FNDA:0,(anonymous_15)
FNDA:0,(anonymous_17)
DA:2,1
DA:3,1
DA:4,1
DA:5,1
DA:6,1
DA:8,1
DA:9,1
DA:10,1
DA:15,1
DA:17,1
DA:18,1
DA:19,1
DA:20,1
DA:21,1
DA:26,1
DA:31,0
DA:34,0
DA:41,0
DA:44,0
DA:45,0
DA:51,0
DA:58,0
DA:71,0
DA:73,0
DA:88,0
DA:91,0
DA:93,0
DA:98,0
DA:99,0
DA:101,0
DA:102,0
DA:111,0
DA:113,0
DA:124,0
DA:132,0
DA:136,0
DA:139,0
DA:144,0
DA:145,0
DA:150,0
DA:156,0
DA:165,0
DA:166,0
DA:170,0
DA:171,0
DA:172,0
DA:173,0
DA:174,0
DA:179,1
LF:49
LH:16
BRDA:101,0,0,0
BRF:1
BRH:0
end_of_record
